#
# There is insufficient memory for the Java Runtime Environment to continue.
# Native memory allocation (mmap) failed to map 346030080 bytes for G1 virtual space
# Possible reasons:
#   The system is out of physical RAM or swap space
#   The process is running with CompressedOops enabled, and the Java Heap may be blocking the growth of the native heap
# Possible solutions:
#   Reduce memory load on the system
#   Increase physical memory or swap space
#   Check if swap backing store is full
#   Decrease Java heap size (-Xmx/-Xms)
#   Decrease number of Java threads
#   Decrease Java thread stack sizes (-Xss)
#   Set larger code cache with -XX:ReservedCodeCacheSize=
#   JVM is running with Zero Based Compressed Oops mode in which the Java heap is
#     placed in the first 32GB address space. The Java Heap base address is the
#     maximum limit for the native heap growth. Please use -XX:HeapBaseMinAddress
#     to set the Java Heap base and to place the Java Heap above 32GB virtual address.
# This output file may be truncated or incomplete.
#
#  Out of Memory Error (os_windows.cpp:3541), pid=20844, tid=4508
#
# JRE version: OpenJDK Runtime Environment Temurin-17.0.4.1+1 (17.0.4.1+1) (build 17.0.4.1+1)
# Java VM: OpenJDK 64-Bit Server VM Temurin-17.0.4.1+1 (17.0.4.1+1, mixed mode, emulated-client, tiered, compressed oops, compressed class ptrs, g1 gc, windows-amd64)
# No core dump will be written. Minidumps are not enabled by default on client versions of Windows
#

---------------  S U M M A R Y ------------

Command Line: -Dsts.lsp.client=vscode -Dsts.log.file=/dev/null -XX:TieredStopAtLevel=1 -Xlog:jni+resolve=off -Dspring.config.location=file:c:\Users\AK59584\.vscode\extensions\pivotal.vscode-spring-boot-1.40.0\language-server\BOOT-INF\classes\application.properties org.springframework.ide.vscode.boot.app.BootLanguageServerBootApp

Host: Intel(R) Core(TM) i5-10210U CPU @ 1.60GHz, 8 cores, 15G,  Windows 10 , 64 bit Build 19041 (10.0.19041.1889)
Time: Thu Nov 24 16:52:59 2022 India Standard Time elapsed time: 17.415100 seconds (0d 0h 0m 17s)

---------------  T H R E A D  ---------------

Current thread (0x00000230b984ca20):  VMThread "VM Thread" [stack: 0x000000d204c00000,0x000000d204d00000] [id=4508]

Stack: [0x000000d204c00000,0x000000d204d00000]
Native frames: (J=compiled Java code, j=interpreted, Vv=VM code, C=native code)
V  [jvm.dll+0x67731a]
V  [jvm.dll+0x832284]
V  [jvm.dll+0x833a2e]
V  [jvm.dll+0x834093]
V  [jvm.dll+0x245775]
V  [jvm.dll+0x674209]
V  [jvm.dll+0x668a92]
V  [jvm.dll+0x30471b]
V  [jvm.dll+0x30bc66]
V  [jvm.dll+0x35ba9e]
V  [jvm.dll+0x35bccf]
V  [jvm.dll+0x2db5b8]
V  [jvm.dll+0x2d986c]
V  [jvm.dll+0x2d8e3c]
V  [jvm.dll+0x31cd9b]
V  [jvm.dll+0x83853b]
V  [jvm.dll+0x839274]
V  [jvm.dll+0x83978c]
V  [jvm.dll+0x839b64]
V  [jvm.dll+0x839c30]
V  [jvm.dll+0x7e240a]
V  [jvm.dll+0x6761a5]
C  [ucrtbase.dll+0x21bb2]
C  [KERNEL32.DLL+0x17034]
C  [ntdll.dll+0x526a1]

VM_Operation (0x000000d2079fdce0): G1CollectForAllocation, mode: safepoint, requested by thread 0x00000230bb9cd830


---------------  P R O C E S S  ---------------

Threads class SMR info:
_java_thread_list=0x00000230bbd03c00, length=39, elements={
0x00000230b987fb80, 0x00000230b9882910, 0x00000230b9871290, 0x00000230b98b6410,
0x00000230b98b7470, 0x00000230b98b7d30, 0x00000230a4fd46e0, 0x00000230b98e34f0,
0x00000230a4fd5610, 0x00000230a4fd6540, 0x00000230b9abd170, 0x00000230b9ad11c0,
0x00000230bb4b24f0, 0x00000230bb565d30, 0x00000230bb566200, 0x00000230a797c060,
0x00000230bb6f9af0, 0x00000230babb9880, 0x00000230baba2a20, 0x00000230ba9fe650,
0x00000230bb4403b0, 0x00000230bb440880, 0x00000230bb43f070, 0x00000230bb43f540,
0x00000230bb9ca340, 0x00000230bb9c9000, 0x00000230bb9cbb50, 0x00000230bb9c77f0,
0x00000230bb9c94d0, 0x00000230bb9cce90, 0x00000230bb9c6e50, 0x00000230bb9cb680,
0x00000230bb9cc020, 0x00000230bb9cd360, 0x00000230bb9ca810, 0x00000230bb9cd830,
0x00000230bb9cc9c0, 0x00000230bb9c8660, 0x00000230bb9cdd00
}

Java Threads: ( => current thread )
  0x00000230b987fb80 JavaThread "Reference Handler" daemon [_thread_blocked, id=33200, stack(0x000000d204d00000,0x000000d204e00000)]
  0x00000230b9882910 JavaThread "Finalizer" daemon [_thread_blocked, id=23144, stack(0x000000d204e00000,0x000000d204f00000)]
  0x00000230b9871290 JavaThread "Signal Dispatcher" daemon [_thread_blocked, id=10136, stack(0x000000d204f00000,0x000000d205000000)]
  0x00000230b98b6410 JavaThread "Attach Listener" daemon [_thread_blocked, id=26520, stack(0x000000d205000000,0x000000d205100000)]
  0x00000230b98b7470 JavaThread "Service Thread" daemon [_thread_blocked, id=35712, stack(0x000000d205100000,0x000000d205200000)]
  0x00000230b98b7d30 JavaThread "Monitor Deflation Thread" daemon [_thread_blocked, id=24840, stack(0x000000d205200000,0x000000d205300000)]
  0x00000230a4fd46e0 JavaThread "C1 CompilerThread0" daemon [_thread_blocked, id=40908, stack(0x000000d205300000,0x000000d205400000)]
  0x00000230b98e34f0 JavaThread "Sweeper thread" daemon [_thread_blocked, id=28472, stack(0x000000d205400000,0x000000d205500000)]
  0x00000230a4fd5610 JavaThread "C1 CompilerThread1" daemon [_thread_blocked, id=18944, stack(0x000000d205500000,0x000000d205600000)]
  0x00000230a4fd6540 JavaThread "C1 CompilerThread2" daemon [_thread_blocked, id=27012, stack(0x000000d205600000,0x000000d205700000)]
  0x00000230b9abd170 JavaThread "Notification Thread" daemon [_thread_blocked, id=40492, stack(0x000000d205700000,0x000000d205800000)]
  0x00000230b9ad11c0 JavaThread "Common-Cleaner" daemon [_thread_blocked, id=3816, stack(0x000000d205900000,0x000000d205a00000)]
  0x00000230bb4b24f0 JavaThread "boundedElastic-evictor-1" daemon [_thread_blocked, id=17820, stack(0x000000d206200000,0x000000d206300000)]
  0x00000230bb565d30 JavaThread "pool-9-thread-1" [_thread_blocked, id=34792, stack(0x000000d206400000,0x000000d206500000)]
  0x00000230bb566200 JavaThread "LanguageServerApp-lifecycle" [_thread_blocked, id=28528, stack(0x000000d206500000,0x000000d206600000)]
  0x00000230a797c060 JavaThread "DestroyJavaVM" [_thread_blocked, id=40896, stack(0x000000d204600000,0x000000d204700000)]
  0x00000230bb6f9af0 JavaThread "pool-10-thread-1" [_thread_in_native, id=19644, stack(0x000000d206600000,0x000000d206700000)]
  0x00000230babb9880 JavaThread "Simple-Language-Server main thread" daemon [_thread_blocked, id=22976, stack(0x000000d206700000,0x000000d206800000)]
  0x00000230baba2a20 JavaThread "ForkJoinPool.commonPool-worker-1" daemon [_thread_blocked, id=37152, stack(0x000000d206800000,0x000000d206900000)]
  0x00000230ba9fe650 JavaThread "parallel-1" daemon [_thread_blocked, id=25320, stack(0x000000d206900000,0x000000d206a00000)]
  0x00000230bb4403b0 JavaThread "Reconciler-1" daemon [_thread_blocked, id=23372, stack(0x000000d206a00000,0x000000d206b00000)]
  0x00000230bb440880 JavaThread "parallel-2" daemon [_thread_blocked, id=30540, stack(0x000000d206b00000,0x000000d206c00000)]
  0x00000230bb43f070 JavaThread "ClassGraph-worker-0" daemon [_thread_blocked, id=18196, stack(0x000000d206c00000,0x000000d206d00000)]
  0x00000230bb43f540 JavaThread "ClassGraph-worker-1" daemon [_thread_blocked, id=2568, stack(0x000000d206d00000,0x000000d206e00000)]
  0x00000230bb9ca340 JavaThread "ClassGraph-worker-2" daemon [_thread_blocked, id=30580, stack(0x000000d206e00000,0x000000d206f00000)]
  0x00000230bb9c9000 JavaThread "ClassGraph-worker-3" daemon [_thread_blocked, id=3972, stack(0x000000d206f00000,0x000000d207000000)]
  0x00000230bb9cbb50 JavaThread "ClassGraph-worker-4" daemon [_thread_blocked, id=12732, stack(0x000000d207000000,0x000000d207100000)]
  0x00000230bb9c77f0 JavaThread "ClassGraph-worker-5" daemon [_thread_blocked, id=26596, stack(0x000000d207100000,0x000000d207200000)]
  0x00000230bb9c94d0 JavaThread "ClassGraph-worker-6" daemon [_thread_blocked, id=21172, stack(0x000000d207200000,0x000000d207300000)]
  0x00000230bb9cce90 JavaThread "ClassGraph-worker-7" daemon [_thread_blocked, id=20980, stack(0x000000d207300000,0x000000d207400000)]
  0x00000230bb9c6e50 JavaThread "ClassGraph-worker-8" daemon [_thread_blocked, id=20196, stack(0x000000d207400000,0x000000d207500000)]
  0x00000230bb9cb680 JavaThread "ClassGraph-worker-9" daemon [_thread_blocked, id=16824, stack(0x000000d207500000,0x000000d207600000)]
  0x00000230bb9cc020 JavaThread "ClassGraph-worker-10" daemon [_thread_blocked, id=31664, stack(0x000000d207600000,0x000000d207700000)]
  0x00000230bb9cd360 JavaThread "ClassGraph-worker-11" daemon [_thread_blocked, id=36484, stack(0x000000d207700000,0x000000d207800000)]
  0x00000230bb9ca810 JavaThread "ClassGraph-worker-12" daemon [_thread_blocked, id=36788, stack(0x000000d207800000,0x000000d207900000)]
  0x00000230bb9cd830 JavaThread "ClassGraph-worker-13" daemon [_thread_blocked, id=31684, stack(0x000000d207900000,0x000000d207a00000)]
  0x00000230bb9cc9c0 JavaThread "pool-5-thread-1" [_thread_blocked, id=16344, stack(0x000000d207b00000,0x000000d207c00000)]
  0x00000230bb9c8660 JavaThread "parallel-3" daemon [_thread_blocked, id=38744, stack(0x000000d207c00000,0x000000d207d00000)]
  0x00000230bb9cdd00 JavaThread "Project-Reconciler-1" daemon [_thread_blocked, id=29332, stack(0x000000d207d00000,0x000000d207e00000)]

Other Threads:
=>0x00000230b984ca20 VMThread "VM Thread" [stack: 0x000000d204c00000,0x000000d204d00000] [id=4508]
  0x00000230a4fc19d0 WatcherThread [stack: 0x000000d205800000,0x000000d205900000] [id=6896]
  0x00000230ad6c0a70 GCTaskThread "GC Thread#0" [stack: 0x000000d204700000,0x000000d204800000] [id=29288]
  0x00000230bacf5fd0 GCTaskThread "GC Thread#1" [stack: 0x000000d205b00000,0x000000d205c00000] [id=39592]
  0x00000230baed3490 GCTaskThread "GC Thread#2" [stack: 0x000000d205c00000,0x000000d205d00000] [id=32928]
  0x00000230baed3740 GCTaskThread "GC Thread#3" [stack: 0x000000d205d00000,0x000000d205e00000] [id=33772]
  0x00000230baed39f0 GCTaskThread "GC Thread#4" [stack: 0x000000d205e00000,0x000000d205f00000] [id=40004]
  0x00000230baed3ca0 GCTaskThread "GC Thread#5" [stack: 0x000000d205f00000,0x000000d206000000] [id=22668]
  0x00000230bb0f9a50 GCTaskThread "GC Thread#6" [stack: 0x000000d206000000,0x000000d206100000] [id=29392]
  0x00000230bb0f9d00 GCTaskThread "GC Thread#7" [stack: 0x000000d206100000,0x000000d206200000] [id=33960]
  0x00000230ad6cccc0 ConcurrentGCThread "G1 Main Marker" [stack: 0x000000d204800000,0x000000d204900000] [id=30124]
  0x00000230a79aeca0 ConcurrentGCThread "G1 Conc#0" [stack: 0x000000d204900000,0x000000d204a00000] [id=38824]
  0x00000230bb2f6c90 ConcurrentGCThread "G1 Conc#1" [stack: 0x000000d206300000,0x000000d206400000] [id=27852]
  0x00000230ad79d870 ConcurrentGCThread "G1 Refine#0" [stack: 0x000000d204a00000,0x000000d204b00000] [id=31076]
  0x00000230bbc18b50 ConcurrentGCThread "G1 Refine#1" [stack: 0x000000d207a00000,0x000000d207b00000] [id=40412]
  0x00000230ad79e1a0 ConcurrentGCThread "G1 Service" [stack: 0x000000d204b00000,0x000000d204c00000] [id=39032]

Threads with active compile tasks:

VM state: at safepoint (normal execution)

VM Mutex/Monitor currently owned by a thread:  ([mutex/lock_event])
[0x00000230a4fecb10] Threads_lock - owner thread: 0x00000230b984ca20
[0x00000230a4fefa70] Heap_lock - owner thread: 0x00000230bb9cd830

Heap address: 0x0000000703a00000, size: 4038 MB, Compressed Oops mode: Zero based, Oop shift amount: 3

CDS archive(s) not mapped
Compressed class space mapped at: 0x0000000800000000-0x0000000840000000, reserved size: 1073741824
Narrow klass base: 0x0000000800000000, Narrow klass shift: 0, Narrow klass range: 0x40000000

GC Precious Log:
 CPUs: 8 total, 8 available
 Memory: 16144M
 Large Page Support: Disabled
 NUMA Support: Disabled
 Compressed Oops: Enabled (Zero based)
 Heap Region Size: 2M
 Heap Min Capacity: 8M
 Heap Initial Capacity: 254M
 Heap Max Capacity: 4038M
 Pre-touch: Disabled
 Parallel Workers: 8
 Concurrent Workers: 2
 Concurrent Refinement Workers: 8
 Periodic GC: Disabled

Heap:
 garbage-first heap   total 337920K, used 99604K [0x0000000703a00000, 0x0000000800000000)
  region size 2048K, 8 young (16384K), 8 survivors (16384K)
 Metaspace       used 39145K, committed 39488K, reserved 1089536K
  class space    used 4971K, committed 5120K, reserved 1048576K

Heap Regions: E=young(eden), S=young(survivor), O=old, HS=humongous(starts), HC=humongous(continues), CS=collection set, F=free, OA=open archive, CA=closed archive, TAMS=top-at-mark-start (previous, next)
|   0|0x0000000703a00000, 0x0000000703c00000, 0x0000000703c00000|100%| O|  |TAMS 0x0000000703c00000, 0x0000000703a00000| Untracked 
|   1|0x0000000703c00000, 0x0000000703e00000, 0x0000000703e00000|100%| O|  |TAMS 0x0000000703e00000, 0x0000000703c00000| Untracked 
|   2|0x0000000703e00000, 0x0000000704000000, 0x0000000704000000|100%| O|  |TAMS 0x0000000704000000, 0x0000000703e00000| Untracked 
|   3|0x0000000704000000, 0x0000000704200000, 0x0000000704200000|100%| O|  |TAMS 0x0000000704000000, 0x0000000704000000| Untracked 
|   4|0x0000000704200000, 0x0000000704400000, 0x0000000704400000|100%| O|  |TAMS 0x0000000704400000, 0x0000000704200000| Untracked 
|   5|0x0000000704400000, 0x0000000704600000, 0x0000000704600000|100%| O|  |TAMS 0x0000000704600000, 0x0000000704400000| Untracked 
|   6|0x0000000704600000, 0x0000000704800000, 0x0000000704800000|100%| O|  |TAMS 0x0000000704800000, 0x0000000704600000| Untracked 
|   7|0x0000000704800000, 0x0000000704a00000, 0x0000000704a00000|100%| O|  |TAMS 0x0000000704865600, 0x0000000704800000| Untracked 
|   8|0x0000000704a00000, 0x0000000704c00000, 0x0000000704c00000|100%| O|  |TAMS 0x0000000704a00000, 0x0000000704a00000| Untracked 
|   9|0x0000000704c00000, 0x0000000704e00000, 0x0000000704e00000|100%| O|  |TAMS 0x0000000704c00000, 0x0000000704c00000| Untracked 
|  10|0x0000000704e00000, 0x0000000705000000, 0x0000000705000000|100%| O|  |TAMS 0x0000000704e00000, 0x0000000704e00000| Untracked 
|  11|0x0000000705000000, 0x0000000705200000, 0x0000000705200000|100%| O|  |TAMS 0x0000000705000000, 0x0000000705000000| Untracked 
|  12|0x0000000705200000, 0x0000000705400000, 0x0000000705400000|100%| O|  |TAMS 0x0000000705200000, 0x0000000705200000| Untracked 
|  13|0x0000000705400000, 0x0000000705600000, 0x0000000705600000|100%|HS|  |TAMS 0x0000000705400000, 0x0000000705400000| Complete 
|  14|0x0000000705600000, 0x0000000705800000, 0x0000000705800000|100%| O|  |TAMS 0x0000000705600000, 0x0000000705600000| Untracked 
|  15|0x0000000705800000, 0x0000000705a00000, 0x0000000705a00000|100%| O|  |TAMS 0x0000000705800000, 0x0000000705800000| Untracked 
|  16|0x0000000705a00000, 0x0000000705c00000, 0x0000000705c00000|100%| O|  |TAMS 0x0000000705a00000, 0x0000000705a00000| Untracked 
|  17|0x0000000705c00000, 0x0000000705e00000, 0x0000000705e00000|100%| O|  |TAMS 0x0000000705c00000, 0x0000000705c00000| Untracked 
|  18|0x0000000705e00000, 0x0000000706000000, 0x0000000706000000|100%| O|  |TAMS 0x0000000705e00000, 0x0000000705e00000| Untracked 
|  19|0x0000000706000000, 0x0000000706200000, 0x0000000706200000|100%| O|  |TAMS 0x0000000706000000, 0x0000000706000000| Untracked 
|  20|0x0000000706200000, 0x0000000706400000, 0x0000000706400000|100%| O|  |TAMS 0x0000000706200000, 0x0000000706200000| Untracked 
|  21|0x0000000706400000, 0x0000000706600000, 0x0000000706600000|100%| O|  |TAMS 0x0000000706400000, 0x0000000706400000| Untracked 
|  22|0x0000000706600000, 0x0000000706800000, 0x0000000706800000|100%| O|  |TAMS 0x0000000706600000, 0x0000000706600000| Untracked 
|  23|0x0000000706800000, 0x0000000706a00000, 0x0000000706a00000|100%| O|  |TAMS 0x0000000706800000, 0x0000000706800000| Untracked 
|  24|0x0000000706a00000, 0x0000000706c00000, 0x0000000706c00000|100%| O|  |TAMS 0x0000000706a00000, 0x0000000706a00000| Untracked 
|  25|0x0000000706c00000, 0x0000000706e00000, 0x0000000706e00000|100%| O|  |TAMS 0x0000000706c00000, 0x0000000706c00000| Untracked 
|  26|0x0000000706e00000, 0x0000000707000000, 0x0000000707000000|100%| O|  |TAMS 0x0000000706e00000, 0x0000000706e00000| Untracked 
|  27|0x0000000707000000, 0x0000000707200000, 0x0000000707200000|100%| O|  |TAMS 0x0000000707000000, 0x0000000707000000| Untracked 
|  28|0x0000000707200000, 0x0000000707400000, 0x0000000707400000|100%| O|  |TAMS 0x0000000707200000, 0x0000000707200000| Untracked 
|  29|0x0000000707400000, 0x0000000707600000, 0x0000000707600000|100%| O|  |TAMS 0x0000000707400000, 0x0000000707400000| Untracked 
|  30|0x0000000707600000, 0x0000000707800000, 0x0000000707800000|100%| O|  |TAMS 0x0000000707600000, 0x0000000707600000| Untracked 
|  31|0x0000000707800000, 0x0000000707a00000, 0x0000000707a00000|100%| O|  |TAMS 0x0000000707800000, 0x0000000707800000| Untracked 
|  32|0x0000000707a00000, 0x0000000707c00000, 0x0000000707c00000|100%| O|  |TAMS 0x0000000707a00000, 0x0000000707a00000| Untracked 
|  33|0x0000000707c00000, 0x0000000707e00000, 0x0000000707e00000|100%| O|  |TAMS 0x0000000707c00000, 0x0000000707c00000| Untracked 
|  34|0x0000000707e00000, 0x0000000708000000, 0x0000000708000000|100%| O|  |TAMS 0x0000000707e00000, 0x0000000707e00000| Untracked 
|  35|0x0000000708000000, 0x0000000708200000, 0x0000000708200000|100%| O|  |TAMS 0x0000000708000000, 0x0000000708000000| Untracked 
|  36|0x0000000708200000, 0x0000000708400000, 0x0000000708400000|100%| O|  |TAMS 0x0000000708200000, 0x0000000708200000| Untracked 
|  37|0x0000000708400000, 0x0000000708600000, 0x0000000708600000|100%| O|  |TAMS 0x0000000708400000, 0x0000000708400000| Untracked 
|  38|0x0000000708600000, 0x0000000708800000, 0x0000000708800000|100%| O|  |TAMS 0x0000000708600000, 0x0000000708600000| Untracked 
|  39|0x0000000708800000, 0x0000000708a00000, 0x0000000708a00000|100%| O|  |TAMS 0x0000000708800000, 0x0000000708800000| Untracked 
|  40|0x0000000708a00000, 0x0000000708c00000, 0x0000000708c00000|100%| O|  |TAMS 0x0000000708a00000, 0x0000000708a00000| Untracked 
|  41|0x0000000708c00000, 0x0000000708c00000, 0x0000000708e00000|  0%| F|  |TAMS 0x0000000708c00000, 0x0000000708c00000| Untracked 
|  42|0x0000000708e00000, 0x0000000708e00000, 0x0000000709000000|  0%| F|  |TAMS 0x0000000708e00000, 0x0000000708e00000| Untracked 
|  43|0x0000000709000000, 0x0000000709000000, 0x0000000709200000|  0%| F|  |TAMS 0x0000000709000000, 0x0000000709000000| Untracked 
|  44|0x0000000709200000, 0x0000000709200000, 0x0000000709400000|  0%| F|  |TAMS 0x0000000709200000, 0x0000000709200000| Untracked 
|  45|0x0000000709400000, 0x0000000709400000, 0x0000000709600000|  0%| F|  |TAMS 0x0000000709400000, 0x0000000709400000| Untracked 
|  46|0x0000000709600000, 0x0000000709600000, 0x0000000709800000|  0%| F|  |TAMS 0x0000000709600000, 0x0000000709600000| Untracked 
|  47|0x0000000709800000, 0x0000000709800000, 0x0000000709a00000|  0%| F|  |TAMS 0x0000000709800000, 0x0000000709800000| Untracked 
|  48|0x0000000709a00000, 0x0000000709a00000, 0x0000000709c00000|  0%| F|  |TAMS 0x0000000709a00000, 0x0000000709a00000| Untracked 
|  49|0x0000000709c00000, 0x0000000709c00000, 0x0000000709e00000|  0%| F|  |TAMS 0x0000000709c00000, 0x0000000709c00000| Untracked 
|  50|0x0000000709e00000, 0x0000000709e00000, 0x000000070a000000|  0%| F|  |TAMS 0x0000000709e00000, 0x0000000709e00000| Untracked 
|  51|0x000000070a000000, 0x000000070a000000, 0x000000070a200000|  0%| F|  |TAMS 0x000000070a000000, 0x000000070a000000| Untracked 
|  52|0x000000070a200000, 0x000000070a200000, 0x000000070a400000|  0%| F|  |TAMS 0x000000070a200000, 0x000000070a200000| Untracked 
|  53|0x000000070a400000, 0x000000070a400000, 0x000000070a600000|  0%| F|  |TAMS 0x000000070a400000, 0x000000070a400000| Untracked 
|  54|0x000000070a600000, 0x000000070a600000, 0x000000070a800000|  0%| F|  |TAMS 0x000000070a600000, 0x000000070a600000| Untracked 
|  55|0x000000070a800000, 0x000000070a800000, 0x000000070aa00000|  0%| F|  |TAMS 0x000000070a800000, 0x000000070a800000| Untracked 
|  56|0x000000070aa00000, 0x000000070aa00000, 0x000000070ac00000|  0%| F|  |TAMS 0x000000070aa00000, 0x000000070aa00000| Untracked 
|  57|0x000000070ac00000, 0x000000070ac00000, 0x000000070ae00000|  0%| F|  |TAMS 0x000000070ac00000, 0x000000070ac00000| Untracked 
|  58|0x000000070ae00000, 0x000000070ae00000, 0x000000070b000000|  0%| F|  |TAMS 0x000000070ae00000, 0x000000070ae00000| Untracked 
|  59|0x000000070b000000, 0x000000070b000000, 0x000000070b200000|  0%| F|  |TAMS 0x000000070b000000, 0x000000070b000000| Untracked 
|  60|0x000000070b200000, 0x000000070b200000, 0x000000070b400000|  0%| F|  |TAMS 0x000000070b200000, 0x000000070b200000| Untracked 
|  61|0x000000070b400000, 0x000000070b400000, 0x000000070b600000|  0%| F|  |TAMS 0x000000070b400000, 0x000000070b400000| Untracked 
|  62|0x000000070b600000, 0x000000070b600000, 0x000000070b800000|  0%| F|  |TAMS 0x000000070b600000, 0x000000070b600000| Untracked 
|  63|0x000000070b800000, 0x000000070b800000, 0x000000070ba00000|  0%| F|  |TAMS 0x000000070b800000, 0x000000070b800000| Untracked 
|  64|0x000000070ba00000, 0x000000070ba00000, 0x000000070bc00000|  0%| F|  |TAMS 0x000000070ba00000, 0x000000070ba00000| Untracked 
|  65|0x000000070bc00000, 0x000000070bc00000, 0x000000070be00000|  0%| F|  |TAMS 0x000000070bc00000, 0x000000070bc00000| Untracked 
|  66|0x000000070be00000, 0x000000070be00000, 0x000000070c000000|  0%| F|  |TAMS 0x000000070be00000, 0x000000070be00000| Untracked 
|  67|0x000000070c000000, 0x000000070c000000, 0x000000070c200000|  0%| F|  |TAMS 0x000000070c000000, 0x000000070c000000| Untracked 
|  68|0x000000070c200000, 0x000000070c200000, 0x000000070c400000|  0%| F|  |TAMS 0x000000070c200000, 0x000000070c200000| Untracked 
|  69|0x000000070c400000, 0x000000070c400000, 0x000000070c600000|  0%| F|  |TAMS 0x000000070c400000, 0x000000070c400000| Untracked 
|  70|0x000000070c600000, 0x000000070c600000, 0x000000070c800000|  0%| F|  |TAMS 0x000000070c600000, 0x000000070c600000| Untracked 
|  71|0x000000070c800000, 0x000000070c9452d8, 0x000000070ca00000| 63%| S|CS|TAMS 0x000000070c800000, 0x000000070c800000| Complete 
|  72|0x000000070ca00000, 0x000000070cc00000, 0x000000070cc00000|100%| S|CS|TAMS 0x000000070ca00000, 0x000000070ca00000| Complete 
|  73|0x000000070cc00000, 0x000000070ce00000, 0x000000070ce00000|100%| S|CS|TAMS 0x000000070cc00000, 0x000000070cc00000| Complete 
|  74|0x000000070ce00000, 0x000000070d000000, 0x000000070d000000|100%| S|CS|TAMS 0x000000070ce00000, 0x000000070ce00000| Complete 
|  75|0x000000070d000000, 0x000000070d200000, 0x000000070d200000|100%| S|CS|TAMS 0x000000070d000000, 0x000000070d000000| Complete 
|  76|0x000000070d200000, 0x000000070d400000, 0x000000070d400000|100%| S|CS|TAMS 0x000000070d200000, 0x000000070d200000| Complete 
|  77|0x000000070d400000, 0x000000070d600000, 0x000000070d600000|100%| S|CS|TAMS 0x000000070d400000, 0x000000070d400000| Complete 
|  78|0x000000070d600000, 0x000000070d600000, 0x000000070d800000|  0%| F|  |TAMS 0x000000070d600000, 0x000000070d600000| Untracked 
|  79|0x000000070d800000, 0x000000070d800000, 0x000000070da00000|  0%| F|  |TAMS 0x000000070d800000, 0x000000070d800000| Untracked 
|  80|0x000000070da00000, 0x000000070da00000, 0x000000070dc00000|  0%| F|  |TAMS 0x000000070da00000, 0x000000070da00000| Untracked 
|  81|0x000000070dc00000, 0x000000070de00000, 0x000000070de00000|100%| S|CS|TAMS 0x000000070dc00000, 0x000000070dc00000| Complete 
|  82|0x000000070de00000, 0x000000070de00000, 0x000000070e000000|  0%| F|  |TAMS 0x000000070de00000, 0x000000070de00000| Untracked 
|  83|0x000000070e000000, 0x000000070e000000, 0x000000070e200000|  0%| F|  |TAMS 0x000000070e000000, 0x000000070e000000| Untracked 
|  84|0x000000070e200000, 0x000000070e200000, 0x000000070e400000|  0%| F|  |TAMS 0x000000070e200000, 0x000000070e200000| Untracked 
|  85|0x000000070e400000, 0x000000070e400000, 0x000000070e600000|  0%| F|  |TAMS 0x000000070e400000, 0x000000070e400000| Untracked 
|  86|0x000000070e600000, 0x000000070e600000, 0x000000070e800000|  0%| F|  |TAMS 0x000000070e600000, 0x000000070e600000| Untracked 
|  87|0x000000070e800000, 0x000000070e800000, 0x000000070ea00000|  0%| F|  |TAMS 0x000000070e800000, 0x000000070e800000| Untracked 
|  88|0x000000070ea00000, 0x000000070ea00000, 0x000000070ec00000|  0%| F|  |TAMS 0x000000070ea00000, 0x000000070ea00000| Untracked 
|  89|0x000000070ec00000, 0x000000070ec00000, 0x000000070ee00000|  0%| F|  |TAMS 0x000000070ec00000, 0x000000070ec00000| Untracked 
|  90|0x000000070ee00000, 0x000000070ee00000, 0x000000070f000000|  0%| F|  |TAMS 0x000000070ee00000, 0x000000070ee00000| Untracked 
|  91|0x000000070f000000, 0x000000070f000000, 0x000000070f200000|  0%| F|  |TAMS 0x000000070f000000, 0x000000070f000000| Untracked 
|  92|0x000000070f200000, 0x000000070f200000, 0x000000070f400000|  0%| F|  |TAMS 0x000000070f200000, 0x000000070f200000| Untracked 
|  93|0x000000070f400000, 0x000000070f400000, 0x000000070f600000|  0%| F|  |TAMS 0x000000070f400000, 0x000000070f400000| Untracked 
|  94|0x000000070f600000, 0x000000070f600000, 0x000000070f800000|  0%| F|  |TAMS 0x000000070f600000, 0x000000070f600000| Untracked 
|  95|0x000000070f800000, 0x000000070f800000, 0x000000070fa00000|  0%| F|  |TAMS 0x000000070f800000, 0x000000070f800000| Untracked 
|  96|0x000000070fa00000, 0x000000070fa00000, 0x000000070fc00000|  0%| F|  |TAMS 0x000000070fa00000, 0x000000070fa00000| Untracked 
|  97|0x000000070fc00000, 0x000000070fc00000, 0x000000070fe00000|  0%| F|  |TAMS 0x000000070fc00000, 0x000000070fc00000| Untracked 
|  98|0x000000070fe00000, 0x000000070fe00000, 0x0000000710000000|  0%| F|  |TAMS 0x000000070fe00000, 0x000000070fe00000| Untracked 
|  99|0x0000000710000000, 0x0000000710000000, 0x0000000710200000|  0%| F|  |TAMS 0x0000000710000000, 0x0000000710000000| Untracked 
| 100|0x0000000710200000, 0x0000000710200000, 0x0000000710400000|  0%| F|  |TAMS 0x0000000710200000, 0x0000000710200000| Untracked 
| 101|0x0000000710400000, 0x0000000710400000, 0x0000000710600000|  0%| F|  |TAMS 0x0000000710400000, 0x0000000710400000| Untracked 
| 102|0x0000000710600000, 0x0000000710600000, 0x0000000710800000|  0%| F|  |TAMS 0x0000000710600000, 0x0000000710600000| Untracked 
| 103|0x0000000710800000, 0x0000000710800000, 0x0000000710a00000|  0%| F|  |TAMS 0x0000000710800000, 0x0000000710800000| Untracked 
| 104|0x0000000710a00000, 0x0000000710a00000, 0x0000000710c00000|  0%| F|  |TAMS 0x0000000710a00000, 0x0000000710a00000| Untracked 
| 105|0x0000000710c00000, 0x0000000710c00000, 0x0000000710e00000|  0%| F|  |TAMS 0x0000000710c00000, 0x0000000710c00000| Untracked 
| 106|0x0000000710e00000, 0x0000000710e00000, 0x0000000711000000|  0%| F|  |TAMS 0x0000000710e00000, 0x0000000710e00000| Untracked 
| 107|0x0000000711000000, 0x0000000711000000, 0x0000000711200000|  0%| F|  |TAMS 0x0000000711000000, 0x0000000711000000| Untracked 
| 108|0x0000000711200000, 0x0000000711200000, 0x0000000711400000|  0%| F|  |TAMS 0x0000000711200000, 0x0000000711200000| Untracked 
| 109|0x0000000711400000, 0x0000000711400000, 0x0000000711600000|  0%| F|  |TAMS 0x0000000711400000, 0x0000000711400000| Untracked 
| 110|0x0000000711600000, 0x0000000711600000, 0x0000000711800000|  0%| F|  |TAMS 0x0000000711600000, 0x0000000711600000| Untracked 
| 111|0x0000000711800000, 0x0000000711800000, 0x0000000711a00000|  0%| F|  |TAMS 0x0000000711800000, 0x0000000711800000| Untracked 
| 112|0x0000000711a00000, 0x0000000711a00000, 0x0000000711c00000|  0%| F|  |TAMS 0x0000000711a00000, 0x0000000711a00000| Untracked 
| 113|0x0000000711c00000, 0x0000000711c00000, 0x0000000711e00000|  0%| F|  |TAMS 0x0000000711c00000, 0x0000000711c00000| Untracked 
| 114|0x0000000711e00000, 0x0000000711e00000, 0x0000000712000000|  0%| F|  |TAMS 0x0000000711e00000, 0x0000000711e00000| Untracked 
| 115|0x0000000712000000, 0x0000000712000000, 0x0000000712200000|  0%| F|  |TAMS 0x0000000712000000, 0x0000000712000000| Untracked 
| 116|0x0000000712200000, 0x0000000712200000, 0x0000000712400000|  0%| F|  |TAMS 0x0000000712200000, 0x0000000712200000| Untracked 
| 117|0x0000000712400000, 0x0000000712400000, 0x0000000712600000|  0%| F|  |TAMS 0x0000000712400000, 0x0000000712400000| Untracked 
| 118|0x0000000712600000, 0x0000000712600000, 0x0000000712800000|  0%| F|  |TAMS 0x0000000712600000, 0x0000000712600000| Untracked 
| 119|0x0000000712800000, 0x0000000712800000, 0x0000000712a00000|  0%| F|  |TAMS 0x0000000712800000, 0x0000000712800000| Untracked 
| 120|0x0000000712a00000, 0x0000000712a00000, 0x0000000712c00000|  0%| F|  |TAMS 0x0000000712a00000, 0x0000000712a00000| Untracked 
| 121|0x0000000712c00000, 0x0000000712c00000, 0x0000000712e00000|  0%| F|  |TAMS 0x0000000712c00000, 0x0000000712c00000| Untracked 
| 122|0x0000000712e00000, 0x0000000712e00000, 0x0000000713000000|  0%| F|  |TAMS 0x0000000712e00000, 0x0000000712e00000| Untracked 
| 123|0x0000000713000000, 0x0000000713000000, 0x0000000713200000|  0%| F|  |TAMS 0x0000000713000000, 0x0000000713000000| Untracked 
| 124|0x0000000713200000, 0x0000000713200000, 0x0000000713400000|  0%| F|  |TAMS 0x0000000713200000, 0x0000000713200000| Untracked 
| 125|0x0000000713400000, 0x0000000713400000, 0x0000000713600000|  0%| F|  |TAMS 0x0000000713400000, 0x0000000713400000| Untracked 
| 126|0x0000000713600000, 0x0000000713600000, 0x0000000713800000|  0%| F|  |TAMS 0x0000000713600000, 0x0000000713600000| Untracked 
| 127|0x0000000713800000, 0x0000000713800000, 0x0000000713a00000|  0%| F|  |TAMS 0x0000000713800000, 0x0000000713800000| Untracked 
| 128|0x0000000713a00000, 0x0000000713a00000, 0x0000000713c00000|  0%| F|  |TAMS 0x0000000713a00000, 0x0000000713a00000| Untracked 
| 129|0x0000000713c00000, 0x0000000713c00000, 0x0000000713e00000|  0%| F|  |TAMS 0x0000000713c00000, 0x0000000713c00000| Untracked 
| 130|0x0000000713e00000, 0x0000000713e00000, 0x0000000714000000|  0%| F|  |TAMS 0x0000000713e00000, 0x0000000713e00000| Untracked 
| 131|0x0000000714000000, 0x0000000714000000, 0x0000000714200000|  0%| F|  |TAMS 0x0000000714000000, 0x0000000714000000| Untracked 
| 132|0x0000000714200000, 0x0000000714200000, 0x0000000714400000|  0%| F|  |TAMS 0x0000000714200000, 0x0000000714200000| Untracked 
| 133|0x0000000714400000, 0x0000000714400000, 0x0000000714600000|  0%| F|  |TAMS 0x0000000714400000, 0x0000000714400000| Untracked 
| 134|0x0000000714600000, 0x0000000714600000, 0x0000000714800000|  0%| F|  |TAMS 0x0000000714600000, 0x0000000714600000| Untracked 
| 135|0x0000000714800000, 0x0000000714800000, 0x0000000714a00000|  0%| F|  |TAMS 0x0000000714800000, 0x0000000714800000| Untracked 
| 136|0x0000000714a00000, 0x0000000714a00000, 0x0000000714c00000|  0%| F|  |TAMS 0x0000000714a00000, 0x0000000714a00000| Untracked 
| 137|0x0000000714c00000, 0x0000000714c00000, 0x0000000714e00000|  0%| F|  |TAMS 0x0000000714c00000, 0x0000000714c00000| Untracked 
| 138|0x0000000714e00000, 0x0000000714e00000, 0x0000000715000000|  0%| F|  |TAMS 0x0000000714e00000, 0x0000000714e00000| Untracked 
| 139|0x0000000715000000, 0x0000000715000000, 0x0000000715200000|  0%| F|  |TAMS 0x0000000715000000, 0x0000000715000000| Untracked 
| 140|0x0000000715200000, 0x0000000715200000, 0x0000000715400000|  0%| F|  |TAMS 0x0000000715200000, 0x0000000715200000| Untracked 
| 141|0x0000000715400000, 0x0000000715400000, 0x0000000715600000|  0%| F|  |TAMS 0x0000000715400000, 0x0000000715400000| Untracked 
| 142|0x0000000715600000, 0x0000000715600000, 0x0000000715800000|  0%| F|  |TAMS 0x0000000715600000, 0x0000000715600000| Untracked 
| 143|0x0000000715800000, 0x0000000715800000, 0x0000000715a00000|  0%| F|  |TAMS 0x0000000715800000, 0x0000000715800000| Untracked 
| 144|0x0000000715a00000, 0x0000000715a00000, 0x0000000715c00000|  0%| F|  |TAMS 0x0000000715a00000, 0x0000000715a00000| Untracked 
| 145|0x0000000715c00000, 0x0000000715c00000, 0x0000000715e00000|  0%| F|  |TAMS 0x0000000715c00000, 0x0000000715c00000| Untracked 
| 146|0x0000000715e00000, 0x0000000715e00000, 0x0000000716000000|  0%| F|  |TAMS 0x0000000715e00000, 0x0000000715e00000| Untracked 
| 147|0x0000000716000000, 0x0000000716000000, 0x0000000716200000|  0%| F|  |TAMS 0x0000000716000000, 0x0000000716000000| Untracked 
| 148|0x0000000716200000, 0x0000000716200000, 0x0000000716400000|  0%| F|  |TAMS 0x0000000716200000, 0x0000000716200000| Untracked 
| 149|0x0000000716400000, 0x0000000716400000, 0x0000000716600000|  0%| F|  |TAMS 0x0000000716400000, 0x0000000716400000| Untracked 
| 150|0x0000000716600000, 0x0000000716600000, 0x0000000716800000|  0%| F|  |TAMS 0x0000000716600000, 0x0000000716600000| Untracked 
| 151|0x0000000716800000, 0x0000000716800000, 0x0000000716a00000|  0%| F|  |TAMS 0x0000000716800000, 0x0000000716800000| Untracked 
| 152|0x0000000716a00000, 0x0000000716a00000, 0x0000000716c00000|  0%| F|  |TAMS 0x0000000716a00000, 0x0000000716a00000| Untracked 
| 153|0x0000000716c00000, 0x0000000716c00000, 0x0000000716e00000|  0%| F|  |TAMS 0x0000000716c00000, 0x0000000716c00000| Untracked 
| 154|0x0000000716e00000, 0x0000000716e00000, 0x0000000717000000|  0%| F|  |TAMS 0x0000000716e00000, 0x0000000716e00000| Untracked 
| 155|0x0000000717000000, 0x0000000717000000, 0x0000000717200000|  0%| F|  |TAMS 0x0000000717000000, 0x0000000717000000| Untracked 
| 156|0x0000000717200000, 0x0000000717200000, 0x0000000717400000|  0%| F|  |TAMS 0x0000000717200000, 0x0000000717200000| Untracked 
| 157|0x0000000717400000, 0x0000000717400000, 0x0000000717600000|  0%| F|  |TAMS 0x0000000717400000, 0x0000000717400000| Untracked 
| 158|0x0000000717600000, 0x0000000717600000, 0x0000000717800000|  0%| F|  |TAMS 0x0000000717600000, 0x0000000717600000| Untracked 
| 159|0x0000000717800000, 0x0000000717800000, 0x0000000717a00000|  0%| F|  |TAMS 0x0000000717800000, 0x0000000717800000| Untracked 
| 160|0x0000000717a00000, 0x0000000717a00000, 0x0000000717c00000|  0%| F|  |TAMS 0x0000000717a00000, 0x0000000717a00000| Untracked 
| 161|0x0000000717c00000, 0x0000000717c00000, 0x0000000717e00000|  0%| F|  |TAMS 0x0000000717c00000, 0x0000000717c00000| Untracked 
| 162|0x0000000717e00000, 0x0000000717e00000, 0x0000000718000000|  0%| F|  |TAMS 0x0000000717e00000, 0x0000000717e00000| Untracked 
| 163|0x0000000718000000, 0x0000000718000000, 0x0000000718200000|  0%| F|  |TAMS 0x0000000718000000, 0x0000000718000000| Untracked 
| 164|0x0000000718200000, 0x0000000718200000, 0x0000000718400000|  0%| F|  |TAMS 0x0000000718200000, 0x0000000718200000| Untracked 

Card table byte_map: [0x00000230ae070000,0x00000230ae860000] _byte_map_base: 0x00000230aa853000

Marking Bits (Prev, Next): (CMBitMap*) 0x00000230a79a9060, (CMBitMap*) 0x00000230a79a90a0
 Prev Bits: [0x00000230af050000, 0x00000230b2f68000)
 Next Bits: [0x00000230b2f70000, 0x00000230b6e88000)

Polling page: 0x00000230a6c90000

Metaspace:

Usage:
  Non-class:     33.37 MB used.
      Class:      4.86 MB used.
       Both:     38.23 MB used.

Virtual space:
  Non-class space:       40.00 MB reserved,      33.56 MB ( 84%) committed,  5 nodes.
      Class space:        1.00 GB reserved,       5.00 MB ( <1%) committed,  1 nodes.
             Both:        1.04 GB reserved,      38.56 MB (  4%) committed. 

Chunk freelists:
   Non-Class:  2.42 MB
       Class:  2.94 MB
        Both:  5.37 MB

MaxMetaspaceSize: unlimited
CompressedClassSpaceSize: 1.00 GB
Initial GC threshold: 21.00 MB
Current GC threshold: 48.06 MB
CDS: off
MetaspaceReclaimPolicy: balanced
 - commit_granule_bytes: 65536.
 - commit_granule_words: 8192.
 - virtual_space_node_default_size: 1048576.
 - enlarge_chunks_in_place: 1.
 - new_chunks_are_fully_committed: 0.
 - uncommit_free_chunks: 1.
 - use_allocation_guard: 0.
 - handle_deallocations: 1.


Internal statistics:

num_allocs_failed_limit: 6.
num_arena_births: 384.
num_arena_deaths: 0.
num_vsnodes_births: 6.
num_vsnodes_deaths: 0.
num_space_committed: 617.
num_space_uncommitted: 0.
num_chunks_returned_to_freelist: 6.
num_chunks_taken_from_freelist: 1538.
num_chunk_merges: 6.
num_chunk_splits: 1070.
num_chunks_enlarged: 821.
num_purges: 0.
num_inconsistent_stats: 0.

CodeCache: size=49152Kb used=8998Kb max_used=9559Kb free=40153Kb
 bounds [0x00000230aa570000, 0x00000230aaf10000, 0x00000230ad570000]
 total_blobs=4495 nmethods=3958 adapters=462
 compilation: enabled
              stopped_count=0, restarted_count=0
 full_count=0

Compilation events (20 events):
Event: 16.803 Thread 0x00000230a4fd5610 3952   !   1       jdk.internal.reflect.GeneratedMethodAccessor28::invoke (67 bytes)
Event: 16.803 Thread 0x00000230a4fd6030 3947       1       java.util.zip.Inflater::<init> (6 bytes)
Event: 16.803 Thread 0x00000230a4fd5610 nmethod 3952 0x00000230aa928d90 code [0x00000230aa928f80, 0x00000230aa9293f8]
Event: 16.803 Thread 0x00000230a4fd6030 nmethod 3947 0x00000230aa928690 code [0x00000230aa928860, 0x00000230aa928c18]
Event: 16.803 Thread 0x00000230a4fd5610 3950       1       jdk.internal.jimage.decompressor.ZipDecompressor::decompress (10 bytes)
Event: 16.804 Thread 0x00000230a4fd5610 nmethod 3950 0x00000230aa928390 code [0x00000230aa928520, 0x00000230aa928608]
Event: 16.806 Thread 0x00000230a4fd46e0 nmethod 3928 0x00000230aa923090 code [0x00000230aa9238e0, 0x00000230aa9267a8]
Event: 16.806 Thread 0x00000230a4fd46e0 3953  s!   1       jdk.internal.loader.URLClassPath::getLoader (196 bytes)
Event: 16.808 Thread 0x00000230a4fd46e0 nmethod 3953 0x00000230aa921710 code [0x00000230aa9219c0, 0x00000230aa922438]
Event: 16.839 Thread 0x00000230a4fd6540 nmethod 3891 0x00000230aa91f390 code [0x00000230aa91f800, 0x00000230aa920cd8]
Event: 17.057 Thread 0x00000230a4fd6540 3954       1       java.util.concurrent.ConcurrentHashMap::resizeStamp (9 bytes)
Event: 17.057 Thread 0x00000230a4fd6540 nmethod 3954 0x00000230aa91f090 code [0x00000230aa91f220, 0x00000230aa91f2e8]
Event: 17.057 Thread 0x00000230a4fd46e0 3955       1       java.util.concurrent.ConcurrentHashMap::helpTransfer (123 bytes)
Event: 17.058 Thread 0x00000230a4fd46e0 nmethod 3955 0x00000230aa91ea90 code [0x00000230aa91ec40, 0x00000230aa91eef8]
Event: 17.164 Thread 0x00000230a4fd46e0 3956       1       java.util.concurrent.locks.ReentrantLock$NonfairSync::tryAcquire (27 bytes)
Event: 17.164 Thread 0x00000230a4fd46e0 nmethod 3956 0x00000230aa91e710 code [0x00000230aa91e8a0, 0x00000230aa91ea38]
Event: 17.313 Thread 0x00000230a4fd46e0 3957       1       io.github.classgraph.ModuleRef::getReference (5 bytes)
Event: 17.314 Thread 0x00000230a4fd46e0 nmethod 3957 0x00000230aa91e410 code [0x00000230aa91e5a0, 0x00000230aa91e678]
Event: 17.321 Thread 0x00000230a4fd46e0 3958       1       java.util.concurrent.locks.AbstractQueuedSynchronizer::acquireInterruptibly (36 bytes)
Event: 17.321 Thread 0x00000230a4fd46e0 nmethod 3958 0x00000230aa91de90 code [0x00000230aa91e060, 0x00000230aa91e2d8]

GC Heap History (20 events):
Event: 13.663 GC heap after
{Heap after GC invocations=10 (full 0):
 garbage-first heap   total 55296K, used 19544K [0x0000000703a00000, 0x0000000800000000)
  region size 2048K, 2 young (4096K), 2 survivors (4096K)
 Metaspace       used 35917K, committed 36224K, reserved 1081344K
  class space    used 4669K, committed 4800K, reserved 1048576K
}
Event: 13.941 GC heap before
{Heap before GC invocations=10 (full 0):
 garbage-first heap   total 55296K, used 35928K [0x0000000703a00000, 0x0000000800000000)
  region size 2048K, 11 young (22528K), 2 survivors (4096K)
 Metaspace       used 36555K, committed 36864K, reserved 1081344K
  class space    used 4733K, committed 4864K, reserved 1048576K
}
Event: 13.951 GC heap after
{Heap after GC invocations=11 (full 0):
 garbage-first heap   total 157696K, used 23137K [0x0000000703a00000, 0x0000000800000000)
  region size 2048K, 2 young (4096K), 2 survivors (4096K)
 Metaspace       used 36555K, committed 36864K, reserved 1081344K
  class space    used 4733K, committed 4864K, reserved 1048576K
}
Event: 14.699 GC heap before
{Heap before GC invocations=11 (full 0):
 garbage-first heap   total 157696K, used 105057K [0x0000000703a00000, 0x0000000800000000)
  region size 2048K, 43 young (88064K), 2 survivors (4096K)
 Metaspace       used 38672K, committed 39040K, reserved 1089536K
  class space    used 4895K, committed 5056K, reserved 1048576K
}
Event: 14.714 GC heap after
{Heap after GC invocations=12 (full 0):
 garbage-first heap   total 157696K, used 37910K [0x0000000703a00000, 0x0000000800000000)
  region size 2048K, 6 young (12288K), 6 survivors (12288K)
 Metaspace       used 38672K, committed 39040K, reserved 1089536K
  class space    used 4895K, committed 5056K, reserved 1048576K
}
Event: 16.595 GC heap before
{Heap before GC invocations=12 (full 0):
 garbage-first heap   total 157696K, used 101398K [0x0000000703a00000, 0x0000000800000000)
  region size 2048K, 37 young (75776K), 6 survivors (12288K)
 Metaspace       used 38944K, committed 39296K, reserved 1089536K
  class space    used 4947K, committed 5120K, reserved 1048576K
}
Event: 16.614 GC heap after
{Heap after GC invocations=13 (full 0):
 garbage-first heap   total 157696K, used 58010K [0x0000000703a00000, 0x0000000800000000)
  region size 2048K, 5 young (10240K), 5 survivors (10240K)
 Metaspace       used 38944K, committed 39296K, reserved 1089536K
  class space    used 4947K, committed 5120K, reserved 1048576K
}
Event: 16.747 GC heap before
{Heap before GC invocations=13 (full 0):
 garbage-first heap   total 157696K, used 105114K [0x0000000703a00000, 0x0000000800000000)
  region size 2048K, 29 young (59392K), 5 survivors (10240K)
 Metaspace       used 39048K, committed 39360K, reserved 1089536K
  class space    used 4958K, committed 5120K, reserved 1048576K
}
Event: 16.779 GC heap after
{Heap after GC invocations=14 (full 0):
 garbage-first heap   total 157696K, used 68361K [0x0000000703a00000, 0x0000000800000000)
  region size 2048K, 4 young (8192K), 4 survivors (8192K)
 Metaspace       used 39048K, committed 39360K, reserved 1089536K
  class space    used 4958K, committed 5120K, reserved 1048576K
}
Event: 16.816 GC heap before
{Heap before GC invocations=14 (full 0):
 garbage-first heap   total 157696K, used 111369K [0x0000000703a00000, 0x0000000800000000)
  region size 2048K, 26 young (53248K), 4 survivors (8192K)
 Metaspace       used 39144K, committed 39488K, reserved 1089536K
  class space    used 4971K, committed 5120K, reserved 1048576K
}
Event: 16.835 GC heap after
{Heap after GC invocations=15 (full 0):
 garbage-first heap   total 157696K, used 70584K [0x0000000703a00000, 0x0000000800000000)
  region size 2048K, 2 young (4096K), 2 survivors (4096K)
 Metaspace       used 39144K, committed 39488K, reserved 1089536K
  class space    used 4971K, committed 5120K, reserved 1048576K
}
Event: 16.854 GC heap before
{Heap before GC invocations=15 (full 0):
 garbage-first heap   total 157696K, used 113592K [0x0000000703a00000, 0x0000000800000000)
  region size 2048K, 24 young (49152K), 2 survivors (4096K)
 Metaspace       used 39144K, committed 39488K, reserved 1089536K
  class space    used 4971K, committed 5120K, reserved 1048576K
}
Event: 16.859 GC heap after
{Heap after GC invocations=16 (full 0):
 garbage-first heap   total 337920K, used 72348K [0x0000000703a00000, 0x0000000800000000)
  region size 2048K, 2 young (4096K), 2 survivors (4096K)
 Metaspace       used 39144K, committed 39488K, reserved 1089536K
  class space    used 4971K, committed 5120K, reserved 1048576K
}
Event: 17.009 GC heap before
{Heap before GC invocations=16 (full 0):
 garbage-first heap   total 337920K, used 211612K [0x0000000703a00000, 0x0000000800000000)
  region size 2048K, 71 young (145408K), 2 survivors (4096K)
 Metaspace       used 39144K, committed 39488K, reserved 1089536K
  class space    used 4971K, committed 5120K, reserved 1048576K
}
Event: 17.017 GC heap after
{Heap after GC invocations=17 (full 0):
 garbage-first heap   total 337920K, used 77964K [0x0000000703a00000, 0x0000000800000000)
  region size 2048K, 5 young (10240K), 5 survivors (10240K)
 Metaspace       used 39144K, committed 39488K, reserved 1089536K
  class space    used 4971K, committed 5120K, reserved 1048576K
}
Event: 17.139 GC heap before
{Heap before GC invocations=17 (full 0):
 garbage-first heap   total 337920K, used 243852K [0x0000000703a00000, 0x0000000800000000)
  region size 2048K, 87 young (178176K), 5 survivors (10240K)
 Metaspace       used 39144K, committed 39488K, reserved 1089536K
  class space    used 4971K, committed 5120K, reserved 1048576K
}
Event: 17.150 GC heap after
{Heap after GC invocations=18 (full 0):
 garbage-first heap   total 337920K, used 84551K [0x0000000703a00000, 0x0000000800000000)
  region size 2048K, 8 young (16384K), 8 survivors (16384K)
 Metaspace       used 39144K, committed 39488K, reserved 1089536K
  class space    used 4971K, committed 5120K, reserved 1048576K
}
Event: 17.269 GC heap before
{Heap before GC invocations=18 (full 0):
 garbage-first heap   total 337920K, used 254535K [0x0000000703a00000, 0x0000000800000000)
  region size 2048K, 92 young (188416K), 8 survivors (16384K)
 Metaspace       used 39145K, committed 39488K, reserved 1089536K
  class space    used 4971K, committed 5120K, reserved 1048576K
}
Event: 17.283 GC heap after
{Heap after GC invocations=19 (full 0):
 garbage-first heap   total 337920K, used 92064K [0x0000000703a00000, 0x0000000800000000)
  region size 2048K, 10 young (20480K), 10 survivors (20480K)
 Metaspace       used 39145K, committed 39488K, reserved 1089536K
  class space    used 4971K, committed 5120K, reserved 1048576K
}
Event: 17.393 GC heap before
{Heap before GC invocations=19 (full 0):
 garbage-first heap   total 337920K, used 260000K [0x0000000703a00000, 0x0000000800000000)
  region size 2048K, 93 young (190464K), 10 survivors (20480K)
 Metaspace       used 39145K, committed 39488K, reserved 1089536K
  class space    used 4971K, committed 5120K, reserved 1048576K
}

Deoptimization events (12 events):
Event: 7.367 Thread 0x00000230a797c060 DEOPT PACKING pc=0x00000230aaadaa79 sp=0x000000d2046fd5f0
Event: 7.367 Thread 0x00000230a797c060 DEOPT UNPACKING pc=0x00000230aa5c2b43 sp=0x000000d2046fcad0 mode 3
Event: 12.083 Thread 0x00000230a797c060 DEOPT PACKING pc=0x00000230aac5d779 sp=0x000000d2046fc9d0
Event: 12.084 Thread 0x00000230a797c060 DEOPT UNPACKING pc=0x00000230aa5c2b43 sp=0x000000d2046fbeb0 mode 3
Event: 13.124 Thread 0x00000230babb9880 DEOPT PACKING pc=0x00000230aad173ed sp=0x000000d2067fd4f0
Event: 13.124 Thread 0x00000230babb9880 DEOPT UNPACKING pc=0x00000230aa5c2b43 sp=0x000000d2067fca08 mode 3
Event: 13.313 Thread 0x00000230baba2a20 DEOPT PACKING pc=0x00000230aad2e213 sp=0x000000d2068fe7c0
Event: 13.313 Thread 0x00000230baba2a20 DEOPT UNPACKING pc=0x00000230aa5c2b43 sp=0x000000d2068fdd08 mode 3
Event: 13.432 Thread 0x00000230bb6f9af0 DEOPT PACKING pc=0x00000230aaad9409 sp=0x000000d2066fde30
Event: 13.432 Thread 0x00000230bb6f9af0 DEOPT UNPACKING pc=0x00000230aa5c2b43 sp=0x000000d2066fd2c0 mode 3
Event: 14.270 Thread 0x00000230bb9cd360 DEOPT PACKING pc=0x00000230aaad109f sp=0x000000d2077ff100
Event: 14.270 Thread 0x00000230bb9cd360 DEOPT UNPACKING pc=0x00000230aa5c2b43 sp=0x000000d2077fe558 mode 3

Classes unloaded (0 events):
No events

Classes redefined (0 events):
No events

Internal exceptions (20 events):
Event: 13.544 Thread 0x00000230bb43f070 Exception <a 'sun/nio/fs/WindowsException'{0x000000070635e5f0}> (0x000000070635e5f0) 
thrown [s\src\hotspot\share\prims\jni.cpp, line 516]
Event: 13.545 Thread 0x00000230bb43f070 Exception <a 'sun/nio/fs/WindowsException'{0x000000070635f018}> (0x000000070635f018) 
thrown [s\src\hotspot\share\prims\jni.cpp, line 516]
Event: 13.547 Thread 0x00000230bb43f070 Exception <a 'sun/nio/fs/WindowsException'{0x000000070635f400}> (0x000000070635f400) 
thrown [s\src\hotspot\share\prims\jni.cpp, line 516]
Event: 13.549 Thread 0x00000230bb43f070 Exception <a 'sun/nio/fs/WindowsException'{0x000000070635fe00}> (0x000000070635fe00) 
thrown [s\src\hotspot\share\prims\jni.cpp, line 516]
Event: 13.549 Thread 0x00000230bb43f070 Exception <a 'sun/nio/fs/WindowsException'{0x00000007063601b0}> (0x00000007063601b0) 
thrown [s\src\hotspot\share\prims\jni.cpp, line 516]
Event: 13.551 Thread 0x00000230bb43f070 Exception <a 'sun/nio/fs/WindowsException'{0x0000000706360bb8}> (0x0000000706360bb8) 
thrown [s\src\hotspot\share\prims\jni.cpp, line 516]
Event: 13.551 Thread 0x00000230bb43f070 Exception <a 'sun/nio/fs/WindowsException'{0x0000000706360f78}> (0x0000000706360f78) 
thrown [s\src\hotspot\share\prims\jni.cpp, line 516]
Event: 13.552 Thread 0x00000230bb43f070 Exception <a 'sun/nio/fs/WindowsException'{0x0000000706361978}> (0x0000000706361978) 
thrown [s\src\hotspot\share\prims\jni.cpp, line 516]
Event: 13.552 Thread 0x00000230bb43f070 Exception <a 'sun/nio/fs/WindowsException'{0x0000000706361d30}> (0x0000000706361d30) 
thrown [s\src\hotspot\share\prims\jni.cpp, line 516]
Event: 13.581 Thread 0x00000230bb43f070 Exception <a 'sun/nio/fs/WindowsException'{0x0000000706362738}> (0x0000000706362738) 
thrown [s\src\hotspot\share\prims\jni.cpp, line 516]
Event: 13.581 Thread 0x00000230bb43f070 Exception <a 'sun/nio/fs/WindowsException'{0x0000000706362af8}> (0x0000000706362af8) 
thrown [s\src\hotspot\share\prims\jni.cpp, line 516]
Event: 13.582 Thread 0x00000230bb43f070 Exception <a 'sun/nio/fs/WindowsException'{0x0000000706363520}> (0x0000000706363520) 
thrown [s\src\hotspot\share\prims\jni.cpp, line 516]
Event: 13.582 Thread 0x00000230bb43f070 Exception <a 'sun/nio/fs/WindowsException'{0x0000000706363908}> (0x0000000706363908) 
thrown [s\src\hotspot\share\prims\jni.cpp, line 516]
Event: 13.583 Thread 0x00000230bb43f070 Exception <a 'sun/nio/fs/WindowsException'{0x0000000706364340}> (0x0000000706364340) 
thrown [s\src\hotspot\share\prims\jni.cpp, line 516]
Event: 13.583 Thread 0x00000230bb43f070 Exception <a 'sun/nio/fs/WindowsException'{0x0000000706364740}> (0x0000000706364740) 
thrown [s\src\hotspot\share\prims\jni.cpp, line 516]
Event: 13.583 Thread 0x00000230bb43f070 Exception <a 'sun/nio/fs/WindowsException'{0x0000000706365170}> (0x0000000706365170) 
thrown [s\src\hotspot\share\prims\jni.cpp, line 516]
Event: 13.584 Thread 0x00000230bb43f070 Exception <a 'sun/nio/fs/WindowsException'{0x0000000706365560}> (0x0000000706365560) 
thrown [s\src\hotspot\share\prims\jni.cpp, line 516]
Event: 14.849 Thread 0x00000230babb9880 Exception <a 'java/lang/NoSuchMethodError'{0x000000070bb47920}: 'java.lang.Object java.lang.invoke.DirectMethodHandle$Holder.newInvokeSpecial(java.lang.Object, java.lang.Object, int)'> (0x000000070bb47920) 
thrown [s\src\hotspot\share\interpreter\linkResolver.cpp, line 759]
Event: 14.882 Thread 0x00000230bb9cc9c0 Exception <a 'java/lang/NoSuchMethodError'{0x000000070b598b60}: 'java.lang.Object java.lang.invoke.Invokers$Holder.linkToTargetMethod(java.lang.Object, long, java.lang.Object)'> (0x000000070b598b60) 
thrown [s\src\hotspot\share\interpreter\linkResolver.cpp, line 759]
Event: 14.903 Thread 0x00000230bb9cc9c0 Exception <a 'sun/nio/fs/WindowsException'{0x000000070b0b7418}> (0x000000070b0b7418) 
thrown [s\src\hotspot\share\prims\jni.cpp, line 516]

VM Operations (20 events):
Event: 16.835 Executing VM operation: G1CollectForAllocation done
Event: 16.854 Executing VM operation: G1CollectForAllocation
Event: 16.854 Executing VM operation: G1CollectForAllocation done
Event: 16.854 Executing VM operation: G1CollectForAllocation
Event: 16.859 Executing VM operation: G1CollectForAllocation done
Event: 16.966 Executing VM operation: G1CollectForAllocation
Event: 17.009 Executing VM operation: G1CollectForAllocation done
Event: 17.009 Executing VM operation: G1CollectForAllocation
Event: 17.017 Executing VM operation: G1CollectForAllocation done
Event: 17.100 Executing VM operation: G1CollectForAllocation
Event: 17.138 Executing VM operation: G1CollectForAllocation done
Event: 17.139 Executing VM operation: G1CollectForAllocation
Event: 17.150 Executing VM operation: G1CollectForAllocation done
Event: 17.232 Executing VM operation: G1CollectForAllocation
Event: 17.269 Executing VM operation: G1CollectForAllocation done
Event: 17.269 Executing VM operation: G1CollectForAllocation
Event: 17.283 Executing VM operation: G1CollectForAllocation done
Event: 17.355 Executing VM operation: G1CollectForAllocation
Event: 17.392 Executing VM operation: G1CollectForAllocation done
Event: 17.392 Executing VM operation: G1CollectForAllocation

Events (20 events):
Event: 14.892 loading class sun/security/provider/ByteArrayAccess$LE
Event: 14.892 loading class sun/security/provider/ByteArrayAccess$LE done
Event: 14.995 Thread 0x00000230bb9cdd00 Thread added: 0x00000230bb9cdd00
Event: 15.044 loading class java/nio/file/FileVisitOption
Event: 15.044 loading class java/nio/file/FileVisitOption done
Event: 15.044 loading class java/nio/file/FileTreeIterator
Event: 15.044 loading class java/nio/file/FileTreeIterator done
Event: 15.044 loading class java/nio/file/FileTreeWalker
Event: 15.045 loading class java/nio/file/FileTreeWalker done
Event: 15.046 loading class java/nio/file/FileTreeWalker$DirectoryNode
Event: 15.046 loading class java/nio/file/FileTreeWalker$DirectoryNode done
Event: 15.046 loading class java/nio/file/FileTreeWalker$Event
Event: 15.046 loading class java/nio/file/FileTreeWalker$Event done
Event: 15.046 loading class java/nio/file/FileTreeWalker$EventType
Event: 15.046 loading class java/nio/file/FileTreeWalker$EventType done
Event: 15.048 loading class java/util/stream/ForEachOps$ForEachOp$OfRef
Event: 15.048 loading class java/util/stream/ForEachOps$ForEachOp$OfRef done
Event: 16.444 Thread 0x00000230a4fd6a50 Thread exited: 0x00000230a4fd6a50
Event: 16.711 Thread 0x00000230a4fd6030 Thread added: 0x00000230a4fd6030
Event: 17.313 Thread 0x00000230a4fd6030 Thread exited: 0x00000230a4fd6030


Dynamic libraries:
0x00007ff7fbab0000 - 0x00007ff7fbabe000 	c:\Users\AK59584\.vscode\extensions\redhat.java-1.12.0-win32-x64\jre\17.0.4.1-win32-x86_64\bin\java.exe
0x00007ffb51750000 - 0x00007ffb51948000 	C:\Windows\SYSTEM32\ntdll.dll
0x00007ffb4f8e0000 - 0x00007ffb4f99d000 	C:\Windows\System32\KERNEL32.DLL
0x00007ffb4f370000 - 0x00007ffb4f642000 	C:\Windows\System32\KERNELBASE.dll
0x00007ffb4ee60000 - 0x00007ffb4ef60000 	C:\Windows\System32\ucrtbase.dll
0x00007ffb3bf70000 - 0x00007ffb3bf88000 	c:\Users\AK59584\.vscode\extensions\redhat.java-1.12.0-win32-x64\jre\17.0.4.1-win32-x86_64\bin\jli.dll
0x00007ffb513b0000 - 0x00007ffb5154d000 	C:\Windows\System32\USER32.dll
0x00007ffb4f340000 - 0x00007ffb4f362000 	C:\Windows\System32\win32u.dll
0x00007ffb51380000 - 0x00007ffb513ab000 	C:\Windows\System32\GDI32.dll
0x00007ffb4efb0000 - 0x00007ffb4f0bf000 	C:\Windows\System32\gdi32full.dll
0x00007ffb4f0c0000 - 0x00007ffb4f15d000 	C:\Windows\System32\msvcp_win.dll
0x00007ffb35a40000 - 0x00007ffb35a59000 	c:\Users\AK59584\.vscode\extensions\redhat.java-1.12.0-win32-x64\jre\17.0.4.1-win32-x86_64\bin\VCRUNTIME140.dll
0x00007ffb368e0000 - 0x00007ffb36b7a000 	C:\Windows\WinSxS\amd64_microsoft.windows.common-controls_6595b64144ccf1df_6.0.19041.1110_none_60b5254171f9507e\COMCTL32.dll
0x00007ffb4fe60000 - 0x00007ffb4fefe000 	C:\Windows\System32\msvcrt.dll
0x00007ffb4fe30000 - 0x00007ffb4fe60000 	C:\Windows\System32\IMM32.DLL
0x00007ffb17070000 - 0x00007ffb176e2000 	C:\Program Files\McAfee\DLP\Agent\fcagpph64.dll
0x00007ffb4f830000 - 0x00007ffb4f8de000 	C:\Windows\System32\ADVAPI32.dll
0x00007ffb4f9a0000 - 0x00007ffb4fa3c000 	C:\Windows\System32\sechost.dll
0x00007ffb4fad0000 - 0x00007ffb4fbf5000 	C:\Windows\System32\RPCRT4.dll
0x00007ffb50c30000 - 0x00007ffb51373000 	C:\Windows\System32\SHELL32.dll
0x00007ffb50340000 - 0x00007ffb5046a000 	C:\Windows\System32\ole32.dll
0x00007ffb4ffe0000 - 0x00007ffb50334000 	C:\Windows\System32\combase.dll
0x00007ffb4fdd0000 - 0x00007ffb4fe25000 	C:\Windows\System32\SHLWAPI.dll
0x00007ffb4fa60000 - 0x00007ffb4facb000 	C:\Windows\System32\WS2_32.dll
0x00007ffb4ff00000 - 0x00007ffb4ffcd000 	C:\Windows\System32\OLEAUT32.dll
0x00007ffb1d7d0000 - 0x00007ffb1d868000 	C:\Windows\SYSTEM32\WINSPOOL.DRV
0x00007ffb3f1b0000 - 0x00007ffb3f1ba000 	C:\Windows\SYSTEM32\VERSION.dll
0x00007ffb4ed20000 - 0x00007ffb4ed52000 	C:\Windows\SYSTEM32\SspiCli.dll
0x00007ffb4df60000 - 0x00007ffb4df93000 	C:\Windows\SYSTEM32\ntmarta.dll
0x00000230a6920000 - 0x00000230a6934000 	C:\Windows\System32\umppc16104.dll
0x0000000068000000 - 0x0000000068071000 	C:\Windows\System32\QIPCAP64.dll
0x00007ffb4e230000 - 0x00007ffb4e2fa000 	C:\Windows\SYSTEM32\DNSAPI.dll
0x00007ffb4e1f0000 - 0x00007ffb4e22b000 	C:\Windows\SYSTEM32\IPHLPAPI.DLL
0x00007ffb4ffd0000 - 0x00007ffb4ffd8000 	C:\Windows\System32\NSI.dll
0x00007ffb06830000 - 0x00007ffb068d4000 	C:\Program Files\McAfee\Endpoint Security\Threat Prevention\Ips\EpMPApi.dll
0x00007ffb4f210000 - 0x00007ffb4f279000 	C:\Windows\System32\WINTRUST.dll
0x00000230a6ab0000 - 0x00000230a6c06000 	C:\Windows\System32\CRYPT32.dll
0x00007ffb4ea50000 - 0x00007ffb4ea62000 	C:\Windows\SYSTEM32\MSASN1.dll
0x00000000509f0000 - 0x00000000509fc000 	C:\Program Files\McAfee\Endpoint Security\Threat Prevention\Ips\EpMPThe.dll
0x00007ffb067d0000 - 0x00007ffb06828000 	C:\Program Files\McAfee\Endpoint Security\Threat Prevention\Ips\HIPHandlers64.dll
0x00007ffb45f80000 - 0x00007ffb46164000 	C:\Windows\SYSTEM32\dbghelp.dll
0x00007ffb43f30000 - 0x00007ffb43f3c000 	c:\Users\AK59584\.vscode\extensions\redhat.java-1.12.0-win32-x64\jre\17.0.4.1-win32-x86_64\bin\vcruntime140_1.dll
0x00007ffb06160000 - 0x00007ffb061f1000 	c:\Users\AK59584\.vscode\extensions\redhat.java-1.12.0-win32-x64\jre\17.0.4.1-win32-x86_64\bin\msvcp140.dll
0x00007ffadd5a0000 - 0x00007ffade1e6000 	c:\Users\AK59584\.vscode\extensions\redhat.java-1.12.0-win32-x64\jre\17.0.4.1-win32-x86_64\bin\server\jvm.dll
0x00000230a6c80000 - 0x00000230a6c88000 	C:\Windows\System32\PSAPI.DLL
0x00007ffb35ad0000 - 0x00007ffb35ad9000 	C:\Windows\SYSTEM32\WSOCK32.dll
0x00007ffb33530000 - 0x00007ffb33557000 	C:\Windows\SYSTEM32\WINMM.dll
0x00007ffb4d560000 - 0x00007ffb4d572000 	C:\Windows\SYSTEM32\kernel.appcore.dll
0x00007ffb42550000 - 0x00007ffb4255a000 	c:\Users\AK59584\.vscode\extensions\redhat.java-1.12.0-win32-x64\jre\17.0.4.1-win32-x86_64\bin\jimage.dll
0x00007ffb2f1f0000 - 0x00007ffb2f21c000 	C:\Windows\SYSTEM32\dbgcore.DLL
0x00000230a7020000 - 0x00000230a70a2000 	C:\Windows\System32\bcryptPrimitives.dll
0x00007ffb298e0000 - 0x00007ffb29905000 	c:\Users\AK59584\.vscode\extensions\redhat.java-1.12.0-win32-x64\jre\17.0.4.1-win32-x86_64\bin\java.dll
0x00007ffb355f0000 - 0x00007ffb35608000 	c:\Users\AK59584\.vscode\extensions\redhat.java-1.12.0-win32-x64\jre\17.0.4.1-win32-x86_64\bin\zip.dll
0x00007ffb4ca30000 - 0x00007ffb4d1c1000 	C:\Windows\SYSTEM32\windows.storage.dll
0x00007ffb4e700000 - 0x00007ffb4e730000 	C:\Windows\SYSTEM32\Wldp.dll
0x00007ffb504d0000 - 0x00007ffb5057d000 	C:\Windows\System32\SHCORE.dll
0x00007ffb4eda0000 - 0x00007ffb4edbf000 	C:\Windows\SYSTEM32\profapi.dll
0x00007ffb2a810000 - 0x00007ffb2a829000 	C:\Users\AK59584\.vscode\extensions\redhat.java-1.12.0-win32-x64\jre\17.0.4.1-win32-x86_64\bin\net.dll
0x00007ffb4dda0000 - 0x00007ffb4dead000 	C:\Windows\SYSTEM32\WINHTTP.dll
0x00007ffb4e4e0000 - 0x00007ffb4e54a000 	C:\Windows\system32\mswsock.dll
0x00007ffb2a7d0000 - 0x00007ffb2a7e5000 	C:\Users\AK59584\.vscode\extensions\redhat.java-1.12.0-win32-x64\jre\17.0.4.1-win32-x86_64\bin\nio.dll
0x00007ffb423e0000 - 0x00007ffb423f0000 	c:\Users\AK59584\.vscode\extensions\redhat.java-1.12.0-win32-x64\jre\17.0.4.1-win32-x86_64\bin\verify.dll
0x00007ffb43510000 - 0x00007ffb43519000 	C:\Users\AK59584\.vscode\extensions\redhat.java-1.12.0-win32-x64\jre\17.0.4.1-win32-x86_64\bin\management.dll
0x00007ffb43500000 - 0x00007ffb4350b000 	C:\Users\AK59584\.vscode\extensions\redhat.java-1.12.0-win32-x64\jre\17.0.4.1-win32-x86_64\bin\management_ext.dll
0x00007ffb27550000 - 0x00007ffb27567000 	C:\Windows\system32\napinsp.dll
0x00007ffb27530000 - 0x00007ffb2754b000 	C:\Windows\system32\pnrpnsp.dll
0x00007ffb494a0000 - 0x00007ffb494b5000 	C:\Windows\system32\wshbth.dll
0x00007ffb4a0d0000 - 0x00007ffb4a0ed000 	C:\Windows\system32\NLAapi.dll
0x00007ffb26ca0000 - 0x00007ffb26cb2000 	C:\Windows\System32\winrnr.dll
0x00007ffb42830000 - 0x00007ffb4283a000 	C:\Windows\System32\rasadhlp.dll
0x00007ffb43d90000 - 0x00007ffb43e10000 	C:\Windows\System32\fwpuclnt.dll
0x00007ffb4f280000 - 0x00007ffb4f2a7000 	C:\Windows\System32\bcrypt.dll
0x00007ffb4e7b0000 - 0x00007ffb4e7c8000 	C:\Windows\SYSTEM32\CRYPTSP.dll
0x00007ffb4dd10000 - 0x00007ffb4dd44000 	C:\Windows\system32\rsaenh.dll
0x00007ffb4ed60000 - 0x00007ffb4ed8e000 	C:\Windows\SYSTEM32\USERENV.dll
0x00007ffb4e670000 - 0x00007ffb4e67c000 	C:\Windows\SYSTEM32\CRYPTBASE.dll
0x00007ffb44600000 - 0x00007ffb44617000 	C:\Windows\SYSTEM32\dhcpcsvc6.DLL
0x00007ffb44740000 - 0x00007ffb4475d000 	C:\Windows\SYSTEM32\dhcpcsvc.DLL

dbghelp: loaded successfully - version: 4.0.5 - missing functions: none
symbol engine: initialized successfully - sym options: 0x614 - pdb path: .;c:\Users\AK59584\.vscode\extensions\redhat.java-1.12.0-win32-x64\jre\17.0.4.1-win32-x86_64\bin;C:\Windows\SYSTEM32;C:\Windows\WinSxS\amd64_microsoft.windows.common-controls_6595b64144ccf1df_6.0.19041.1110_none_60b5254171f9507e;C:\Program Files\McAfee\DLP\Agent;C:\Program Files\McAfee\Endpoint Security\Threat Prevention\Ips;c:\Users\AK59584\.vscode\extensions\redhat.java-1.12.0-win32-x64\jre\17.0.4.1-win32-x86_64\bin\server

VM Arguments:
jvm_args: -Dsts.lsp.client=vscode -Dsts.log.file=/dev/null -XX:TieredStopAtLevel=1 -Xlog:jni+resolve=off -Dspring.config.location=file:c:\Users\AK59584\.vscode\extensions\pivotal.vscode-spring-boot-1.40.0\language-server\BOOT-INF\classes\application.properties 
java_command: org.springframework.ide.vscode.boot.app.BootLanguageServerBootApp
java_class_path (initial): c:\Users\AK59584\.vscode\extensions\pivotal.vscode-spring-boot-1.40.0\language-server\BOOT-INF\classes;c:\Users\AK59584\.vscode\extensions\pivotal.vscode-spring-boot-1.40.0\language-server\BOOT-INF\lib\annotations-23.0.0.jar;c:\Users\AK59584\.vscode\extensions\pivotal.vscode-spring-boot-1.40.0\language-server\BOOT-INF\lib\ant-1.10.12.jar;c:\Users\AK59584\.vscode\extensions\pivotal.vscode-spring-boot-1.40.0\language-server\BOOT-INF\lib\ant-launcher-1.10.12.jar;c:\Users\AK59584\.vscode\extensions\pivotal.vscode-spring-boot-1.40.0\language-server\BOOT-INF\lib\antlr-runtime-3.5.2.jar;c:\Users\AK59584\.vscode\extensions\pivotal.vscode-spring-boot-1.40.0\language-server\BOOT-INF\lib\antlr4-4.9.3.jar;c:\Users\AK59584\.vscode\extensions\pivotal.vscode-spring-boot-1.40.0\language-server\BOOT-INF\lib\antlr4-runtime-4.9.3.jar;c:\Users\AK59584\.vscode\extensions\pivotal.vscode-spring-boot-1.40.0\language-server\BOOT-INF\lib\asm-9.3.jar;c:\Users\AK59584\.vscode\extensions\pivotal.vscode-spring-boot-1.40.0\language-server\BOOT-INF\lib\asm-analysis-9.3.jar;c:\Users\AK59584\.vscode\extensions\pivotal.vscode-spring-boot-1.40.0\language-server\BOOT-INF\lib\asm-tree-9.3.jar;c:\Users\AK59584\.vscode\extensions\pivotal.vscode-spring-boot-1.40.0\language-server\BOOT-INF\lib\asm-util-9.3.jar;c:\Users\AK59584\.vscode\extensions\pivotal.vscode-spring-boot-1.40.0\language-server\BOOT-INF\lib\byte-buddy-1.12.13.jar;c:\Users\AK59584\.vscode\extensions\pivotal.vscode-spring-boot-1.40.0\language-server\BOOT-INF\lib\caffeine-2.9.3.jar;c:\Users\AK59584\.vscode\extensions\pivotal.vscode-spring-boot-1.40.0\language-server\BOOT-INF\lib\checker-qual-3.12.0.jar;c:\Users\AK59584\.vscode\extensions\pivotal.vscode-spring-boot-1.40.0\language-server\BOOT-INF\lib\classgraph-4.8.149.jar;c:\Users\AK59584\.vscode\extensions\pivotal.vscode-spring-boot-1.40.0\language-server\BOOT-INF\lib\commons-codec-1.15.jar;c:\Users\AK59584\.vscode\extensions\pivotal.vscode-spring-boot-1.40.0\lang
Launcher Type: SUN_STANDARD

[Global flags]
     intx CICompilerCount                          = 4                                         {product} {ergonomic}
     uint ConcGCThreads                            = 2                                         {product} {ergonomic}
     uint G1ConcRefinementThreads                  = 8                                         {product} {ergonomic}
   size_t G1HeapRegionSize                         = 2097152                                   {product} {ergonomic}
    uintx GCDrainStackTargetSize                   = 64                                        {product} {ergonomic}
   size_t InitialHeapSize                          = 266338304                                 {product} {ergonomic}
   size_t MarkStackSize                            = 4194304                                   {product} {ergonomic}
   size_t MaxHeapSize                              = 4234149888                                {product} {ergonomic}
   size_t MaxNewSize                               = 2539651072                                {product} {ergonomic}
   size_t MinHeapDeltaBytes                        = 2097152                                   {product} {ergonomic}
   size_t MinHeapSize                              = 8388608                                   {product} {ergonomic}
    uintx NonProfiledCodeHeapSize                  = 0                                      {pd product} {ergonomic}
     bool ProfileInterpreter                       = false                                  {pd product} {command line}
    uintx ProfiledCodeHeapSize                     = 0                                      {pd product} {ergonomic}
   size_t SoftMaxHeapSize                          = 4234149888                             {manageable} {ergonomic}
     intx TieredStopAtLevel                        = 1                                         {product} {command line}
     bool UseCompressedClassPointers               = true                           {product lp64_product} {ergonomic}
     bool UseCompressedOops                        = true                           {product lp64_product} {ergonomic}
     bool UseG1GC                                  = true                                      {product} {ergonomic}
     bool UseLargePagesIndividualAllocation        = false                                  {pd product} {ergonomic}

Logging:
Log output configuration:
 #0: stdout all=warning,jni+resolve=off uptime,level,tags
 #1: stderr all=off uptime,level,tags

Environment Variables:
JAVA_HOME=C:\Program Files\Java\jdk1.8.0_91\bin
PATH=C:\Program Files (x86)\Common Files\Oracle\Java\javapath;C:\Windows\system32;C:\Windows;C:\Windows\System32\Wbem;C:\Windows\System32\WindowsPowerShell\v1.0\;C:\Windows\System32\OpenSSH\;C:\Program Files\PuTTY\;C:\ProgramData\Oracle\Java\javapath;";C:\Program Files\Android\Android Studio\tools;C:\Program Files\Android\Android Studio\platform-tools";C:\Program Files\Java\jdk1.8.0_91\bin;";C:\Program Files\Java\jdk1.8.0_91\bin\bin";C:\Program Files\nodejs\;C:\Program Files\Git\cmd;C:\Program Files\MySQL\MySQL Shell 8.0\bin\;C:\Users\AK59584\AppData\Local\Microsoft\WindowsApps;C:\Users\AK59584\AppData\Roaming\npm;C:\Users\AK59584\AppData\Local\Programs\Microsoft VS Code\bin
USERNAME=AK59584
OS=Windows_NT
PROCESSOR_IDENTIFIER=Intel64 Family 6 Model 142 Stepping 12, GenuineIntel
TMP=C:\Users\AK59584\AppData\Local\Temp
TEMP=C:\Users\AK59584\AppData\Local\Temp



---------------  S Y S T E M  ---------------

OS:
 Windows 10 , 64 bit Build 19041 (10.0.19041.1889)
OS uptime: 10 days 7:09 hours
Hyper-V role detected

CPU: total 8 (initial active 8) (4 cores per cpu, 2 threads per core) family 6 model 142 stepping 12 microcode 0xf0, cx8, cmov, fxsr, ht, mmx, 3dnowpref, sse, sse2, sse3, ssse3, sse4.1, sse4.2, popcnt, lzcnt, tsc, tscinvbit, avx, avx2, aes, erms, clmul, bmi1, bmi2, adx, fma, vzeroupper, clflush, clflushopt, hv

Memory: 4k page, system-wide physical 16144M (1035M free)
TotalPageFile size 46605M (AvailPageFile size 54M)
current process WorkingSet (physical memory assigned to process): 454M, peak: 454M
current process commit charge ("private bytes"): 488M, peak: 818M

vm_info: OpenJDK 64-Bit Server VM (17.0.4.1+1) for windows-amd64 JRE (17.0.4.1+1), built on Aug 17 2022 07:42:43 by "temurin" with MS VC++ 16.7 (VS2019)

END.
