#
# There is insufficient memory for the Java Runtime Environment to continue.
# Native memory allocation (mmap) failed to map 335544320 bytes for G1 virtual space
# Possible reasons:
#   The system is out of physical RAM or swap space
#   The process is running with CompressedOops enabled, and the Java Heap may be blocking the growth of the native heap
# Possible solutions:
#   Reduce memory load on the system
#   Increase physical memory or swap space
#   Check if swap backing store is full
#   Decrease Java heap size (-Xmx/-Xms)
#   Decrease number of Java threads
#   Decrease Java thread stack sizes (-Xss)
#   Set larger code cache with -XX:ReservedCodeCacheSize=
#   JVM is running with Zero Based Compressed Oops mode in which the Java heap is
#     placed in the first 32GB address space. The Java Heap base address is the
#     maximum limit for the native heap growth. Please use -XX:HeapBaseMinAddress
#     to set the Java Heap base and to place the Java Heap above 32GB virtual address.
# This output file may be truncated or incomplete.
#
#  Out of Memory Error (os_windows.cpp:3541), pid=23148, tid=23432
#
# JRE version: OpenJDK Runtime Environment Temurin-17.0.4.1+1 (17.0.4.1+1) (build 17.0.4.1+1)
# Java VM: OpenJDK 64-Bit Server VM Temurin-17.0.4.1+1 (17.0.4.1+1, mixed mode, emulated-client, tiered, compressed oops, compressed class ptrs, g1 gc, windows-amd64)
# No core dump will be written. Minidumps are not enabled by default on client versions of Windows
#

---------------  S U M M A R Y ------------

Command Line: -Dsts.lsp.client=vscode -Dsts.log.file=/dev/null -XX:TieredStopAtLevel=1 -Xlog:jni+resolve=off -Dspring.config.location=file:c:\Users\AK59584\.vscode\extensions\pivotal.vscode-spring-boot-1.40.0\language-server\BOOT-INF\classes\application.properties org.springframework.ide.vscode.boot.app.BootLanguageServerBootApp

Host: Intel(R) Core(TM) i5-10210U CPU @ 1.60GHz, 8 cores, 15G,  Windows 10 , 64 bit Build 19041 (10.0.19041.1889)
Time: Thu Nov 24 16:52:38 2022 India Standard Time elapsed time: 23.083578 seconds (0d 0h 0m 23s)

---------------  T H R E A D  ---------------

Current thread (0x00000109ebe0e1e0):  VMThread "VM Thread" [stack: 0x000000099f300000,0x000000099f400000] [id=23432]

Stack: [0x000000099f300000,0x000000099f400000]
Native frames: (J=compiled Java code, j=interpreted, Vv=VM code, C=native code)
V  [jvm.dll+0x67731a]
V  [jvm.dll+0x832284]
V  [jvm.dll+0x833a2e]
V  [jvm.dll+0x834093]
V  [jvm.dll+0x245775]
V  [jvm.dll+0x674209]
V  [jvm.dll+0x668a92]
V  [jvm.dll+0x30471b]
V  [jvm.dll+0x30bc66]
V  [jvm.dll+0x35ba9e]
V  [jvm.dll+0x35bccf]
V  [jvm.dll+0x2db5b8]
V  [jvm.dll+0x2d986c]
V  [jvm.dll+0x2d8e3c]
V  [jvm.dll+0x31cd9b]
V  [jvm.dll+0x83853b]
V  [jvm.dll+0x839274]
V  [jvm.dll+0x83978c]
V  [jvm.dll+0x839b64]
V  [jvm.dll+0x839c30]
V  [jvm.dll+0x7e240a]
V  [jvm.dll+0x6761a5]
C  [ucrtbase.dll+0x21bb2]
C  [KERNEL32.DLL+0x17034]
C  [ntdll.dll+0x526a1]

VM_Operation (0x00000009a17fdc60): G1CollectForAllocation, mode: safepoint, requested by thread 0x00000109edbf84c0


---------------  P R O C E S S  ---------------

Threads class SMR info:
_java_thread_list=0x00000109f03de0b0, length=40, elements={
0x00000109ebe364f0, 0x00000109ebe39890, 0x00000109ebe6bb30, 0x00000109ebe70410,
0x00000109ebe70cd0, 0x00000109ebe71590, 0x00000109d7506540, 0x00000109ebe9ed50,
0x00000109ec08a1f0, 0x00000109ec09dcc0, 0x00000109eda82ae0, 0x00000109d75041d0,
0x00000109ed1c6370, 0x00000109edadf120, 0x00000109d9f16a60, 0x00000109ed259a60,
0x00000109ed316740, 0x00000109ebee41e0, 0x00000109ec03b800, 0x00000109eddd4a40,
0x00000109edbf7180, 0x00000109edbf9330, 0x00000109edbf7ff0, 0x00000109edbf8990,
0x00000109edbf7650, 0x00000109edbfa1a0, 0x00000109edbf7b20, 0x00000109edbf84c0,
0x00000109edbf8e60, 0x00000109edbf9800, 0x00000109edbf9cd0, 0x00000109edfd20a0,
0x00000109edfcebb0, 0x00000109edfcdd40, 0x00000109edfcd3a0, 0x00000109d7505100,
0x00000109edfcca00, 0x00000109edfcd870, 0x00000109edfd1230, 0x00000109d7506f60
}

Java Threads: ( => current thread )
  0x00000109ebe364f0 JavaThread "Reference Handler" daemon [_thread_blocked, id=36840, stack(0x000000099f400000,0x000000099f500000)]
  0x00000109ebe39890 JavaThread "Finalizer" daemon [_thread_blocked, id=24548, stack(0x000000099f500000,0x000000099f600000)]
  0x00000109ebe6bb30 JavaThread "Signal Dispatcher" daemon [_thread_blocked, id=40868, stack(0x000000099f600000,0x000000099f700000)]
  0x00000109ebe70410 JavaThread "Attach Listener" daemon [_thread_blocked, id=39704, stack(0x000000099f700000,0x000000099f800000)]
  0x00000109ebe70cd0 JavaThread "Service Thread" daemon [_thread_blocked, id=38808, stack(0x000000099f800000,0x000000099f900000)]
  0x00000109ebe71590 JavaThread "Monitor Deflation Thread" daemon [_thread_blocked, id=26148, stack(0x000000099f900000,0x000000099fa00000)]
  0x00000109d7506540 JavaThread "C1 CompilerThread0" daemon [_thread_blocked, id=40552, stack(0x000000099fa00000,0x000000099fb00000)]
  0x00000109ebe9ed50 JavaThread "Sweeper thread" daemon [_thread_blocked, id=36016, stack(0x000000099fb00000,0x000000099fc00000)]
  0x00000109ec08a1f0 JavaThread "Notification Thread" daemon [_thread_blocked, id=2460, stack(0x000000099fe00000,0x000000099ff00000)]
  0x00000109ec09dcc0 JavaThread "Common-Cleaner" daemon [_thread_blocked, id=29956, stack(0x00000009a0000000,0x00000009a0100000)]
  0x00000109eda82ae0 JavaThread "boundedElastic-evictor-1" daemon [_thread_blocked, id=26124, stack(0x00000009a0900000,0x00000009a0a00000)]
  0x00000109d75041d0 JavaThread "C1 CompilerThread1" daemon [_thread_blocked, id=30480, stack(0x000000099fc00000,0x000000099fd00000)]
  0x00000109ed1c6370 JavaThread "pool-9-thread-1" [_thread_blocked, id=37200, stack(0x000000099fd00000,0x000000099fe00000)]
  0x00000109edadf120 JavaThread "LanguageServerApp-lifecycle" [_thread_blocked, id=36916, stack(0x00000009a0100000,0x00000009a0200000)]
  0x00000109d9f16a60 JavaThread "DestroyJavaVM" [_thread_blocked, id=32260, stack(0x000000099ed00000,0x000000099ee00000)]
  0x00000109ed259a60 JavaThread "pool-10-thread-1" [_thread_in_native, id=21304, stack(0x00000009a0b00000,0x00000009a0c00000)]
  0x00000109ed316740 JavaThread "Simple-Language-Server main thread" daemon [_thread_blocked, id=36512, stack(0x00000009a0c00000,0x00000009a0d00000)]
  0x00000109ebee41e0 JavaThread "ForkJoinPool.commonPool-worker-1" daemon [_thread_blocked, id=19884, stack(0x00000009a0d00000,0x00000009a0e00000)]
  0x00000109ec03b800 JavaThread "parallel-1" daemon [_thread_blocked, id=28060, stack(0x00000009a0e00000,0x00000009a0f00000)]
  0x00000109eddd4a40 JavaThread "Reconciler-1" daemon [_thread_blocked, id=33332, stack(0x00000009a0f00000,0x00000009a1000000)]
  0x00000109edbf7180 JavaThread "parallel-2" daemon [_thread_blocked, id=4584, stack(0x00000009a1000000,0x00000009a1100000)]
  0x00000109edbf9330 JavaThread "ClassGraph-worker-0" daemon [_thread_blocked, id=37160, stack(0x00000009a1100000,0x00000009a1200000)]
  0x00000109edbf7ff0 JavaThread "ClassGraph-worker-1" daemon [_thread_blocked, id=37960, stack(0x00000009a1200000,0x00000009a1300000)]
  0x00000109edbf8990 JavaThread "ClassGraph-worker-2" daemon [_thread_blocked, id=30644, stack(0x00000009a1300000,0x00000009a1400000)]
  0x00000109edbf7650 JavaThread "ClassGraph-worker-3" daemon [_thread_blocked, id=11752, stack(0x00000009a1400000,0x00000009a1500000)]
  0x00000109edbfa1a0 JavaThread "ClassGraph-worker-4" daemon [_thread_blocked, id=20064, stack(0x00000009a1500000,0x00000009a1600000)]
  0x00000109edbf7b20 JavaThread "ClassGraph-worker-5" daemon [_thread_blocked, id=18428, stack(0x00000009a1600000,0x00000009a1700000)]
  0x00000109edbf84c0 JavaThread "ClassGraph-worker-6" daemon [_thread_blocked, id=38616, stack(0x00000009a1700000,0x00000009a1800000)]
  0x00000109edbf8e60 JavaThread "ClassGraph-worker-7" daemon [_thread_blocked, id=28632, stack(0x00000009a1800000,0x00000009a1900000)]
  0x00000109edbf9800 JavaThread "ClassGraph-worker-8" daemon [_thread_blocked, id=29800, stack(0x00000009a1900000,0x00000009a1a00000)]
  0x00000109edbf9cd0 JavaThread "ClassGraph-worker-9" daemon [_thread_blocked, id=26092, stack(0x00000009a1a00000,0x00000009a1b00000)]
  0x00000109edfd20a0 JavaThread "ClassGraph-worker-10" daemon [_thread_blocked, id=30332, stack(0x00000009a1b00000,0x00000009a1c00000)]
  0x00000109edfcebb0 JavaThread "ClassGraph-worker-11" daemon [_thread_blocked, id=11872, stack(0x00000009a1c00000,0x00000009a1d00000)]
  0x00000109edfcdd40 JavaThread "ClassGraph-worker-12" daemon [_thread_blocked, id=30624, stack(0x00000009a1d00000,0x00000009a1e00000)]
  0x00000109edfcd3a0 JavaThread "ClassGraph-worker-13" daemon [_thread_blocked, id=22292, stack(0x00000009a1e00000,0x00000009a1f00000)]
  0x00000109d7505100 JavaThread "C1 CompilerThread2" daemon [_thread_blocked, id=30452, stack(0x00000009a1f00000,0x00000009a2000000)]
  0x00000109edfcca00 JavaThread "pool-5-thread-1" [_thread_blocked, id=24484, stack(0x00000009a2200000,0x00000009a2300000)]
  0x00000109edfcd870 JavaThread "parallel-3" daemon [_thread_blocked, id=7660, stack(0x00000009a2300000,0x00000009a2400000)]
  0x00000109edfd1230 JavaThread "Project-Reconciler-1" daemon [_thread_blocked, id=21604, stack(0x00000009a2400000,0x00000009a2500000)]
  0x00000109d7506f60 JavaThread "C1 CompilerThread3" daemon [_thread_blocked, id=18656, stack(0x00000009a2000000,0x00000009a2100000)]

Other Threads:
=>0x00000109ebe0e1e0 VMThread "VM Thread" [stack: 0x000000099f300000,0x000000099f400000] [id=23432]
  0x00000109d7502f30 WatcherThread [stack: 0x000000099ff00000,0x00000009a0000000] [id=32320]
  0x00000109d9f32780 GCTaskThread "GC Thread#0" [stack: 0x000000099ee00000,0x000000099ef00000] [id=34268]
  0x00000109ed441440 GCTaskThread "GC Thread#1" [stack: 0x00000009a0200000,0x00000009a0300000] [id=3920]
  0x00000109ed499a40 GCTaskThread "GC Thread#2" [stack: 0x00000009a0300000,0x00000009a0400000] [id=38392]
  0x00000109ed499cf0 GCTaskThread "GC Thread#3" [stack: 0x00000009a0400000,0x00000009a0500000] [id=35972]
  0x00000109ed499fa0 GCTaskThread "GC Thread#4" [stack: 0x00000009a0500000,0x00000009a0600000] [id=9488]
  0x00000109ed49f460 GCTaskThread "GC Thread#5" [stack: 0x00000009a0600000,0x00000009a0700000] [id=21216]
  0x00000109ed6b2770 GCTaskThread "GC Thread#6" [stack: 0x00000009a0700000,0x00000009a0800000] [id=34572]
  0x00000109ed6b3e40 GCTaskThread "GC Thread#7" [stack: 0x00000009a0800000,0x00000009a0900000] [id=29384]
  0x00000109d9f3b2e0 ConcurrentGCThread "G1 Main Marker" [stack: 0x000000099ef00000,0x000000099f000000] [id=34284]
  0x00000109d9f3cb10 ConcurrentGCThread "G1 Conc#0" [stack: 0x000000099f000000,0x000000099f100000] [id=14436]
  0x00000109ed8d02f0 ConcurrentGCThread "G1 Conc#1" [stack: 0x00000009a0a00000,0x00000009a0b00000] [id=12988]
  0x00000109d9f3ec80 ConcurrentGCThread "G1 Refine#0" [stack: 0x000000099f100000,0x000000099f200000] [id=26292]
  0x00000109ede87030 ConcurrentGCThread "G1 Refine#1" [stack: 0x00000009a2100000,0x00000009a2200000] [id=35624]
  0x00000109d9768f40 ConcurrentGCThread "G1 Service" [stack: 0x000000099f200000,0x000000099f300000] [id=4020]

Threads with active compile tasks:

VM state: at safepoint (normal execution)

VM Mutex/Monitor currently owned by a thread:  ([mutex/lock_event])
[0x00000109d75364a0] Threads_lock - owner thread: 0x00000109ebe0e1e0
[0x00000109d9f14b50] Heap_lock - owner thread: 0x00000109edbf84c0

Heap address: 0x0000000703a00000, size: 4038 MB, Compressed Oops mode: Zero based, Oop shift amount: 3

CDS archive(s) not mapped
Compressed class space mapped at: 0x0000000800000000-0x0000000840000000, reserved size: 1073741824
Narrow klass base: 0x0000000800000000, Narrow klass shift: 0, Narrow klass range: 0x40000000

GC Precious Log:
 CPUs: 8 total, 8 available
 Memory: 16144M
 Large Page Support: Disabled
 NUMA Support: Disabled
 Compressed Oops: Enabled (Zero based)
 Heap Region Size: 2M
 Heap Min Capacity: 8M
 Heap Initial Capacity: 254M
 Heap Max Capacity: 4038M
 Pre-touch: Disabled
 Parallel Workers: 8
 Concurrent Workers: 2
 Concurrent Refinement Workers: 8
 Periodic GC: Disabled

Heap:
 garbage-first heap   total 276480K, used 93790K [0x0000000703a00000, 0x0000000800000000)
  region size 2048K, 6 young (12288K), 6 survivors (12288K)
 Metaspace       used 39096K, committed 39424K, reserved 1089536K
  class space    used 4970K, committed 5120K, reserved 1048576K

Heap Regions: E=young(eden), S=young(survivor), O=old, HS=humongous(starts), HC=humongous(continues), CS=collection set, F=free, OA=open archive, CA=closed archive, TAMS=top-at-mark-start (previous, next)
|   0|0x0000000703a00000, 0x0000000703c00000, 0x0000000703c00000|100%| O|  |TAMS 0x0000000703c00000, 0x0000000703a00000| Untracked 
|   1|0x0000000703c00000, 0x0000000703e00000, 0x0000000703e00000|100%| O|  |TAMS 0x0000000703e00000, 0x0000000703c00000| Untracked 
|   2|0x0000000703e00000, 0x0000000704000000, 0x0000000704000000|100%| O|  |TAMS 0x0000000704000000, 0x0000000703e00000| Untracked 
|   3|0x0000000704000000, 0x00000007041efc00, 0x0000000704200000| 96%| O|  |TAMS 0x00000007041efc00, 0x0000000704000000| Untracked 
|   4|0x0000000704200000, 0x0000000704400000, 0x0000000704400000|100%| O|  |TAMS 0x0000000704400000, 0x0000000704200000| Untracked 
|   5|0x0000000704400000, 0x0000000704600000, 0x0000000704600000|100%| O|  |TAMS 0x0000000704600000, 0x0000000704400000| Untracked 
|   6|0x0000000704600000, 0x0000000704800000, 0x0000000704800000|100%| O|  |TAMS 0x0000000704800000, 0x0000000704600000| Untracked 
|   7|0x0000000704800000, 0x0000000704a00000, 0x0000000704a00000|100%| O|  |TAMS 0x0000000704a00000, 0x0000000704800000| Untracked 
|   8|0x0000000704a00000, 0x0000000704c00000, 0x0000000704c00000|100%| O|  |TAMS 0x0000000704c00000, 0x0000000704a00000| Untracked 
|   9|0x0000000704c00000, 0x0000000704e00000, 0x0000000704e00000|100%| O|  |TAMS 0x0000000704e00000, 0x0000000704c00000| Untracked 
|  10|0x0000000704e00000, 0x0000000705000000, 0x0000000705000000|100%| O|  |TAMS 0x0000000705000000, 0x0000000704e00000| Untracked 
|  11|0x0000000705000000, 0x0000000705200000, 0x0000000705200000|100%| O|  |TAMS 0x0000000705200000, 0x0000000705000000| Untracked 
|  12|0x0000000705200000, 0x0000000705400000, 0x0000000705400000|100%| O|  |TAMS 0x0000000705400000, 0x0000000705200000| Untracked 
|  13|0x0000000705400000, 0x0000000705600000, 0x0000000705600000|100%| O|  |TAMS 0x0000000705600000, 0x0000000705400000| Untracked 
|  14|0x0000000705600000, 0x0000000705800000, 0x0000000705800000|100%| O|  |TAMS 0x0000000705800000, 0x0000000705600000| Untracked 
|  15|0x0000000705800000, 0x0000000705a00000, 0x0000000705a00000|100%| O|  |TAMS 0x0000000705a00000, 0x0000000705800000| Untracked 
|  16|0x0000000705a00000, 0x0000000705c00000, 0x0000000705c00000|100%| O|  |TAMS 0x0000000705c00000, 0x0000000705a00000| Untracked 
|  17|0x0000000705c00000, 0x0000000705e00000, 0x0000000705e00000|100%| O|  |TAMS 0x0000000705e00000, 0x0000000705c00000| Untracked 
|  18|0x0000000705e00000, 0x0000000706000000, 0x0000000706000000|100%| O|  |TAMS 0x0000000706000000, 0x0000000705e00000| Untracked 
|  19|0x0000000706000000, 0x0000000706200000, 0x0000000706200000|100%| O|  |TAMS 0x0000000706200000, 0x0000000706000000| Untracked 
|  20|0x0000000706200000, 0x0000000706400000, 0x0000000706400000|100%| O|  |TAMS 0x0000000706400000, 0x0000000706200000| Untracked 
|  21|0x0000000706400000, 0x0000000706600000, 0x0000000706600000|100%| O|  |TAMS 0x0000000706600000, 0x0000000706400000| Untracked 
|  22|0x0000000706600000, 0x0000000706800000, 0x0000000706800000|100%| O|  |TAMS 0x0000000706800000, 0x0000000706600000| Untracked 
|  23|0x0000000706800000, 0x0000000706a00000, 0x0000000706a00000|100%| O|  |TAMS 0x0000000706a00000, 0x0000000706800000| Untracked 
|  24|0x0000000706a00000, 0x0000000706c00000, 0x0000000706c00000|100%|HS|  |TAMS 0x0000000706c00000, 0x0000000706a00000| Complete 
|  25|0x0000000706c00000, 0x0000000706e00000, 0x0000000706e00000|100%| O|  |TAMS 0x0000000706e00000, 0x0000000706c00000| Untracked 
|  26|0x0000000706e00000, 0x0000000707000000, 0x0000000707000000|100%| O|  |TAMS 0x0000000707000000, 0x0000000706e00000| Untracked 
|  27|0x0000000707000000, 0x0000000707200000, 0x0000000707200000|100%| O|  |TAMS 0x0000000707200000, 0x0000000707000000| Untracked 
|  28|0x0000000707200000, 0x0000000707400000, 0x0000000707400000|100%| O|  |TAMS 0x0000000707400000, 0x0000000707200000| Untracked 
|  29|0x0000000707400000, 0x0000000707600000, 0x0000000707600000|100%| O|  |TAMS 0x0000000707600000, 0x0000000707400000| Untracked 
|  30|0x0000000707600000, 0x0000000707800000, 0x0000000707800000|100%| O|  |TAMS 0x0000000707800000, 0x0000000707600000| Untracked 
|  31|0x0000000707800000, 0x0000000707a00000, 0x0000000707a00000|100%| O|  |TAMS 0x0000000707880800, 0x0000000707800000| Untracked 
|  32|0x0000000707a00000, 0x0000000707c00000, 0x0000000707c00000|100%| O|  |TAMS 0x0000000707a00000, 0x0000000707a00000| Untracked 
|  33|0x0000000707c00000, 0x0000000707e00000, 0x0000000707e00000|100%| O|  |TAMS 0x0000000707c00000, 0x0000000707c00000| Untracked 
|  34|0x0000000707e00000, 0x0000000708000000, 0x0000000708000000|100%| O|  |TAMS 0x0000000707e00000, 0x0000000707e00000| Untracked 
|  35|0x0000000708000000, 0x0000000708200000, 0x0000000708200000|100%| O|  |TAMS 0x0000000708000000, 0x0000000708000000| Untracked 
|  36|0x0000000708200000, 0x0000000708400000, 0x0000000708400000|100%| O|  |TAMS 0x0000000708200000, 0x0000000708200000| Untracked 
|  37|0x0000000708400000, 0x0000000708600000, 0x0000000708600000|100%| O|  |TAMS 0x0000000708400000, 0x0000000708400000| Untracked 
|  38|0x0000000708600000, 0x0000000708800000, 0x0000000708800000|100%| O|  |TAMS 0x0000000708600000, 0x0000000708600000| Untracked 
|  39|0x0000000708800000, 0x0000000708a00000, 0x0000000708a00000|100%| O|  |TAMS 0x0000000708800000, 0x0000000708800000| Untracked 
|  40|0x0000000708a00000, 0x0000000708a3d400, 0x0000000708c00000| 11%| O|  |TAMS 0x0000000708a00000, 0x0000000708a00000| Untracked 
|  41|0x0000000708c00000, 0x0000000708c00000, 0x0000000708e00000|  0%| F|  |TAMS 0x0000000708c00000, 0x0000000708c00000| Untracked 
|  42|0x0000000708e00000, 0x0000000708e00000, 0x0000000709000000|  0%| F|  |TAMS 0x0000000708e00000, 0x0000000708e00000| Untracked 
|  43|0x0000000709000000, 0x0000000709000000, 0x0000000709200000|  0%| F|  |TAMS 0x0000000709000000, 0x0000000709000000| Untracked 
|  44|0x0000000709200000, 0x0000000709200000, 0x0000000709400000|  0%| F|  |TAMS 0x0000000709200000, 0x0000000709200000| Untracked 
|  45|0x0000000709400000, 0x0000000709400000, 0x0000000709600000|  0%| F|  |TAMS 0x0000000709400000, 0x0000000709400000| Untracked 
|  46|0x0000000709600000, 0x0000000709600000, 0x0000000709800000|  0%| F|  |TAMS 0x0000000709600000, 0x0000000709600000| Untracked 
|  47|0x0000000709800000, 0x0000000709800000, 0x0000000709a00000|  0%| F|  |TAMS 0x0000000709800000, 0x0000000709800000| Untracked 
|  48|0x0000000709a00000, 0x0000000709a00000, 0x0000000709c00000|  0%| F|  |TAMS 0x0000000709a00000, 0x0000000709a00000| Untracked 
|  49|0x0000000709c00000, 0x0000000709c00000, 0x0000000709e00000|  0%| F|  |TAMS 0x0000000709c00000, 0x0000000709c00000| Untracked 
|  50|0x0000000709e00000, 0x0000000709e00000, 0x000000070a000000|  0%| F|  |TAMS 0x0000000709e00000, 0x0000000709e00000| Untracked 
|  51|0x000000070a000000, 0x000000070a000000, 0x000000070a200000|  0%| F|  |TAMS 0x000000070a000000, 0x000000070a000000| Untracked 
|  52|0x000000070a200000, 0x000000070a200000, 0x000000070a400000|  0%| F|  |TAMS 0x000000070a200000, 0x000000070a200000| Untracked 
|  53|0x000000070a400000, 0x000000070a400000, 0x000000070a600000|  0%| F|  |TAMS 0x000000070a400000, 0x000000070a400000| Untracked 
|  54|0x000000070a600000, 0x000000070a600000, 0x000000070a800000|  0%| F|  |TAMS 0x000000070a600000, 0x000000070a600000| Untracked 
|  55|0x000000070a800000, 0x000000070a800000, 0x000000070aa00000|  0%| F|  |TAMS 0x000000070a800000, 0x000000070a800000| Untracked 
|  56|0x000000070aa00000, 0x000000070aa00000, 0x000000070ac00000|  0%| F|  |TAMS 0x000000070aa00000, 0x000000070aa00000| Untracked 
|  57|0x000000070ac00000, 0x000000070ac00000, 0x000000070ae00000|  0%| F|  |TAMS 0x000000070ac00000, 0x000000070ac00000| Untracked 
|  58|0x000000070ae00000, 0x000000070ae00000, 0x000000070b000000|  0%| F|  |TAMS 0x000000070ae00000, 0x000000070ae00000| Untracked 
|  59|0x000000070b000000, 0x000000070b000000, 0x000000070b200000|  0%| F|  |TAMS 0x000000070b000000, 0x000000070b000000| Untracked 
|  60|0x000000070b200000, 0x000000070b36aae0, 0x000000070b400000| 70%| S|CS|TAMS 0x000000070b200000, 0x000000070b200000| Complete 
|  61|0x000000070b400000, 0x000000070b600000, 0x000000070b600000|100%| S|CS|TAMS 0x000000070b400000, 0x000000070b400000| Complete 
|  62|0x000000070b600000, 0x000000070b600000, 0x000000070b800000|  0%| F|  |TAMS 0x000000070b600000, 0x000000070b600000| Untracked 
|  63|0x000000070b800000, 0x000000070b800000, 0x000000070ba00000|  0%| F|  |TAMS 0x000000070b800000, 0x000000070b800000| Untracked 
|  64|0x000000070ba00000, 0x000000070ba00000, 0x000000070bc00000|  0%| F|  |TAMS 0x000000070ba00000, 0x000000070ba00000| Untracked 
|  65|0x000000070bc00000, 0x000000070bc00000, 0x000000070be00000|  0%| F|  |TAMS 0x000000070bc00000, 0x000000070bc00000| Untracked 
|  66|0x000000070be00000, 0x000000070c000000, 0x000000070c000000|100%| S|CS|TAMS 0x000000070be00000, 0x000000070be00000| Complete 
|  67|0x000000070c000000, 0x000000070c200000, 0x000000070c200000|100%| S|CS|TAMS 0x000000070c000000, 0x000000070c000000| Complete 
|  68|0x000000070c200000, 0x000000070c400000, 0x000000070c400000|100%| S|CS|TAMS 0x000000070c200000, 0x000000070c200000| Complete 
|  69|0x000000070c400000, 0x000000070c600000, 0x000000070c600000|100%| S|CS|TAMS 0x000000070c400000, 0x000000070c400000| Complete 
|  70|0x000000070c600000, 0x000000070c600000, 0x000000070c800000|  0%| F|  |TAMS 0x000000070c600000, 0x000000070c600000| Untracked 
|  71|0x000000070c800000, 0x000000070c800000, 0x000000070ca00000|  0%| F|  |TAMS 0x000000070c800000, 0x000000070c800000| Untracked 
|  72|0x000000070ca00000, 0x000000070ca00000, 0x000000070cc00000|  0%| F|  |TAMS 0x000000070ca00000, 0x000000070ca00000| Untracked 
|  73|0x000000070cc00000, 0x000000070cc00000, 0x000000070ce00000|  0%| F|  |TAMS 0x000000070cc00000, 0x000000070cc00000| Untracked 
|  74|0x000000070ce00000, 0x000000070ce00000, 0x000000070d000000|  0%| F|  |TAMS 0x000000070ce00000, 0x000000070ce00000| Untracked 
|  75|0x000000070d000000, 0x000000070d000000, 0x000000070d200000|  0%| F|  |TAMS 0x000000070d000000, 0x000000070d000000| Untracked 
|  76|0x000000070d200000, 0x000000070d200000, 0x000000070d400000|  0%| F|  |TAMS 0x000000070d200000, 0x000000070d200000| Untracked 
|  77|0x000000070d400000, 0x000000070d400000, 0x000000070d600000|  0%| F|  |TAMS 0x000000070d400000, 0x000000070d400000| Untracked 
|  78|0x000000070d600000, 0x000000070d600000, 0x000000070d800000|  0%| F|  |TAMS 0x000000070d600000, 0x000000070d600000| Untracked 
|  79|0x000000070d800000, 0x000000070d800000, 0x000000070da00000|  0%| F|  |TAMS 0x000000070d800000, 0x000000070d800000| Untracked 
|  80|0x000000070da00000, 0x000000070da00000, 0x000000070dc00000|  0%| F|  |TAMS 0x000000070da00000, 0x000000070da00000| Untracked 
|  81|0x000000070dc00000, 0x000000070dc00000, 0x000000070de00000|  0%| F|  |TAMS 0x000000070dc00000, 0x000000070dc00000| Untracked 
|  82|0x000000070de00000, 0x000000070de00000, 0x000000070e000000|  0%| F|  |TAMS 0x000000070de00000, 0x000000070de00000| Untracked 
|  83|0x000000070e000000, 0x000000070e000000, 0x000000070e200000|  0%| F|  |TAMS 0x000000070e000000, 0x000000070e000000| Untracked 
|  84|0x000000070e200000, 0x000000070e200000, 0x000000070e400000|  0%| F|  |TAMS 0x000000070e200000, 0x000000070e200000| Untracked 
|  85|0x000000070e400000, 0x000000070e400000, 0x000000070e600000|  0%| F|  |TAMS 0x000000070e400000, 0x000000070e400000| Untracked 
|  86|0x000000070e600000, 0x000000070e600000, 0x000000070e800000|  0%| F|  |TAMS 0x000000070e600000, 0x000000070e600000| Untracked 
|  87|0x000000070e800000, 0x000000070e800000, 0x000000070ea00000|  0%| F|  |TAMS 0x000000070e800000, 0x000000070e800000| Untracked 
|  88|0x000000070ea00000, 0x000000070ea00000, 0x000000070ec00000|  0%| F|  |TAMS 0x000000070ea00000, 0x000000070ea00000| Untracked 
|  89|0x000000070ec00000, 0x000000070ec00000, 0x000000070ee00000|  0%| F|  |TAMS 0x000000070ec00000, 0x000000070ec00000| Untracked 
|  90|0x000000070ee00000, 0x000000070ee00000, 0x000000070f000000|  0%| F|  |TAMS 0x000000070ee00000, 0x000000070ee00000| Untracked 
|  91|0x000000070f000000, 0x000000070f000000, 0x000000070f200000|  0%| F|  |TAMS 0x000000070f000000, 0x000000070f000000| Untracked 
|  92|0x000000070f200000, 0x000000070f200000, 0x000000070f400000|  0%| F|  |TAMS 0x000000070f200000, 0x000000070f200000| Untracked 
|  93|0x000000070f400000, 0x000000070f400000, 0x000000070f600000|  0%| F|  |TAMS 0x000000070f400000, 0x000000070f400000| Untracked 
|  94|0x000000070f600000, 0x000000070f600000, 0x000000070f800000|  0%| F|  |TAMS 0x000000070f600000, 0x000000070f600000| Untracked 
|  95|0x000000070f800000, 0x000000070f800000, 0x000000070fa00000|  0%| F|  |TAMS 0x000000070f800000, 0x000000070f800000| Untracked 
|  96|0x000000070fa00000, 0x000000070fa00000, 0x000000070fc00000|  0%| F|  |TAMS 0x000000070fa00000, 0x000000070fa00000| Untracked 
|  97|0x000000070fc00000, 0x000000070fc00000, 0x000000070fe00000|  0%| F|  |TAMS 0x000000070fc00000, 0x000000070fc00000| Untracked 
|  98|0x000000070fe00000, 0x000000070fe00000, 0x0000000710000000|  0%| F|  |TAMS 0x000000070fe00000, 0x000000070fe00000| Untracked 
|  99|0x0000000710000000, 0x0000000710000000, 0x0000000710200000|  0%| F|  |TAMS 0x0000000710000000, 0x0000000710000000| Untracked 
| 100|0x0000000710200000, 0x0000000710200000, 0x0000000710400000|  0%| F|  |TAMS 0x0000000710200000, 0x0000000710200000| Untracked 
| 101|0x0000000710400000, 0x0000000710400000, 0x0000000710600000|  0%| F|  |TAMS 0x0000000710400000, 0x0000000710400000| Untracked 
| 102|0x0000000710600000, 0x0000000710600000, 0x0000000710800000|  0%| F|  |TAMS 0x0000000710600000, 0x0000000710600000| Untracked 
| 103|0x0000000710800000, 0x0000000710800000, 0x0000000710a00000|  0%| F|  |TAMS 0x0000000710800000, 0x0000000710800000| Untracked 
| 104|0x0000000710a00000, 0x0000000710a00000, 0x0000000710c00000|  0%| F|  |TAMS 0x0000000710a00000, 0x0000000710a00000| Untracked 
| 105|0x0000000710c00000, 0x0000000710c00000, 0x0000000710e00000|  0%| F|  |TAMS 0x0000000710c00000, 0x0000000710c00000| Untracked 
| 106|0x0000000710e00000, 0x0000000710e00000, 0x0000000711000000|  0%| F|  |TAMS 0x0000000710e00000, 0x0000000710e00000| Untracked 
| 107|0x0000000711000000, 0x0000000711000000, 0x0000000711200000|  0%| F|  |TAMS 0x0000000711000000, 0x0000000711000000| Untracked 
| 108|0x0000000711200000, 0x0000000711200000, 0x0000000711400000|  0%| F|  |TAMS 0x0000000711200000, 0x0000000711200000| Untracked 
| 109|0x0000000711400000, 0x0000000711400000, 0x0000000711600000|  0%| F|  |TAMS 0x0000000711400000, 0x0000000711400000| Untracked 
| 110|0x0000000711600000, 0x0000000711600000, 0x0000000711800000|  0%| F|  |TAMS 0x0000000711600000, 0x0000000711600000| Untracked 
| 111|0x0000000711800000, 0x0000000711800000, 0x0000000711a00000|  0%| F|  |TAMS 0x0000000711800000, 0x0000000711800000| Untracked 
| 112|0x0000000711a00000, 0x0000000711a00000, 0x0000000711c00000|  0%| F|  |TAMS 0x0000000711a00000, 0x0000000711a00000| Untracked 
| 113|0x0000000711c00000, 0x0000000711c00000, 0x0000000711e00000|  0%| F|  |TAMS 0x0000000711c00000, 0x0000000711c00000| Untracked 
| 114|0x0000000711e00000, 0x0000000711e00000, 0x0000000712000000|  0%| F|  |TAMS 0x0000000711e00000, 0x0000000711e00000| Untracked 
| 115|0x0000000712000000, 0x0000000712000000, 0x0000000712200000|  0%| F|  |TAMS 0x0000000712000000, 0x0000000712000000| Untracked 
| 116|0x0000000712200000, 0x0000000712200000, 0x0000000712400000|  0%| F|  |TAMS 0x0000000712200000, 0x0000000712200000| Untracked 
| 117|0x0000000712400000, 0x0000000712400000, 0x0000000712600000|  0%| F|  |TAMS 0x0000000712400000, 0x0000000712400000| Untracked 
| 118|0x0000000712600000, 0x0000000712600000, 0x0000000712800000|  0%| F|  |TAMS 0x0000000712600000, 0x0000000712600000| Untracked 
| 119|0x0000000712800000, 0x0000000712800000, 0x0000000712a00000|  0%| F|  |TAMS 0x0000000712800000, 0x0000000712800000| Untracked 
| 120|0x0000000712a00000, 0x0000000712a00000, 0x0000000712c00000|  0%| F|  |TAMS 0x0000000712a00000, 0x0000000712a00000| Untracked 
| 121|0x0000000712c00000, 0x0000000712c00000, 0x0000000712e00000|  0%| F|  |TAMS 0x0000000712c00000, 0x0000000712c00000| Untracked 
| 122|0x0000000712e00000, 0x0000000712e00000, 0x0000000713000000|  0%| F|  |TAMS 0x0000000712e00000, 0x0000000712e00000| Untracked 
| 123|0x0000000713000000, 0x0000000713000000, 0x0000000713200000|  0%| F|  |TAMS 0x0000000713000000, 0x0000000713000000| Untracked 
| 124|0x0000000713200000, 0x0000000713200000, 0x0000000713400000|  0%| F|  |TAMS 0x0000000713200000, 0x0000000713200000| Untracked 
| 125|0x0000000713400000, 0x0000000713400000, 0x0000000713600000|  0%| F|  |TAMS 0x0000000713400000, 0x0000000713400000| Untracked 
| 126|0x0000000713600000, 0x0000000713600000, 0x0000000713800000|  0%| F|  |TAMS 0x0000000713600000, 0x0000000713600000| Untracked 
| 127|0x0000000713800000, 0x0000000713800000, 0x0000000713a00000|  0%| F|  |TAMS 0x0000000713800000, 0x0000000713800000| Untracked 
| 128|0x0000000713a00000, 0x0000000713a00000, 0x0000000713c00000|  0%| F|  |TAMS 0x0000000713a00000, 0x0000000713a00000| Untracked 
| 129|0x0000000713c00000, 0x0000000713c00000, 0x0000000713e00000|  0%| F|  |TAMS 0x0000000713c00000, 0x0000000713c00000| Untracked 
| 130|0x0000000713e00000, 0x0000000713e00000, 0x0000000714000000|  0%| F|  |TAMS 0x0000000713e00000, 0x0000000713e00000| Untracked 
| 131|0x0000000714000000, 0x0000000714000000, 0x0000000714200000|  0%| F|  |TAMS 0x0000000714000000, 0x0000000714000000| Untracked 
| 132|0x0000000714200000, 0x0000000714200000, 0x0000000714400000|  0%| F|  |TAMS 0x0000000714200000, 0x0000000714200000| Untracked 
| 133|0x0000000714400000, 0x0000000714400000, 0x0000000714600000|  0%| F|  |TAMS 0x0000000714400000, 0x0000000714400000| Untracked 
| 134|0x0000000714600000, 0x0000000714600000, 0x0000000714800000|  0%| F|  |TAMS 0x0000000714600000, 0x0000000714600000| Untracked 

Card table byte_map: [0x00000109e0620000,0x00000109e0e10000] _byte_map_base: 0x00000109dce03000

Marking Bits (Prev, Next): (CMBitMap*) 0x00000109d9f32ba0, (CMBitMap*) 0x00000109d9f32be0
 Prev Bits: [0x00000109e1600000, 0x00000109e5518000)
 Next Bits: [0x00000109e5520000, 0x00000109e9438000)

Polling page: 0x00000109d9200000

Metaspace:

Usage:
  Non-class:     33.33 MB used.
      Class:      4.85 MB used.
       Both:     38.18 MB used.

Virtual space:
  Non-class space:       40.00 MB reserved,      33.50 MB ( 84%) committed,  5 nodes.
      Class space:        1.00 GB reserved,       5.00 MB ( <1%) committed,  1 nodes.
             Both:        1.04 GB reserved,      38.50 MB (  4%) committed. 

Chunk freelists:
   Non-Class:  2.45 MB
       Class:  2.84 MB
        Both:  5.30 MB

MaxMetaspaceSize: unlimited
CompressedClassSpaceSize: 1.00 GB
Initial GC threshold: 21.00 MB
Current GC threshold: 63.88 MB
CDS: off
MetaspaceReclaimPolicy: balanced
 - commit_granule_bytes: 65536.
 - commit_granule_words: 8192.
 - virtual_space_node_default_size: 1048576.
 - enlarge_chunks_in_place: 1.
 - new_chunks_are_fully_committed: 0.
 - uncommit_free_chunks: 1.
 - use_allocation_guard: 0.
 - handle_deallocations: 1.


Internal statistics:

num_allocs_failed_limit: 8.
num_arena_births: 384.
num_arena_deaths: 0.
num_vsnodes_births: 6.
num_vsnodes_deaths: 0.
num_space_committed: 616.
num_space_uncommitted: 0.
num_chunks_returned_to_freelist: 8.
num_chunks_taken_from_freelist: 1517.
num_chunk_merges: 8.
num_chunk_splits: 1071.
num_chunks_enlarged: 827.
num_purges: 0.
num_inconsistent_stats: 0.

CodeCache: size=49152Kb used=9523Kb max_used=9523Kb free=39629Kb
 bounds [0x00000109dcb00000, 0x00000109dd490000, 0x00000109dfb00000]
 total_blobs=4499 nmethods=3961 adapters=462
 compilation: enabled
              stopped_count=0, restarted_count=0
 full_count=0

Compilation events (20 events):
Event: 22.624 Thread 0x00000109d75041d0 nmethod 3936 0x00000109dd226510 code [0x00000109dd226720, 0x00000109dd226ca8]
Event: 22.624 Thread 0x00000109d7506f60 nmethod 3950 0x00000109dd226f10 code [0x00000109dd227100, 0x00000109dd2274b8]
Event: 22.625 Thread 0x00000109d75041d0 3959   !   1       jdk.internal.reflect.GeneratedMethodAccessor28::invoke (67 bytes)
Event: 22.625 Thread 0x00000109d7506f60 3956       1       nonapi.io.github.classgraph.fileslice.reader.ClassfileReader::<init> (29 bytes)
Event: 22.626 Thread 0x00000109d7506f60 nmethod 3956 0x00000109dd225490 code [0x00000109dd225620, 0x00000109dd2258b8]
Event: 22.626 Thread 0x00000109d7505100 nmethod 3941 0x00000109dd225990 code [0x00000109dd225ba0, 0x00000109dd2261a8]
Event: 22.626 Thread 0x00000109d7506f60 3952       1       io.github.classgraph.ClasspathElementModule$1$1::<init> (16 bytes)
Event: 22.626 Thread 0x00000109d7505100 3955       1       nonapi.io.github.classgraph.utils.ProxyingInputStream::<init> (10 bytes)
Event: 22.626 Thread 0x00000109d75041d0 nmethod 3959 0x00000109dd224810 code [0x00000109dd224a00, 0x00000109dd224e78]
Event: 22.626 Thread 0x00000109d7506540 nmethod 3953 0x00000109dd222d90 code [0x00000109dd223100, 0x00000109dd223fc8]
Event: 22.626 Thread 0x00000109d7505100 nmethod 3955 0x00000109dd222a90 code [0x00000109dd222c20, 0x00000109dd222d38]
Event: 22.626 Thread 0x00000109d7506f60 nmethod 3952 0x00000109dd222690 code [0x00000109dd222820, 0x00000109dd222a18]
Event: 22.640 Thread 0x00000109d7506540 3960  s!   1       jdk.internal.loader.URLClassPath::getLoader (196 bytes)
Event: 22.642 Thread 0x00000109d7506540 nmethod 3960 0x00000109dd221090 code [0x00000109dd221340, 0x00000109dd221db8]
Event: 22.845 Thread 0x00000109d7506540 3961       1       java.util.concurrent.ConcurrentHashMap::resizeStamp (9 bytes)
Event: 22.846 Thread 0x00000109d7506540 nmethod 3961 0x00000109dd220d90 code [0x00000109dd220f20, 0x00000109dd220fe8]
Event: 22.910 Thread 0x00000109d7506540 3962       1       java.util.concurrent.locks.ReentrantLock$NonfairSync::tryAcquire (27 bytes)
Event: 22.911 Thread 0x00000109d7506540 nmethod 3962 0x00000109dd220a10 code [0x00000109dd220ba0, 0x00000109dd220d38]
Event: 23.002 Thread 0x00000109d7506f60 3963       1       java.util.concurrent.locks.AbstractQueuedSynchronizer::acquireInterruptibly (36 bytes)
Event: 23.002 Thread 0x00000109d7506f60 nmethod 3963 0x00000109dd220490 code [0x00000109dd220660, 0x00000109dd2208d8]

GC Heap History (20 events):
Event: 21.953 GC heap after
{Heap after GC invocations=24 (full 0):
 garbage-first heap   total 92160K, used 53183K [0x0000000703a00000, 0x0000000800000000)
  region size 2048K, 1 young (2048K), 1 survivors (2048K)
 Metaspace       used 38894K, committed 39232K, reserved 1089536K
  class space    used 4946K, committed 5120K, reserved 1048576K
}
Event: 22.212 GC heap before
{Heap before GC invocations=24 (full 0):
 garbage-first heap   total 92160K, used 69567K [0x0000000703a00000, 0x0000000800000000)
  region size 2048K, 9 young (18432K), 1 survivors (2048K)
 Metaspace       used 38894K, committed 39232K, reserved 1089536K
  class space    used 4946K, committed 5120K, reserved 1048576K
}
Event: 22.220 GC heap after
{Heap after GC invocations=25 (full 0):
 garbage-first heap   total 92160K, used 61703K [0x0000000703a00000, 0x0000000800000000)
  region size 2048K, 2 young (4096K), 2 survivors (4096K)
 Metaspace       used 38894K, committed 39232K, reserved 1089536K
  class space    used 4946K, committed 5120K, reserved 1048576K
}
Event: 22.389 GC heap before
{Heap before GC invocations=26 (full 0):
 garbage-first heap   total 112640K, used 67847K [0x0000000703a00000, 0x0000000800000000)
  region size 2048K, 6 young (12288K), 2 survivors (4096K)
 Metaspace       used 38983K, committed 39360K, reserved 1089536K
  class space    used 4955K, committed 5120K, reserved 1048576K
}
Event: 22.413 GC heap after
{Heap after GC invocations=27 (full 0):
 garbage-first heap   total 112640K, used 65985K [0x0000000703a00000, 0x0000000800000000)
  region size 2048K, 1 young (2048K), 1 survivors (2048K)
 Metaspace       used 38983K, committed 39360K, reserved 1089536K
  class space    used 4955K, committed 5120K, reserved 1048576K
}
Event: 22.439 GC heap before
{Heap before GC invocations=27 (full 0):
 garbage-first heap   total 112640K, used 78273K [0x0000000703a00000, 0x0000000800000000)
  region size 2048K, 8 young (16384K), 1 survivors (2048K)
 Metaspace       used 38984K, committed 39360K, reserved 1089536K
  class space    used 4956K, committed 5120K, reserved 1048576K
}
Event: 22.446 GC heap after
{Heap after GC invocations=28 (full 0):
 garbage-first heap   total 112640K, used 67168K [0x0000000703a00000, 0x0000000800000000)
  region size 2048K, 1 young (2048K), 1 survivors (2048K)
 Metaspace       used 38984K, committed 39360K, reserved 1089536K
  class space    used 4956K, committed 5120K, reserved 1048576K
}
Event: 22.469 GC heap before
{Heap before GC invocations=28 (full 0):
 garbage-first heap   total 112640K, used 79456K [0x0000000703a00000, 0x0000000800000000)
  region size 2048K, 8 young (16384K), 1 survivors (2048K)
 Metaspace       used 39005K, committed 39360K, reserved 1089536K
  class space    used 4957K, committed 5120K, reserved 1048576K
}
Event: 22.471 GC heap after
{Heap after GC invocations=29 (full 0):
 garbage-first heap   total 112640K, used 67698K [0x0000000703a00000, 0x0000000800000000)
  region size 2048K, 1 young (2048K), 1 survivors (2048K)
 Metaspace       used 39005K, committed 39360K, reserved 1089536K
  class space    used 4957K, committed 5120K, reserved 1048576K
}
Event: 22.507 GC heap before
{Heap before GC invocations=29 (full 0):
 garbage-first heap   total 112640K, used 79986K [0x0000000703a00000, 0x0000000800000000)
  region size 2048K, 8 young (16384K), 1 survivors (2048K)
 Metaspace       used 39014K, committed 39360K, reserved 1089536K
  class space    used 4964K, committed 5120K, reserved 1048576K
}
Event: 22.510 GC heap after
{Heap after GC invocations=30 (full 0):
 garbage-first heap   total 276480K, used 68404K [0x0000000703a00000, 0x0000000800000000)
  region size 2048K, 1 young (2048K), 1 survivors (2048K)
 Metaspace       used 39014K, committed 39360K, reserved 1089536K
  class space    used 4964K, committed 5120K, reserved 1048576K
}
Event: 22.652 GC heap before
{Heap before GC invocations=31 (full 0):
 garbage-first heap   total 276480K, used 154420K [0x0000000703a00000, 0x0000000800000000)
  region size 2048K, 44 young (90112K), 1 survivors (2048K)
 Metaspace       used 39095K, committed 39424K, reserved 1089536K
  class space    used 4969K, committed 5120K, reserved 1048576K
}
Event: 22.657 GC heap after
{Heap after GC invocations=32 (full 0):
 garbage-first heap   total 276480K, used 71904K [0x0000000703a00000, 0x0000000800000000)
  region size 2048K, 3 young (6144K), 3 survivors (6144K)
 Metaspace       used 39095K, committed 39424K, reserved 1089536K
  class space    used 4969K, committed 5120K, reserved 1048576K
}
Event: 22.795 GC heap before
{Heap before GC invocations=32 (full 0):
 garbage-first heap   total 276480K, used 200928K [0x0000000703a00000, 0x0000000800000000)
  region size 2048K, 67 young (137216K), 3 survivors (6144K)
 Metaspace       used 39095K, committed 39424K, reserved 1089536K
  class space    used 4969K, committed 5120K, reserved 1048576K
}
Event: 22.804 GC heap after
{Heap after GC invocations=33 (full 0):
 garbage-first heap   total 276480K, used 77295K [0x0000000703a00000, 0x0000000800000000)
  region size 2048K, 6 young (12288K), 6 survivors (12288K)
 Metaspace       used 39095K, committed 39424K, reserved 1089536K
  class space    used 4969K, committed 5120K, reserved 1048576K
}
Event: 22.876 GC heap before
{Heap before GC invocations=33 (full 0):
 garbage-first heap   total 276480K, used 208367K [0x0000000703a00000, 0x0000000800000000)
  region size 2048K, 71 young (145408K), 6 survivors (12288K)
 Metaspace       used 39095K, committed 39424K, reserved 1089536K
  class space    used 4969K, committed 5120K, reserved 1048576K
}
Event: 22.886 GC heap after
{Heap after GC invocations=34 (full 0):
 garbage-first heap   total 276480K, used 82401K [0x0000000703a00000, 0x0000000800000000)
  region size 2048K, 7 young (14336K), 7 survivors (14336K)
 Metaspace       used 39095K, committed 39424K, reserved 1089536K
  class space    used 4969K, committed 5120K, reserved 1048576K
}
Event: 22.947 GC heap before
{Heap before GC invocations=34 (full 0):
 garbage-first heap   total 276480K, used 215521K [0x0000000703a00000, 0x0000000800000000)
  region size 2048K, 74 young (151552K), 7 survivors (14336K)
 Metaspace       used 39096K, committed 39424K, reserved 1089536K
  class space    used 4970K, committed 5120K, reserved 1048576K
}
Event: 22.961 GC heap after
{Heap after GC invocations=35 (full 0):
 garbage-first heap   total 276480K, used 88062K [0x0000000703a00000, 0x0000000800000000)
  region size 2048K, 8 young (16384K), 8 survivors (16384K)
 Metaspace       used 39096K, committed 39424K, reserved 1089536K
  class space    used 4970K, committed 5120K, reserved 1048576K
}
Event: 23.063 GC heap before
{Heap before GC invocations=35 (full 0):
 garbage-first heap   total 276480K, used 219134K [0x0000000703a00000, 0x0000000800000000)
  region size 2048K, 73 young (149504K), 8 survivors (16384K)
 Metaspace       used 39096K, committed 39424K, reserved 1089536K
  class space    used 4970K, committed 5120K, reserved 1048576K
}

Deoptimization events (10 events):
Event: 6.818 Thread 0x00000109d9f16a60 DEOPT PACKING pc=0x00000109dd06aaf9 sp=0x000000099edfd390
Event: 6.818 Thread 0x00000109d9f16a60 DEOPT UNPACKING pc=0x00000109dcb52b43 sp=0x000000099edfc870 mode 3
Event: 16.641 Thread 0x00000109ed316740 DEOPT PACKING pc=0x00000109dcc2e66d sp=0x00000009a0cfdd40
Event: 16.642 Thread 0x00000109ed316740 DEOPT UNPACKING pc=0x00000109dcb52b43 sp=0x00000009a0cfd268 mode 3
Event: 17.136 Thread 0x00000109ebee41e0 DEOPT PACKING pc=0x00000109dd1a1213 sp=0x00000009a0dfe460
Event: 17.136 Thread 0x00000109ebee41e0 DEOPT UNPACKING pc=0x00000109dcb52b43 sp=0x00000009a0dfd9a8 mode 3
Event: 17.527 Thread 0x00000109edbf84c0 DEOPT PACKING pc=0x00000109dd069009 sp=0x00000009a17fec50
Event: 17.527 Thread 0x00000109edbf84c0 DEOPT UNPACKING pc=0x00000109dcb52b43 sp=0x00000009a17fe0e0 mode 3
Event: 18.364 Thread 0x00000109edfcd3a0 DEOPT PACKING pc=0x00000109dd06649f sp=0x00000009a1eff0e0
Event: 18.364 Thread 0x00000109edfcd3a0 DEOPT UNPACKING pc=0x00000109dcb52b43 sp=0x00000009a1efe538 mode 3

Classes unloaded (0 events):
No events

Classes redefined (0 events):
No events

Internal exceptions (20 events):
Event: 17.281 Thread 0x00000109edbf9330 Exception <a 'sun/nio/fs/WindowsException'{0x0000000706048fe8}> (0x0000000706048fe8) 
thrown [s\src\hotspot\share\prims\jni.cpp, line 516]
Event: 17.282 Thread 0x00000109edbf9330 Exception <a 'sun/nio/fs/WindowsException'{0x0000000706049a10}> (0x0000000706049a10) 
thrown [s\src\hotspot\share\prims\jni.cpp, line 516]
Event: 17.284 Thread 0x00000109edbf9330 Exception <a 'sun/nio/fs/WindowsException'{0x0000000706049df8}> (0x0000000706049df8) 
thrown [s\src\hotspot\share\prims\jni.cpp, line 516]
Event: 17.286 Thread 0x00000109edbf9330 Exception <a 'sun/nio/fs/WindowsException'{0x000000070604a7f8}> (0x000000070604a7f8) 
thrown [s\src\hotspot\share\prims\jni.cpp, line 516]
Event: 17.287 Thread 0x00000109edbf9330 Exception <a 'sun/nio/fs/WindowsException'{0x000000070604aba8}> (0x000000070604aba8) 
thrown [s\src\hotspot\share\prims\jni.cpp, line 516]
Event: 17.287 Thread 0x00000109edbf9330 Exception <a 'sun/nio/fs/WindowsException'{0x0000000706088e00}> (0x0000000706088e00) 
thrown [s\src\hotspot\share\prims\jni.cpp, line 516]
Event: 17.288 Thread 0x00000109edbf9330 Exception <a 'sun/nio/fs/WindowsException'{0x00000007060891c0}> (0x00000007060891c0) 
thrown [s\src\hotspot\share\prims\jni.cpp, line 516]
Event: 17.288 Thread 0x00000109edbf9330 Exception <a 'sun/nio/fs/WindowsException'{0x0000000706089bc0}> (0x0000000706089bc0) 
thrown [s\src\hotspot\share\prims\jni.cpp, line 516]
Event: 17.288 Thread 0x00000109edbf9330 Exception <a 'sun/nio/fs/WindowsException'{0x0000000706089f78}> (0x0000000706089f78) 
thrown [s\src\hotspot\share\prims\jni.cpp, line 516]
Event: 17.289 Thread 0x00000109edbf9330 Exception <a 'sun/nio/fs/WindowsException'{0x000000070608a980}> (0x000000070608a980) 
thrown [s\src\hotspot\share\prims\jni.cpp, line 516]
Event: 17.289 Thread 0x00000109edbf9330 Exception <a 'sun/nio/fs/WindowsException'{0x000000070608ad40}> (0x000000070608ad40) 
thrown [s\src\hotspot\share\prims\jni.cpp, line 516]
Event: 17.290 Thread 0x00000109edbf9330 Exception <a 'sun/nio/fs/WindowsException'{0x000000070608b768}> (0x000000070608b768) 
thrown [s\src\hotspot\share\prims\jni.cpp, line 516]
Event: 17.290 Thread 0x00000109edbf9330 Exception <a 'sun/nio/fs/WindowsException'{0x000000070608bb50}> (0x000000070608bb50) 
thrown [s\src\hotspot\share\prims\jni.cpp, line 516]
Event: 17.291 Thread 0x00000109edbf9330 Exception <a 'sun/nio/fs/WindowsException'{0x000000070608c588}> (0x000000070608c588) 
thrown [s\src\hotspot\share\prims\jni.cpp, line 516]
Event: 17.291 Thread 0x00000109edbf9330 Exception <a 'sun/nio/fs/WindowsException'{0x000000070608c988}> (0x000000070608c988) 
thrown [s\src\hotspot\share\prims\jni.cpp, line 516]
Event: 17.292 Thread 0x00000109edbf9330 Exception <a 'sun/nio/fs/WindowsException'{0x000000070608d3b8}> (0x000000070608d3b8) 
thrown [s\src\hotspot\share\prims\jni.cpp, line 516]
Event: 17.292 Thread 0x00000109edbf9330 Exception <a 'sun/nio/fs/WindowsException'{0x000000070608d7a8}> (0x000000070608d7a8) 
thrown [s\src\hotspot\share\prims\jni.cpp, line 516]
Event: 20.218 Thread 0x00000109ed316740 Exception <a 'java/lang/NoSuchMethodError'{0x00000007137dea60}: 'java.lang.Object java.lang.invoke.DirectMethodHandle$Holder.newInvokeSpecial(java.lang.Object, java.lang.Object, int)'> (0x00000007137dea60) 
thrown [s\src\hotspot\share\interpreter\linkResolver.cpp, line 759]
Event: 20.267 Thread 0x00000109edfcca00 Exception <a 'java/lang/NoSuchMethodError'{0x0000000713446a80}: 'java.lang.Object java.lang.invoke.Invokers$Holder.linkToTargetMethod(java.lang.Object, long, java.lang.Object)'> (0x0000000713446a80) 
thrown [s\src\hotspot\share\interpreter\linkResolver.cpp, line 759]
Event: 20.288 Thread 0x00000109edfcca00 Exception <a 'sun/nio/fs/WindowsException'{0x000000071352a180}> (0x000000071352a180) 
thrown [s\src\hotspot\share\prims\jni.cpp, line 516]

VM Operations (20 events):
Event: 22.638 Executing VM operation: G1Concurrent done
Event: 22.650 Executing VM operation: G1CollectForAllocation
Event: 22.652 Executing VM operation: G1CollectForAllocation done
Event: 22.652 Executing VM operation: G1CollectForAllocation
Event: 22.657 Executing VM operation: G1CollectForAllocation done
Event: 22.745 Executing VM operation: G1CollectForAllocation
Event: 22.764 Executing VM operation: G1CollectForAllocation done
Event: 22.795 Executing VM operation: G1CollectForAllocation
Event: 22.804 Executing VM operation: G1CollectForAllocation done
Event: 22.857 Executing VM operation: G1CollectForAllocation
Event: 22.876 Executing VM operation: G1CollectForAllocation done
Event: 22.876 Executing VM operation: G1CollectForAllocation
Event: 22.887 Executing VM operation: G1CollectForAllocation done
Event: 22.935 Executing VM operation: G1CollectForAllocation
Event: 22.945 Executing VM operation: G1CollectForAllocation done
Event: 22.947 Executing VM operation: G1CollectForAllocation
Event: 22.961 Executing VM operation: G1CollectForAllocation done
Event: 23.019 Executing VM operation: G1CollectForAllocation
Event: 23.062 Executing VM operation: G1CollectForAllocation done
Event: 23.063 Executing VM operation: G1CollectForAllocation

Events (20 events):
Event: 20.277 loading class sun/security/provider/MD5 done
Event: 20.277 loading class sun/security/provider/ByteArrayAccess$LE
Event: 20.278 loading class sun/security/provider/ByteArrayAccess$LE done
Event: 20.383 Thread 0x00000109edfd1230 Thread added: 0x00000109edfd1230
Event: 20.405 loading class java/nio/file/FileVisitOption
Event: 20.405 loading class java/nio/file/FileVisitOption done
Event: 20.405 loading class java/nio/file/FileTreeIterator
Event: 20.405 loading class java/nio/file/FileTreeIterator done
Event: 20.405 loading class java/nio/file/FileTreeWalker
Event: 20.406 loading class java/nio/file/FileTreeWalker done
Event: 20.407 loading class java/nio/file/FileTreeWalker$DirectoryNode
Event: 20.407 loading class java/nio/file/FileTreeWalker$DirectoryNode done
Event: 20.407 loading class java/nio/file/FileTreeWalker$Event
Event: 20.407 loading class java/nio/file/FileTreeWalker$Event done
Event: 20.407 loading class java/nio/file/FileTreeWalker$EventType
Event: 20.407 loading class java/nio/file/FileTreeWalker$EventType done
Event: 20.408 loading class java/util/stream/ForEachOps$ForEachOp$OfRef
Event: 20.408 loading class java/util/stream/ForEachOps$ForEachOp$OfRef done
Event: 21.890 Thread 0x00000109d7506f60 Thread exited: 0x00000109d7506f60
Event: 22.513 Thread 0x00000109d7506f60 Thread added: 0x00000109d7506f60


Dynamic libraries:
0x00007ff7fbab0000 - 0x00007ff7fbabe000 	c:\Users\AK59584\.vscode\extensions\redhat.java-1.12.0-win32-x64\jre\17.0.4.1-win32-x86_64\bin\java.exe
0x00007ffb51750000 - 0x00007ffb51948000 	C:\Windows\SYSTEM32\ntdll.dll
0x00007ffb4f8e0000 - 0x00007ffb4f99d000 	C:\Windows\System32\KERNEL32.DLL
0x00007ffb4f370000 - 0x00007ffb4f642000 	C:\Windows\System32\KERNELBASE.dll
0x00007ffb4ee60000 - 0x00007ffb4ef60000 	C:\Windows\System32\ucrtbase.dll
0x00007ffb3bf70000 - 0x00007ffb3bf88000 	c:\Users\AK59584\.vscode\extensions\redhat.java-1.12.0-win32-x64\jre\17.0.4.1-win32-x86_64\bin\jli.dll
0x00007ffb513b0000 - 0x00007ffb5154d000 	C:\Windows\System32\USER32.dll
0x00007ffb4f340000 - 0x00007ffb4f362000 	C:\Windows\System32\win32u.dll
0x00007ffb51380000 - 0x00007ffb513ab000 	C:\Windows\System32\GDI32.dll
0x00007ffb4efb0000 - 0x00007ffb4f0bf000 	C:\Windows\System32\gdi32full.dll
0x00007ffb4f0c0000 - 0x00007ffb4f15d000 	C:\Windows\System32\msvcp_win.dll
0x00007ffb35a40000 - 0x00007ffb35a59000 	c:\Users\AK59584\.vscode\extensions\redhat.java-1.12.0-win32-x64\jre\17.0.4.1-win32-x86_64\bin\VCRUNTIME140.dll
0x00007ffb368e0000 - 0x00007ffb36b7a000 	C:\Windows\WinSxS\amd64_microsoft.windows.common-controls_6595b64144ccf1df_6.0.19041.1110_none_60b5254171f9507e\COMCTL32.dll
0x00007ffb4fe60000 - 0x00007ffb4fefe000 	C:\Windows\System32\msvcrt.dll
0x00007ffb4fe30000 - 0x00007ffb4fe60000 	C:\Windows\System32\IMM32.DLL
0x00007ffb17070000 - 0x00007ffb176e2000 	C:\Program Files\McAfee\DLP\Agent\fcagpph64.dll
0x00007ffb4f830000 - 0x00007ffb4f8de000 	C:\Windows\System32\ADVAPI32.dll
0x00007ffb4f9a0000 - 0x00007ffb4fa3c000 	C:\Windows\System32\sechost.dll
0x00007ffb4fad0000 - 0x00007ffb4fbf5000 	C:\Windows\System32\RPCRT4.dll
0x00007ffb50c30000 - 0x00007ffb51373000 	C:\Windows\System32\SHELL32.dll
0x00007ffb50340000 - 0x00007ffb5046a000 	C:\Windows\System32\ole32.dll
0x00007ffb4ffe0000 - 0x00007ffb50334000 	C:\Windows\System32\combase.dll
0x00007ffb4fdd0000 - 0x00007ffb4fe25000 	C:\Windows\System32\SHLWAPI.dll
0x00007ffb4fa60000 - 0x00007ffb4facb000 	C:\Windows\System32\WS2_32.dll
0x00007ffb4ff00000 - 0x00007ffb4ffcd000 	C:\Windows\System32\OLEAUT32.dll
0x00007ffb1d7d0000 - 0x00007ffb1d868000 	C:\Windows\SYSTEM32\WINSPOOL.DRV
0x00007ffb3f1b0000 - 0x00007ffb3f1ba000 	C:\Windows\SYSTEM32\VERSION.dll
0x00007ffb4ed20000 - 0x00007ffb4ed52000 	C:\Windows\SYSTEM32\SspiCli.dll
0x00007ffb4df60000 - 0x00007ffb4df93000 	C:\Windows\SYSTEM32\ntmarta.dll
0x00000109d76d0000 - 0x00000109d76e4000 	C:\Windows\System32\umppc16104.dll
0x0000000068000000 - 0x0000000068071000 	C:\Windows\System32\QIPCAP64.dll
0x00007ffb4e230000 - 0x00007ffb4e2fa000 	C:\Windows\SYSTEM32\DNSAPI.dll
0x00007ffb4e1f0000 - 0x00007ffb4e22b000 	C:\Windows\SYSTEM32\IPHLPAPI.DLL
0x00007ffb4ffd0000 - 0x00007ffb4ffd8000 	C:\Windows\System32\NSI.dll
0x00007ffb06830000 - 0x00007ffb068d4000 	C:\Program Files\McAfee\Endpoint Security\Threat Prevention\Ips\EpMPApi.dll
0x00007ffb4f210000 - 0x00007ffb4f279000 	C:\Windows\System32\WINTRUST.dll
0x00000109d9080000 - 0x00000109d91d6000 	C:\Windows\System32\CRYPT32.dll
0x00007ffb4ea50000 - 0x00007ffb4ea62000 	C:\Windows\SYSTEM32\MSASN1.dll
0x00000000509f0000 - 0x00000000509fc000 	C:\Program Files\McAfee\Endpoint Security\Threat Prevention\Ips\EpMPThe.dll
0x00007ffb067d0000 - 0x00007ffb06828000 	C:\Program Files\McAfee\Endpoint Security\Threat Prevention\Ips\HIPHandlers64.dll
0x00007ffb45f80000 - 0x00007ffb46164000 	C:\Windows\SYSTEM32\dbghelp.dll
0x00007ffb43f30000 - 0x00007ffb43f3c000 	c:\Users\AK59584\.vscode\extensions\redhat.java-1.12.0-win32-x64\jre\17.0.4.1-win32-x86_64\bin\vcruntime140_1.dll
0x00007ffb06160000 - 0x00007ffb061f1000 	c:\Users\AK59584\.vscode\extensions\redhat.java-1.12.0-win32-x64\jre\17.0.4.1-win32-x86_64\bin\msvcp140.dll
0x00007ffadd5a0000 - 0x00007ffade1e6000 	c:\Users\AK59584\.vscode\extensions\redhat.java-1.12.0-win32-x64\jre\17.0.4.1-win32-x86_64\bin\server\jvm.dll
0x00000109d91f0000 - 0x00000109d91f8000 	C:\Windows\System32\PSAPI.DLL
0x00007ffb35ad0000 - 0x00007ffb35ad9000 	C:\Windows\SYSTEM32\WSOCK32.dll
0x00007ffb33530000 - 0x00007ffb33557000 	C:\Windows\SYSTEM32\WINMM.dll
0x00007ffb4d560000 - 0x00007ffb4d572000 	C:\Windows\SYSTEM32\kernel.appcore.dll
0x00007ffb42550000 - 0x00007ffb4255a000 	c:\Users\AK59584\.vscode\extensions\redhat.java-1.12.0-win32-x64\jre\17.0.4.1-win32-x86_64\bin\jimage.dll
0x00007ffb2f1f0000 - 0x00007ffb2f21c000 	C:\Windows\SYSTEM32\dbgcore.DLL
0x00000109d95b0000 - 0x00000109d9632000 	C:\Windows\System32\bcryptPrimitives.dll
0x00007ffb298e0000 - 0x00007ffb29905000 	c:\Users\AK59584\.vscode\extensions\redhat.java-1.12.0-win32-x64\jre\17.0.4.1-win32-x86_64\bin\java.dll
0x00007ffb355f0000 - 0x00007ffb35608000 	c:\Users\AK59584\.vscode\extensions\redhat.java-1.12.0-win32-x64\jre\17.0.4.1-win32-x86_64\bin\zip.dll
0x00007ffb4ca30000 - 0x00007ffb4d1c1000 	C:\Windows\SYSTEM32\windows.storage.dll
0x00007ffb4e700000 - 0x00007ffb4e730000 	C:\Windows\SYSTEM32\Wldp.dll
0x00007ffb504d0000 - 0x00007ffb5057d000 	C:\Windows\System32\SHCORE.dll
0x00007ffb4eda0000 - 0x00007ffb4edbf000 	C:\Windows\SYSTEM32\profapi.dll
0x00007ffb2a810000 - 0x00007ffb2a829000 	C:\Users\AK59584\.vscode\extensions\redhat.java-1.12.0-win32-x64\jre\17.0.4.1-win32-x86_64\bin\net.dll
0x00007ffb4dda0000 - 0x00007ffb4dead000 	C:\Windows\SYSTEM32\WINHTTP.dll
0x00007ffb4e4e0000 - 0x00007ffb4e54a000 	C:\Windows\system32\mswsock.dll
0x00007ffb2a7d0000 - 0x00007ffb2a7e5000 	C:\Users\AK59584\.vscode\extensions\redhat.java-1.12.0-win32-x64\jre\17.0.4.1-win32-x86_64\bin\nio.dll
0x00007ffb423e0000 - 0x00007ffb423f0000 	c:\Users\AK59584\.vscode\extensions\redhat.java-1.12.0-win32-x64\jre\17.0.4.1-win32-x86_64\bin\verify.dll
0x00007ffb43510000 - 0x00007ffb43519000 	C:\Users\AK59584\.vscode\extensions\redhat.java-1.12.0-win32-x64\jre\17.0.4.1-win32-x86_64\bin\management.dll
0x00007ffb43500000 - 0x00007ffb4350b000 	C:\Users\AK59584\.vscode\extensions\redhat.java-1.12.0-win32-x64\jre\17.0.4.1-win32-x86_64\bin\management_ext.dll
0x00007ffb27550000 - 0x00007ffb27567000 	C:\Windows\system32\napinsp.dll
0x00007ffb27530000 - 0x00007ffb2754b000 	C:\Windows\system32\pnrpnsp.dll
0x00007ffb494a0000 - 0x00007ffb494b5000 	C:\Windows\system32\wshbth.dll
0x00007ffb4a0d0000 - 0x00007ffb4a0ed000 	C:\Windows\system32\NLAapi.dll
0x00007ffb26ca0000 - 0x00007ffb26cb2000 	C:\Windows\System32\winrnr.dll
0x00007ffb42830000 - 0x00007ffb4283a000 	C:\Windows\System32\rasadhlp.dll
0x00007ffb43d90000 - 0x00007ffb43e10000 	C:\Windows\System32\fwpuclnt.dll
0x00007ffb4f280000 - 0x00007ffb4f2a7000 	C:\Windows\System32\bcrypt.dll
0x00007ffb4e7b0000 - 0x00007ffb4e7c8000 	C:\Windows\SYSTEM32\CRYPTSP.dll
0x00007ffb4dd10000 - 0x00007ffb4dd44000 	C:\Windows\system32\rsaenh.dll
0x00007ffb4ed60000 - 0x00007ffb4ed8e000 	C:\Windows\SYSTEM32\USERENV.dll
0x00007ffb4e670000 - 0x00007ffb4e67c000 	C:\Windows\SYSTEM32\CRYPTBASE.dll
0x00007ffb44600000 - 0x00007ffb44617000 	C:\Windows\SYSTEM32\dhcpcsvc6.DLL
0x00007ffb44740000 - 0x00007ffb4475d000 	C:\Windows\SYSTEM32\dhcpcsvc.DLL

dbghelp: loaded successfully - version: 4.0.5 - missing functions: none
symbol engine: initialized successfully - sym options: 0x614 - pdb path: .;c:\Users\AK59584\.vscode\extensions\redhat.java-1.12.0-win32-x64\jre\17.0.4.1-win32-x86_64\bin;C:\Windows\SYSTEM32;C:\Windows\WinSxS\amd64_microsoft.windows.common-controls_6595b64144ccf1df_6.0.19041.1110_none_60b5254171f9507e;C:\Program Files\McAfee\DLP\Agent;C:\Program Files\McAfee\Endpoint Security\Threat Prevention\Ips;c:\Users\AK59584\.vscode\extensions\redhat.java-1.12.0-win32-x64\jre\17.0.4.1-win32-x86_64\bin\server

VM Arguments:
jvm_args: -Dsts.lsp.client=vscode -Dsts.log.file=/dev/null -XX:TieredStopAtLevel=1 -Xlog:jni+resolve=off -Dspring.config.location=file:c:\Users\AK59584\.vscode\extensions\pivotal.vscode-spring-boot-1.40.0\language-server\BOOT-INF\classes\application.properties 
java_command: org.springframework.ide.vscode.boot.app.BootLanguageServerBootApp
java_class_path (initial): c:\Users\AK59584\.vscode\extensions\pivotal.vscode-spring-boot-1.40.0\language-server\BOOT-INF\classes;c:\Users\AK59584\.vscode\extensions\pivotal.vscode-spring-boot-1.40.0\language-server\BOOT-INF\lib\annotations-23.0.0.jar;c:\Users\AK59584\.vscode\extensions\pivotal.vscode-spring-boot-1.40.0\language-server\BOOT-INF\lib\ant-1.10.12.jar;c:\Users\AK59584\.vscode\extensions\pivotal.vscode-spring-boot-1.40.0\language-server\BOOT-INF\lib\ant-launcher-1.10.12.jar;c:\Users\AK59584\.vscode\extensions\pivotal.vscode-spring-boot-1.40.0\language-server\BOOT-INF\lib\antlr-runtime-3.5.2.jar;c:\Users\AK59584\.vscode\extensions\pivotal.vscode-spring-boot-1.40.0\language-server\BOOT-INF\lib\antlr4-4.9.3.jar;c:\Users\AK59584\.vscode\extensions\pivotal.vscode-spring-boot-1.40.0\language-server\BOOT-INF\lib\antlr4-runtime-4.9.3.jar;c:\Users\AK59584\.vscode\extensions\pivotal.vscode-spring-boot-1.40.0\language-server\BOOT-INF\lib\asm-9.3.jar;c:\Users\AK59584\.vscode\extensions\pivotal.vscode-spring-boot-1.40.0\language-server\BOOT-INF\lib\asm-analysis-9.3.jar;c:\Users\AK59584\.vscode\extensions\pivotal.vscode-spring-boot-1.40.0\language-server\BOOT-INF\lib\asm-tree-9.3.jar;c:\Users\AK59584\.vscode\extensions\pivotal.vscode-spring-boot-1.40.0\language-server\BOOT-INF\lib\asm-util-9.3.jar;c:\Users\AK59584\.vscode\extensions\pivotal.vscode-spring-boot-1.40.0\language-server\BOOT-INF\lib\byte-buddy-1.12.13.jar;c:\Users\AK59584\.vscode\extensions\pivotal.vscode-spring-boot-1.40.0\language-server\BOOT-INF\lib\caffeine-2.9.3.jar;c:\Users\AK59584\.vscode\extensions\pivotal.vscode-spring-boot-1.40.0\language-server\BOOT-INF\lib\checker-qual-3.12.0.jar;c:\Users\AK59584\.vscode\extensions\pivotal.vscode-spring-boot-1.40.0\language-server\BOOT-INF\lib\classgraph-4.8.149.jar;c:\Users\AK59584\.vscode\extensions\pivotal.vscode-spring-boot-1.40.0\language-server\BOOT-INF\lib\commons-codec-1.15.jar;c:\Users\AK59584\.vscode\extensions\pivotal.vscode-spring-boot-1.40.0\lang
Launcher Type: SUN_STANDARD

[Global flags]
     intx CICompilerCount                          = 4                                         {product} {ergonomic}
     uint ConcGCThreads                            = 2                                         {product} {ergonomic}
     uint G1ConcRefinementThreads                  = 8                                         {product} {ergonomic}
   size_t G1HeapRegionSize                         = 2097152                                   {product} {ergonomic}
    uintx GCDrainStackTargetSize                   = 64                                        {product} {ergonomic}
   size_t InitialHeapSize                          = 266338304                                 {product} {ergonomic}
   size_t MarkStackSize                            = 4194304                                   {product} {ergonomic}
   size_t MaxHeapSize                              = 4234149888                                {product} {ergonomic}
   size_t MaxNewSize                               = 2539651072                                {product} {ergonomic}
   size_t MinHeapDeltaBytes                        = 2097152                                   {product} {ergonomic}
   size_t MinHeapSize                              = 8388608                                   {product} {ergonomic}
    uintx NonProfiledCodeHeapSize                  = 0                                      {pd product} {ergonomic}
     bool ProfileInterpreter                       = false                                  {pd product} {command line}
    uintx ProfiledCodeHeapSize                     = 0                                      {pd product} {ergonomic}
   size_t SoftMaxHeapSize                          = 4234149888                             {manageable} {ergonomic}
     intx TieredStopAtLevel                        = 1                                         {product} {command line}
     bool UseCompressedClassPointers               = true                           {product lp64_product} {ergonomic}
     bool UseCompressedOops                        = true                           {product lp64_product} {ergonomic}
     bool UseG1GC                                  = true                                      {product} {ergonomic}
     bool UseLargePagesIndividualAllocation        = false                                  {pd product} {ergonomic}

Logging:
Log output configuration:
 #0: stdout all=warning,jni+resolve=off uptime,level,tags
 #1: stderr all=off uptime,level,tags

Environment Variables:
JAVA_HOME=C:\Program Files\Java\jdk1.8.0_91\bin
PATH=C:\Program Files (x86)\Common Files\Oracle\Java\javapath;C:\Windows\system32;C:\Windows;C:\Windows\System32\Wbem;C:\Windows\System32\WindowsPowerShell\v1.0\;C:\Windows\System32\OpenSSH\;C:\Program Files\PuTTY\;C:\ProgramData\Oracle\Java\javapath;";C:\Program Files\Android\Android Studio\tools;C:\Program Files\Android\Android Studio\platform-tools";C:\Program Files\Java\jdk1.8.0_91\bin;";C:\Program Files\Java\jdk1.8.0_91\bin\bin";C:\Program Files\nodejs\;C:\Program Files\Git\cmd;C:\Program Files\MySQL\MySQL Shell 8.0\bin\;C:\Users\AK59584\AppData\Local\Microsoft\WindowsApps;C:\Users\AK59584\AppData\Roaming\npm;C:\Users\AK59584\AppData\Local\Programs\Microsoft VS Code\bin
USERNAME=AK59584
OS=Windows_NT
PROCESSOR_IDENTIFIER=Intel64 Family 6 Model 142 Stepping 12, GenuineIntel
TMP=C:\Users\AK59584\AppData\Local\Temp
TEMP=C:\Users\AK59584\AppData\Local\Temp



---------------  S Y S T E M  ---------------

OS:
 Windows 10 , 64 bit Build 19041 (10.0.19041.1889)
OS uptime: 10 days 7:08 hours
Hyper-V role detected

CPU: total 8 (initial active 8) (4 cores per cpu, 2 threads per core) family 6 model 142 stepping 12 microcode 0xf0, cx8, cmov, fxsr, ht, mmx, 3dnowpref, sse, sse2, sse3, ssse3, sse4.1, sse4.2, popcnt, lzcnt, tsc, tscinvbit, avx, avx2, aes, erms, clmul, bmi1, bmi2, adx, fma, vzeroupper, clflush, clflushopt, hv

Memory: 4k page, system-wide physical 16144M (1141M free)
TotalPageFile size 46605M (AvailPageFile size 128M)
current process WorkingSet (physical memory assigned to process): 378M, peak: 378M
current process commit charge ("private bytes"): 423M, peak: 743M

vm_info: OpenJDK 64-Bit Server VM (17.0.4.1+1) for windows-amd64 JRE (17.0.4.1+1), built on Aug 17 2022 07:42:43 by "temurin" with MS VC++ 16.7 (VS2019)

END.
