#
# There is insufficient memory for the Java Runtime Environment to continue.
# Native memory allocation (mmap) failed to map 314572800 bytes for G1 virtual space
# Possible reasons:
#   The system is out of physical RAM or swap space
#   The process is running with CompressedOops enabled, and the Java Heap may be blocking the growth of the native heap
# Possible solutions:
#   Reduce memory load on the system
#   Increase physical memory or swap space
#   Check if swap backing store is full
#   Decrease Java heap size (-Xmx/-Xms)
#   Decrease number of Java threads
#   Decrease Java thread stack sizes (-Xss)
#   Set larger code cache with -XX:ReservedCodeCacheSize=
#   JVM is running with Zero Based Compressed Oops mode in which the Java heap is
#     placed in the first 32GB address space. The Java Heap base address is the
#     maximum limit for the native heap growth. Please use -XX:HeapBaseMinAddress
#     to set the Java Heap base and to place the Java Heap above 32GB virtual address.
# This output file may be truncated or incomplete.
#
#  Out of Memory Error (os_windows.cpp:3541), pid=25664, tid=35608
#
# JRE version: OpenJDK Runtime Environment Temurin-17.0.4.1+1 (17.0.4.1+1) (build 17.0.4.1+1)
# Java VM: OpenJDK 64-Bit Server VM Temurin-17.0.4.1+1 (17.0.4.1+1, mixed mode, emulated-client, tiered, compressed oops, compressed class ptrs, g1 gc, windows-amd64)
# No core dump will be written. Minidumps are not enabled by default on client versions of Windows
#

---------------  S U M M A R Y ------------

Command Line: -Dsts.lsp.client=vscode -Dsts.log.file=/dev/null -XX:TieredStopAtLevel=1 -Xlog:jni+resolve=off -Dspring.config.location=file:c:\Users\AK59584\.vscode\extensions\pivotal.vscode-spring-boot-1.40.0\language-server\BOOT-INF\classes\application.properties org.springframework.ide.vscode.boot.app.BootLanguageServerBootApp

Host: Intel(R) Core(TM) i5-10210U CPU @ 1.60GHz, 8 cores, 15G,  Windows 10 , 64 bit Build 19041 (10.0.19041.1889)
Time: Thu Nov 24 16:53:19 2022 India Standard Time elapsed time: 16.659857 seconds (0d 0h 0m 16s)

---------------  T H R E A D  ---------------

Current thread (0x00000204f87b7bf0):  VMThread "VM Thread" [stack: 0x000000cca6800000,0x000000cca6900000] [id=35608]

Stack: [0x000000cca6800000,0x000000cca6900000]
Native frames: (J=compiled Java code, j=interpreted, Vv=VM code, C=native code)
V  [jvm.dll+0x67731a]
V  [jvm.dll+0x832284]
V  [jvm.dll+0x833a2e]
V  [jvm.dll+0x834093]
V  [jvm.dll+0x245775]
V  [jvm.dll+0x674209]
V  [jvm.dll+0x668a92]
V  [jvm.dll+0x30471b]
V  [jvm.dll+0x30bc66]
V  [jvm.dll+0x35ba9e]
V  [jvm.dll+0x35bccf]
V  [jvm.dll+0x2db5b8]
V  [jvm.dll+0x2d986c]
V  [jvm.dll+0x2d8e3c]
V  [jvm.dll+0x31cd9b]
V  [jvm.dll+0x83853b]
V  [jvm.dll+0x839274]
V  [jvm.dll+0x83978c]
V  [jvm.dll+0x839b64]
V  [jvm.dll+0x839c30]
V  [jvm.dll+0x7e240a]
V  [jvm.dll+0x6761a5]
C  [ucrtbase.dll+0x21bb2]
C  [KERNEL32.DLL+0x17034]
C  [ntdll.dll+0x526a1]

VM_Operation (0x000000cca90fdec0): G1CollectForAllocation, mode: safepoint, requested by thread 0x00000204fa4d3890


---------------  P R O C E S S  ---------------

Threads class SMR info:
_java_thread_list=0x00000204fa77c520, length=40, elements={
0x00000204f87d2890, 0x00000204f87d5620, 0x00000204f87df340, 0x00000204f87df810,
0x00000204f87e00d0, 0x00000204f87e0990, 0x00000204e40364c0, 0x00000204f881c480,
0x00000204f8a2d270, 0x00000204f8a35930, 0x00000204fa420f40, 0x00000204fa232ee0,
0x00000204fa6ade20, 0x00000204e68cc060, 0x00000204fa666150, 0x00000204f9a87590,
0x00000204f88e6140, 0x00000204fa69e2d0, 0x00000204fa300a40, 0x00000204f891cd20,
0x00000204fa714c20, 0x00000204f8951850, 0x00000204fa4d4230, 0x00000204fa4d2a20,
0x00000204fa4d2ef0, 0x00000204fa4d5570, 0x00000204fa4d50a0, 0x00000204fa4d5a40,
0x00000204fa4d3890, 0x00000204fa4d33c0, 0x00000204fa4d4700, 0x00000204fa4d2080,
0x00000204fa4d2550, 0x00000204fa918f20, 0x00000204fa914220, 0x00000204fa9193f0,
0x00000204fa913d50, 0x00000204e4035080, 0x00000204e4038320, 0x00000204e4035590
}

Java Threads: ( => current thread )
  0x00000204f87d2890 JavaThread "Reference Handler" daemon [_thread_blocked, id=18212, stack(0x000000cca6900000,0x000000cca6a00000)]
  0x00000204f87d5620 JavaThread "Finalizer" daemon [_thread_blocked, id=18628, stack(0x000000cca6a00000,0x000000cca6b00000)]
  0x00000204f87df340 JavaThread "Signal Dispatcher" daemon [_thread_blocked, id=35352, stack(0x000000cca6b00000,0x000000cca6c00000)]
  0x00000204f87df810 JavaThread "Attach Listener" daemon [_thread_blocked, id=6276, stack(0x000000cca6c00000,0x000000cca6d00000)]
  0x00000204f87e00d0 JavaThread "Service Thread" daemon [_thread_blocked, id=5016, stack(0x000000cca6d00000,0x000000cca6e00000)]
  0x00000204f87e0990 JavaThread "Monitor Deflation Thread" daemon [_thread_blocked, id=12568, stack(0x000000cca6e00000,0x000000cca6f00000)]
  0x00000204e40364c0 JavaThread "C1 CompilerThread0" daemon [_thread_blocked, id=36032, stack(0x000000cca6f00000,0x000000cca7000000)]
  0x00000204f881c480 JavaThread "Sweeper thread" daemon [_thread_blocked, id=39872, stack(0x000000cca7000000,0x000000cca7100000)]
  0x00000204f8a2d270 JavaThread "Notification Thread" daemon [_thread_blocked, id=33764, stack(0x000000cca7200000,0x000000cca7300000)]
  0x00000204f8a35930 JavaThread "Common-Cleaner" daemon [_thread_blocked, id=28272, stack(0x000000cca7500000,0x000000cca7600000)]
  0x00000204fa420f40 JavaThread "boundedElastic-evictor-1" daemon [_thread_blocked, id=25688, stack(0x000000cca7e00000,0x000000cca7f00000)]
  0x00000204fa232ee0 JavaThread "pool-9-thread-1" [_thread_blocked, id=3888, stack(0x000000cca8000000,0x000000cca8100000)]
  0x00000204fa6ade20 JavaThread "LanguageServerApp-lifecycle" [_thread_blocked, id=30568, stack(0x000000cca8100000,0x000000cca8200000)]
  0x00000204e68cc060 JavaThread "DestroyJavaVM" [_thread_blocked, id=28016, stack(0x000000cca6200000,0x000000cca6300000)]
  0x00000204fa666150 JavaThread "pool-10-thread-1" [_thread_in_native, id=11556, stack(0x000000cca8200000,0x000000cca8300000)]
  0x00000204f9a87590 JavaThread "Simple-Language-Server main thread" daemon [_thread_blocked, id=20676, stack(0x000000cca8300000,0x000000cca8400000)]
  0x00000204f88e6140 JavaThread "ForkJoinPool.commonPool-worker-1" daemon [_thread_blocked, id=7948, stack(0x000000cca8400000,0x000000cca8500000)]
  0x00000204fa69e2d0 JavaThread "parallel-1" daemon [_thread_blocked, id=24056, stack(0x000000cca8500000,0x000000cca8600000)]
  0x00000204fa300a40 JavaThread "Reconciler-1" daemon [_thread_blocked, id=26684, stack(0x000000cca8600000,0x000000cca8700000)]
  0x00000204f891cd20 JavaThread "parallel-2" daemon [_thread_blocked, id=20772, stack(0x000000cca8700000,0x000000cca8800000)]
  0x00000204fa714c20 JavaThread "ClassGraph-worker-0" daemon [_thread_blocked, id=24136, stack(0x000000cca8800000,0x000000cca8900000)]
  0x00000204f8951850 JavaThread "ClassGraph-worker-1" daemon [_thread_blocked, id=26532, stack(0x000000cca8900000,0x000000cca8a00000)]
  0x00000204fa4d4230 JavaThread "ClassGraph-worker-2" daemon [_thread_blocked, id=34688, stack(0x000000cca8a00000,0x000000cca8b00000)]
  0x00000204fa4d2a20 JavaThread "ClassGraph-worker-3" daemon [_thread_blocked, id=31468, stack(0x000000cca8b00000,0x000000cca8c00000)]
  0x00000204fa4d2ef0 JavaThread "ClassGraph-worker-4" daemon [_thread_blocked, id=5524, stack(0x000000cca8c00000,0x000000cca8d00000)]
  0x00000204fa4d5570 JavaThread "ClassGraph-worker-5" daemon [_thread_blocked, id=40312, stack(0x000000cca8d00000,0x000000cca8e00000)]
  0x00000204fa4d50a0 JavaThread "ClassGraph-worker-6" daemon [_thread_blocked, id=29792, stack(0x000000cca8e00000,0x000000cca8f00000)]
  0x00000204fa4d5a40 JavaThread "ClassGraph-worker-7" daemon [_thread_blocked, id=23768, stack(0x000000cca8f00000,0x000000cca9000000)]
  0x00000204fa4d3890 JavaThread "ClassGraph-worker-8" daemon [_thread_blocked, id=18648, stack(0x000000cca9000000,0x000000cca9100000)]
  0x00000204fa4d33c0 JavaThread "ClassGraph-worker-9" daemon [_thread_blocked, id=16744, stack(0x000000cca9100000,0x000000cca9200000)]
  0x00000204fa4d4700 JavaThread "ClassGraph-worker-10" daemon [_thread_blocked, id=24520, stack(0x000000cca9200000,0x000000cca9300000)]
  0x00000204fa4d2080 JavaThread "ClassGraph-worker-11" daemon [_thread_blocked, id=32176, stack(0x000000cca9300000,0x000000cca9400000)]
  0x00000204fa4d2550 JavaThread "ClassGraph-worker-12" daemon [_thread_blocked, id=39700, stack(0x000000cca9400000,0x000000cca9500000)]
  0x00000204fa918f20 JavaThread "ClassGraph-worker-13" daemon [_thread_blocked, id=8516, stack(0x000000cca9500000,0x000000cca9600000)]
  0x00000204fa914220 JavaThread "pool-5-thread-1" [_thread_blocked, id=23244, stack(0x000000cca9600000,0x000000cca9700000)]
  0x00000204fa9193f0 JavaThread "parallel-3" daemon [_thread_blocked, id=25140, stack(0x000000cca9700000,0x000000cca9800000)]
  0x00000204fa913d50 JavaThread "Project-Reconciler-1" daemon [_thread_blocked, id=17348, stack(0x000000cca9900000,0x000000cca9a00000)]
  0x00000204e4035080 JavaThread "C1 CompilerThread1" daemon [_thread_blocked, id=3832, stack(0x000000cca7100000,0x000000cca7200000)]
  0x00000204e4038320 JavaThread "C1 CompilerThread2" daemon [_thread_blocked, id=20504, stack(0x000000cca7300000,0x000000cca7400000)]
  0x00000204e4035590 JavaThread "C1 CompilerThread3" daemon [_thread_blocked, id=20812, stack(0x000000cca7600000,0x000000cca7700000)]

Other Threads:
=>0x00000204f87b7bf0 VMThread "VM Thread" [stack: 0x000000cca6800000,0x000000cca6900000] [id=35608]
  0x00000204e4032580 WatcherThread [stack: 0x000000cca7400000,0x000000cca7500000] [id=25724]
  0x00000204ec620a70 GCTaskThread "GC Thread#0" [stack: 0x000000cca6300000,0x000000cca6400000] [id=37940]
  0x00000204f9d9edb0 GCTaskThread "GC Thread#1" [stack: 0x000000cca7700000,0x000000cca7800000] [id=38112]
  0x00000204f9d9f060 GCTaskThread "GC Thread#2" [stack: 0x000000cca7800000,0x000000cca7900000] [id=30724]
  0x00000204f9d9f310 GCTaskThread "GC Thread#3" [stack: 0x000000cca7900000,0x000000cca7a00000] [id=19852]
  0x00000204f9d9f5c0 GCTaskThread "GC Thread#4" [stack: 0x000000cca7a00000,0x000000cca7b00000] [id=17052]
  0x00000204f9d9f870 GCTaskThread "GC Thread#5" [stack: 0x000000cca7b00000,0x000000cca7c00000] [id=26156]
  0x00000204f9fde440 GCTaskThread "GC Thread#6" [stack: 0x000000cca7c00000,0x000000cca7d00000] [id=31312]
  0x00000204f9f6ef40 GCTaskThread "GC Thread#7" [stack: 0x000000cca7d00000,0x000000cca7e00000] [id=5116]
  0x00000204e68fd640 ConcurrentGCThread "G1 Main Marker" [stack: 0x000000cca6400000,0x000000cca6500000] [id=37816]
  0x00000204ec62cf20 ConcurrentGCThread "G1 Conc#0" [stack: 0x000000cca6500000,0x000000cca6600000] [id=37488]
  0x00000204fa231c20 ConcurrentGCThread "G1 Conc#1" [stack: 0x000000cca7f00000,0x000000cca8000000] [id=33752]
  0x00000204ec6fd9b0 ConcurrentGCThread "G1 Refine#0" [stack: 0x000000cca6600000,0x000000cca6700000] [id=23960]
  0x00000204faa814b0 ConcurrentGCThread "G1 Refine#1" [stack: 0x000000cca9800000,0x000000cca9900000] [id=31036]
  0x00000204ec6fe2e0 ConcurrentGCThread "G1 Service" [stack: 0x000000cca6700000,0x000000cca6800000] [id=15916]

Threads with active compile tasks:

VM state: at safepoint (normal execution)

VM Mutex/Monitor currently owned by a thread:  ([mutex/lock_event])
[0x00000204e405c4b0] Threads_lock - owner thread: 0x00000204f87b7bf0
[0x00000204e4060190] Heap_lock - owner thread: 0x00000204fa4d3890

Heap address: 0x0000000703a00000, size: 4038 MB, Compressed Oops mode: Zero based, Oop shift amount: 3

CDS archive(s) not mapped
Compressed class space mapped at: 0x0000000800000000-0x0000000840000000, reserved size: 1073741824
Narrow klass base: 0x0000000800000000, Narrow klass shift: 0, Narrow klass range: 0x40000000

GC Precious Log:
 CPUs: 8 total, 8 available
 Memory: 16144M
 Large Page Support: Disabled
 NUMA Support: Disabled
 Compressed Oops: Enabled (Zero based)
 Heap Region Size: 2M
 Heap Min Capacity: 8M
 Heap Initial Capacity: 254M
 Heap Max Capacity: 4038M
 Pre-touch: Disabled
 Parallel Workers: 8
 Concurrent Workers: 2
 Concurrent Refinement Workers: 8
 Periodic GC: Disabled

Heap:
 garbage-first heap   total 307200K, used 94894K [0x0000000703a00000, 0x0000000800000000)
  region size 2048K, 7 young (14336K), 7 survivors (14336K)
 Metaspace       used 39149K, committed 39488K, reserved 1089536K
  class space    used 4974K, committed 5120K, reserved 1048576K

Heap Regions: E=young(eden), S=young(survivor), O=old, HS=humongous(starts), HC=humongous(continues), CS=collection set, F=free, OA=open archive, CA=closed archive, TAMS=top-at-mark-start (previous, next)
|   0|0x0000000703a00000, 0x0000000703c00000, 0x0000000703c00000|100%| O|  |TAMS 0x0000000703c00000, 0x0000000703a00000| Untracked 
|   1|0x0000000703c00000, 0x0000000703e00000, 0x0000000703e00000|100%| O|  |TAMS 0x0000000703e00000, 0x0000000703c00000| Untracked 
|   2|0x0000000703e00000, 0x0000000704000000, 0x0000000704000000|100%| O|  |TAMS 0x0000000704000000, 0x0000000703e00000| Untracked 
|   3|0x0000000704000000, 0x0000000704200000, 0x0000000704200000|100%| O|  |TAMS 0x0000000704000000, 0x0000000704000000| Untracked 
|   4|0x0000000704200000, 0x0000000704400000, 0x0000000704400000|100%| O|  |TAMS 0x0000000704400000, 0x0000000704200000| Untracked 
|   5|0x0000000704400000, 0x0000000704600000, 0x0000000704600000|100%| O|  |TAMS 0x0000000704600000, 0x0000000704400000| Untracked 
|   6|0x0000000704600000, 0x0000000704800000, 0x0000000704800000|100%| O|  |TAMS 0x0000000704800000, 0x0000000704600000| Untracked 
|   7|0x0000000704800000, 0x0000000704a00000, 0x0000000704a00000|100%| O|  |TAMS 0x0000000704851a00, 0x0000000704800000| Untracked 
|   8|0x0000000704a00000, 0x0000000704c00000, 0x0000000704c00000|100%| O|  |TAMS 0x0000000704a00000, 0x0000000704a00000| Untracked 
|   9|0x0000000704c00000, 0x0000000704e00000, 0x0000000704e00000|100%| O|  |TAMS 0x0000000704c00000, 0x0000000704c00000| Untracked 
|  10|0x0000000704e00000, 0x0000000705000000, 0x0000000705000000|100%| O|  |TAMS 0x0000000704e00000, 0x0000000704e00000| Untracked 
|  11|0x0000000705000000, 0x0000000705200000, 0x0000000705200000|100%| O|  |TAMS 0x0000000705000000, 0x0000000705000000| Untracked 
|  12|0x0000000705200000, 0x0000000705400000, 0x0000000705400000|100%| O|  |TAMS 0x0000000705200000, 0x0000000705200000| Untracked 
|  13|0x0000000705400000, 0x0000000705600000, 0x0000000705600000|100%|HS|  |TAMS 0x0000000705400000, 0x0000000705400000| Complete 
|  14|0x0000000705600000, 0x0000000705800000, 0x0000000705800000|100%| O|  |TAMS 0x0000000705600000, 0x0000000705600000| Untracked 
|  15|0x0000000705800000, 0x0000000705a00000, 0x0000000705a00000|100%| O|  |TAMS 0x0000000705800000, 0x0000000705800000| Untracked 
|  16|0x0000000705a00000, 0x0000000705c00000, 0x0000000705c00000|100%| O|  |TAMS 0x0000000705a00000, 0x0000000705a00000| Untracked 
|  17|0x0000000705c00000, 0x0000000705e00000, 0x0000000705e00000|100%| O|  |TAMS 0x0000000705c00000, 0x0000000705c00000| Untracked 
|  18|0x0000000705e00000, 0x0000000706000000, 0x0000000706000000|100%| O|  |TAMS 0x0000000705e00000, 0x0000000705e00000| Untracked 
|  19|0x0000000706000000, 0x0000000706200000, 0x0000000706200000|100%| O|  |TAMS 0x0000000706000000, 0x0000000706000000| Untracked 
|  20|0x0000000706200000, 0x0000000706400000, 0x0000000706400000|100%| O|  |TAMS 0x0000000706200000, 0x0000000706200000| Untracked 
|  21|0x0000000706400000, 0x0000000706600000, 0x0000000706600000|100%| O|  |TAMS 0x0000000706400000, 0x0000000706400000| Untracked 
|  22|0x0000000706600000, 0x0000000706800000, 0x0000000706800000|100%| O|  |TAMS 0x0000000706600000, 0x0000000706600000| Untracked 
|  23|0x0000000706800000, 0x0000000706a00000, 0x0000000706a00000|100%| O|  |TAMS 0x0000000706800000, 0x0000000706800000| Untracked 
|  24|0x0000000706a00000, 0x0000000706c00000, 0x0000000706c00000|100%| O|  |TAMS 0x0000000706a00000, 0x0000000706a00000| Untracked 
|  25|0x0000000706c00000, 0x0000000706e00000, 0x0000000706e00000|100%| O|  |TAMS 0x0000000706c00000, 0x0000000706c00000| Untracked 
|  26|0x0000000706e00000, 0x0000000707000000, 0x0000000707000000|100%| O|  |TAMS 0x0000000706e00000, 0x0000000706e00000| Untracked 
|  27|0x0000000707000000, 0x0000000707200000, 0x0000000707200000|100%| O|  |TAMS 0x0000000707000000, 0x0000000707000000| Untracked 
|  28|0x0000000707200000, 0x0000000707400000, 0x0000000707400000|100%| O|  |TAMS 0x0000000707200000, 0x0000000707200000| Untracked 
|  29|0x0000000707400000, 0x0000000707600000, 0x0000000707600000|100%| O|  |TAMS 0x0000000707400000, 0x0000000707400000| Untracked 
|  30|0x0000000707600000, 0x0000000707800000, 0x0000000707800000|100%| O|  |TAMS 0x0000000707600000, 0x0000000707600000| Untracked 
|  31|0x0000000707800000, 0x0000000707a00000, 0x0000000707a00000|100%| O|  |TAMS 0x0000000707800000, 0x0000000707800000| Untracked 
|  32|0x0000000707a00000, 0x0000000707c00000, 0x0000000707c00000|100%| O|  |TAMS 0x0000000707a00000, 0x0000000707a00000| Untracked 
|  33|0x0000000707c00000, 0x0000000707e00000, 0x0000000707e00000|100%| O|  |TAMS 0x0000000707c00000, 0x0000000707c00000| Untracked 
|  34|0x0000000707e00000, 0x0000000708000000, 0x0000000708000000|100%| O|  |TAMS 0x0000000707e00000, 0x0000000707e00000| Untracked 
|  35|0x0000000708000000, 0x0000000708200000, 0x0000000708200000|100%| O|  |TAMS 0x0000000708000000, 0x0000000708000000| Untracked 
|  36|0x0000000708200000, 0x0000000708400000, 0x0000000708400000|100%| O|  |TAMS 0x0000000708200000, 0x0000000708200000| Untracked 
|  37|0x0000000708400000, 0x0000000708600000, 0x0000000708600000|100%| O|  |TAMS 0x0000000708400000, 0x0000000708400000| Untracked 
|  38|0x0000000708600000, 0x0000000708800000, 0x0000000708800000|100%| O|  |TAMS 0x0000000708600000, 0x0000000708600000| Untracked 
|  39|0x0000000708800000, 0x00000007088ce200, 0x0000000708a00000| 40%| O|  |TAMS 0x0000000708800000, 0x0000000708800000| Untracked 
|  40|0x0000000708a00000, 0x0000000708a00000, 0x0000000708c00000|  0%| F|  |TAMS 0x0000000708a00000, 0x0000000708a00000| Untracked 
|  41|0x0000000708c00000, 0x0000000708c00000, 0x0000000708e00000|  0%| F|  |TAMS 0x0000000708c00000, 0x0000000708c00000| Untracked 
|  42|0x0000000708e00000, 0x0000000708e00000, 0x0000000709000000|  0%| F|  |TAMS 0x0000000708e00000, 0x0000000708e00000| Untracked 
|  43|0x0000000709000000, 0x0000000709000000, 0x0000000709200000|  0%| F|  |TAMS 0x0000000709000000, 0x0000000709000000| Untracked 
|  44|0x0000000709200000, 0x0000000709200000, 0x0000000709400000|  0%| F|  |TAMS 0x0000000709200000, 0x0000000709200000| Untracked 
|  45|0x0000000709400000, 0x0000000709400000, 0x0000000709600000|  0%| F|  |TAMS 0x0000000709400000, 0x0000000709400000| Untracked 
|  46|0x0000000709600000, 0x0000000709600000, 0x0000000709800000|  0%| F|  |TAMS 0x0000000709600000, 0x0000000709600000| Untracked 
|  47|0x0000000709800000, 0x0000000709800000, 0x0000000709a00000|  0%| F|  |TAMS 0x0000000709800000, 0x0000000709800000| Untracked 
|  48|0x0000000709a00000, 0x0000000709a00000, 0x0000000709c00000|  0%| F|  |TAMS 0x0000000709a00000, 0x0000000709a00000| Untracked 
|  49|0x0000000709c00000, 0x0000000709c00000, 0x0000000709e00000|  0%| F|  |TAMS 0x0000000709c00000, 0x0000000709c00000| Untracked 
|  50|0x0000000709e00000, 0x0000000709e00000, 0x000000070a000000|  0%| F|  |TAMS 0x0000000709e00000, 0x0000000709e00000| Untracked 
|  51|0x000000070a000000, 0x000000070a000000, 0x000000070a200000|  0%| F|  |TAMS 0x000000070a000000, 0x000000070a000000| Untracked 
|  52|0x000000070a200000, 0x000000070a200000, 0x000000070a400000|  0%| F|  |TAMS 0x000000070a200000, 0x000000070a200000| Untracked 
|  53|0x000000070a400000, 0x000000070a400000, 0x000000070a600000|  0%| F|  |TAMS 0x000000070a400000, 0x000000070a400000| Untracked 
|  54|0x000000070a600000, 0x000000070a600000, 0x000000070a800000|  0%| F|  |TAMS 0x000000070a600000, 0x000000070a600000| Untracked 
|  55|0x000000070a800000, 0x000000070a800000, 0x000000070aa00000|  0%| F|  |TAMS 0x000000070a800000, 0x000000070a800000| Untracked 
|  56|0x000000070aa00000, 0x000000070aa00000, 0x000000070ac00000|  0%| F|  |TAMS 0x000000070aa00000, 0x000000070aa00000| Untracked 
|  57|0x000000070ac00000, 0x000000070ac00000, 0x000000070ae00000|  0%| F|  |TAMS 0x000000070ac00000, 0x000000070ac00000| Untracked 
|  58|0x000000070ae00000, 0x000000070ae00000, 0x000000070b000000|  0%| F|  |TAMS 0x000000070ae00000, 0x000000070ae00000| Untracked 
|  59|0x000000070b000000, 0x000000070b000000, 0x000000070b200000|  0%| F|  |TAMS 0x000000070b000000, 0x000000070b000000| Untracked 
|  60|0x000000070b200000, 0x000000070b200000, 0x000000070b400000|  0%| F|  |TAMS 0x000000070b200000, 0x000000070b200000| Untracked 
|  61|0x000000070b400000, 0x000000070b5dd810, 0x000000070b600000| 93%| S|CS|TAMS 0x000000070b400000, 0x000000070b400000| Complete 
|  62|0x000000070b600000, 0x000000070b800000, 0x000000070b800000|100%| S|CS|TAMS 0x000000070b600000, 0x000000070b600000| Complete 
|  63|0x000000070b800000, 0x000000070ba00000, 0x000000070ba00000|100%| S|CS|TAMS 0x000000070b800000, 0x000000070b800000| Complete 
|  64|0x000000070ba00000, 0x000000070bc00000, 0x000000070bc00000|100%| S|CS|TAMS 0x000000070ba00000, 0x000000070ba00000| Complete 
|  65|0x000000070bc00000, 0x000000070be00000, 0x000000070be00000|100%| S|CS|TAMS 0x000000070bc00000, 0x000000070bc00000| Complete 
|  66|0x000000070be00000, 0x000000070c000000, 0x000000070c000000|100%| S|CS|TAMS 0x000000070be00000, 0x000000070be00000| Complete 
|  67|0x000000070c000000, 0x000000070c000000, 0x000000070c200000|  0%| F|  |TAMS 0x000000070c000000, 0x000000070c000000| Untracked 
|  68|0x000000070c200000, 0x000000070c200000, 0x000000070c400000|  0%| F|  |TAMS 0x000000070c200000, 0x000000070c200000| Untracked 
|  69|0x000000070c400000, 0x000000070c400000, 0x000000070c600000|  0%| F|  |TAMS 0x000000070c400000, 0x000000070c400000| Untracked 
|  70|0x000000070c600000, 0x000000070c600000, 0x000000070c800000|  0%| F|  |TAMS 0x000000070c600000, 0x000000070c600000| Untracked 
|  71|0x000000070c800000, 0x000000070c800000, 0x000000070ca00000|  0%| F|  |TAMS 0x000000070c800000, 0x000000070c800000| Untracked 
|  72|0x000000070ca00000, 0x000000070cc00000, 0x000000070cc00000|100%| S|CS|TAMS 0x000000070ca00000, 0x000000070ca00000| Complete 
|  73|0x000000070cc00000, 0x000000070cc00000, 0x000000070ce00000|  0%| F|  |TAMS 0x000000070cc00000, 0x000000070cc00000| Untracked 
|  74|0x000000070ce00000, 0x000000070ce00000, 0x000000070d000000|  0%| F|  |TAMS 0x000000070ce00000, 0x000000070ce00000| Untracked 
|  75|0x000000070d000000, 0x000000070d000000, 0x000000070d200000|  0%| F|  |TAMS 0x000000070d000000, 0x000000070d000000| Untracked 
|  76|0x000000070d200000, 0x000000070d200000, 0x000000070d400000|  0%| F|  |TAMS 0x000000070d200000, 0x000000070d200000| Untracked 
|  77|0x000000070d400000, 0x000000070d400000, 0x000000070d600000|  0%| F|  |TAMS 0x000000070d400000, 0x000000070d400000| Untracked 
|  78|0x000000070d600000, 0x000000070d600000, 0x000000070d800000|  0%| F|  |TAMS 0x000000070d600000, 0x000000070d600000| Untracked 
|  79|0x000000070d800000, 0x000000070d800000, 0x000000070da00000|  0%| F|  |TAMS 0x000000070d800000, 0x000000070d800000| Untracked 
|  80|0x000000070da00000, 0x000000070da00000, 0x000000070dc00000|  0%| F|  |TAMS 0x000000070da00000, 0x000000070da00000| Untracked 
|  81|0x000000070dc00000, 0x000000070dc00000, 0x000000070de00000|  0%| F|  |TAMS 0x000000070dc00000, 0x000000070dc00000| Untracked 
|  82|0x000000070de00000, 0x000000070de00000, 0x000000070e000000|  0%| F|  |TAMS 0x000000070de00000, 0x000000070de00000| Untracked 
|  83|0x000000070e000000, 0x000000070e000000, 0x000000070e200000|  0%| F|  |TAMS 0x000000070e000000, 0x000000070e000000| Untracked 
|  84|0x000000070e200000, 0x000000070e200000, 0x000000070e400000|  0%| F|  |TAMS 0x000000070e200000, 0x000000070e200000| Untracked 
|  85|0x000000070e400000, 0x000000070e400000, 0x000000070e600000|  0%| F|  |TAMS 0x000000070e400000, 0x000000070e400000| Untracked 
|  86|0x000000070e600000, 0x000000070e600000, 0x000000070e800000|  0%| F|  |TAMS 0x000000070e600000, 0x000000070e600000| Untracked 
|  87|0x000000070e800000, 0x000000070e800000, 0x000000070ea00000|  0%| F|  |TAMS 0x000000070e800000, 0x000000070e800000| Untracked 
|  88|0x000000070ea00000, 0x000000070ea00000, 0x000000070ec00000|  0%| F|  |TAMS 0x000000070ea00000, 0x000000070ea00000| Untracked 
|  89|0x000000070ec00000, 0x000000070ec00000, 0x000000070ee00000|  0%| F|  |TAMS 0x000000070ec00000, 0x000000070ec00000| Untracked 
|  90|0x000000070ee00000, 0x000000070ee00000, 0x000000070f000000|  0%| F|  |TAMS 0x000000070ee00000, 0x000000070ee00000| Untracked 
|  91|0x000000070f000000, 0x000000070f000000, 0x000000070f200000|  0%| F|  |TAMS 0x000000070f000000, 0x000000070f000000| Untracked 
|  92|0x000000070f200000, 0x000000070f200000, 0x000000070f400000|  0%| F|  |TAMS 0x000000070f200000, 0x000000070f200000| Untracked 
|  93|0x000000070f400000, 0x000000070f400000, 0x000000070f600000|  0%| F|  |TAMS 0x000000070f400000, 0x000000070f400000| Untracked 
|  94|0x000000070f600000, 0x000000070f600000, 0x000000070f800000|  0%| F|  |TAMS 0x000000070f600000, 0x000000070f600000| Untracked 
|  95|0x000000070f800000, 0x000000070f800000, 0x000000070fa00000|  0%| F|  |TAMS 0x000000070f800000, 0x000000070f800000| Untracked 
|  96|0x000000070fa00000, 0x000000070fa00000, 0x000000070fc00000|  0%| F|  |TAMS 0x000000070fa00000, 0x000000070fa00000| Untracked 
|  97|0x000000070fc00000, 0x000000070fc00000, 0x000000070fe00000|  0%| F|  |TAMS 0x000000070fc00000, 0x000000070fc00000| Untracked 
|  98|0x000000070fe00000, 0x000000070fe00000, 0x0000000710000000|  0%| F|  |TAMS 0x000000070fe00000, 0x000000070fe00000| Untracked 
|  99|0x0000000710000000, 0x0000000710000000, 0x0000000710200000|  0%| F|  |TAMS 0x0000000710000000, 0x0000000710000000| Untracked 
| 100|0x0000000710200000, 0x0000000710200000, 0x0000000710400000|  0%| F|  |TAMS 0x0000000710200000, 0x0000000710200000| Untracked 
| 101|0x0000000710400000, 0x0000000710400000, 0x0000000710600000|  0%| F|  |TAMS 0x0000000710400000, 0x0000000710400000| Untracked 
| 102|0x0000000710600000, 0x0000000710600000, 0x0000000710800000|  0%| F|  |TAMS 0x0000000710600000, 0x0000000710600000| Untracked 
| 103|0x0000000710800000, 0x0000000710800000, 0x0000000710a00000|  0%| F|  |TAMS 0x0000000710800000, 0x0000000710800000| Untracked 
| 104|0x0000000710a00000, 0x0000000710a00000, 0x0000000710c00000|  0%| F|  |TAMS 0x0000000710a00000, 0x0000000710a00000| Untracked 
| 105|0x0000000710c00000, 0x0000000710c00000, 0x0000000710e00000|  0%| F|  |TAMS 0x0000000710c00000, 0x0000000710c00000| Untracked 
| 106|0x0000000710e00000, 0x0000000710e00000, 0x0000000711000000|  0%| F|  |TAMS 0x0000000710e00000, 0x0000000710e00000| Untracked 
| 107|0x0000000711000000, 0x0000000711000000, 0x0000000711200000|  0%| F|  |TAMS 0x0000000711000000, 0x0000000711000000| Untracked 
| 108|0x0000000711200000, 0x0000000711200000, 0x0000000711400000|  0%| F|  |TAMS 0x0000000711200000, 0x0000000711200000| Untracked 
| 109|0x0000000711400000, 0x0000000711400000, 0x0000000711600000|  0%| F|  |TAMS 0x0000000711400000, 0x0000000711400000| Untracked 
| 110|0x0000000711600000, 0x0000000711600000, 0x0000000711800000|  0%| F|  |TAMS 0x0000000711600000, 0x0000000711600000| Untracked 
| 111|0x0000000711800000, 0x0000000711800000, 0x0000000711a00000|  0%| F|  |TAMS 0x0000000711800000, 0x0000000711800000| Untracked 
| 112|0x0000000711a00000, 0x0000000711a00000, 0x0000000711c00000|  0%| F|  |TAMS 0x0000000711a00000, 0x0000000711a00000| Untracked 
| 113|0x0000000711c00000, 0x0000000711c00000, 0x0000000711e00000|  0%| F|  |TAMS 0x0000000711c00000, 0x0000000711c00000| Untracked 
| 114|0x0000000711e00000, 0x0000000711e00000, 0x0000000712000000|  0%| F|  |TAMS 0x0000000711e00000, 0x0000000711e00000| Untracked 
| 115|0x0000000712000000, 0x0000000712000000, 0x0000000712200000|  0%| F|  |TAMS 0x0000000712000000, 0x0000000712000000| Untracked 
| 116|0x0000000712200000, 0x0000000712200000, 0x0000000712400000|  0%| F|  |TAMS 0x0000000712200000, 0x0000000712200000| Untracked 
| 117|0x0000000712400000, 0x0000000712400000, 0x0000000712600000|  0%| F|  |TAMS 0x0000000712400000, 0x0000000712400000| Untracked 
| 118|0x0000000712600000, 0x0000000712600000, 0x0000000712800000|  0%| F|  |TAMS 0x0000000712600000, 0x0000000712600000| Untracked 
| 119|0x0000000712800000, 0x0000000712800000, 0x0000000712a00000|  0%| F|  |TAMS 0x0000000712800000, 0x0000000712800000| Untracked 
| 120|0x0000000712a00000, 0x0000000712a00000, 0x0000000712c00000|  0%| F|  |TAMS 0x0000000712a00000, 0x0000000712a00000| Untracked 
| 121|0x0000000712c00000, 0x0000000712c00000, 0x0000000712e00000|  0%| F|  |TAMS 0x0000000712c00000, 0x0000000712c00000| Untracked 
| 122|0x0000000712e00000, 0x0000000712e00000, 0x0000000713000000|  0%| F|  |TAMS 0x0000000712e00000, 0x0000000712e00000| Untracked 
| 123|0x0000000713000000, 0x0000000713000000, 0x0000000713200000|  0%| F|  |TAMS 0x0000000713000000, 0x0000000713000000| Untracked 
| 124|0x0000000713200000, 0x0000000713200000, 0x0000000713400000|  0%| F|  |TAMS 0x0000000713200000, 0x0000000713200000| Untracked 
| 125|0x0000000713400000, 0x0000000713400000, 0x0000000713600000|  0%| F|  |TAMS 0x0000000713400000, 0x0000000713400000| Untracked 
| 126|0x0000000713600000, 0x0000000713600000, 0x0000000713800000|  0%| F|  |TAMS 0x0000000713600000, 0x0000000713600000| Untracked 
| 127|0x0000000713800000, 0x0000000713800000, 0x0000000713a00000|  0%| F|  |TAMS 0x0000000713800000, 0x0000000713800000| Untracked 
| 128|0x0000000713a00000, 0x0000000713a00000, 0x0000000713c00000|  0%| F|  |TAMS 0x0000000713a00000, 0x0000000713a00000| Untracked 
| 129|0x0000000713c00000, 0x0000000713c00000, 0x0000000713e00000|  0%| F|  |TAMS 0x0000000713c00000, 0x0000000713c00000| Untracked 
| 130|0x0000000713e00000, 0x0000000713e00000, 0x0000000714000000|  0%| F|  |TAMS 0x0000000713e00000, 0x0000000713e00000| Untracked 
| 131|0x0000000714000000, 0x0000000714000000, 0x0000000714200000|  0%| F|  |TAMS 0x0000000714000000, 0x0000000714000000| Untracked 
| 132|0x0000000714200000, 0x0000000714200000, 0x0000000714400000|  0%| F|  |TAMS 0x0000000714200000, 0x0000000714200000| Untracked 
| 133|0x0000000714400000, 0x0000000714400000, 0x0000000714600000|  0%| F|  |TAMS 0x0000000714400000, 0x0000000714400000| Untracked 
| 134|0x0000000714600000, 0x0000000714600000, 0x0000000714800000|  0%| F|  |TAMS 0x0000000714600000, 0x0000000714600000| Untracked 
| 135|0x0000000714800000, 0x0000000714800000, 0x0000000714a00000|  0%| F|  |TAMS 0x0000000714800000, 0x0000000714800000| Untracked 
| 136|0x0000000714a00000, 0x0000000714a00000, 0x0000000714c00000|  0%| F|  |TAMS 0x0000000714a00000, 0x0000000714a00000| Untracked 
| 137|0x0000000714c00000, 0x0000000714c00000, 0x0000000714e00000|  0%| F|  |TAMS 0x0000000714c00000, 0x0000000714c00000| Untracked 
| 138|0x0000000714e00000, 0x0000000714e00000, 0x0000000715000000|  0%| F|  |TAMS 0x0000000714e00000, 0x0000000714e00000| Untracked 
| 139|0x0000000715000000, 0x0000000715000000, 0x0000000715200000|  0%| F|  |TAMS 0x0000000715000000, 0x0000000715000000| Untracked 
| 140|0x0000000715200000, 0x0000000715200000, 0x0000000715400000|  0%| F|  |TAMS 0x0000000715200000, 0x0000000715200000| Untracked 
| 141|0x0000000715400000, 0x0000000715400000, 0x0000000715600000|  0%| F|  |TAMS 0x0000000715400000, 0x0000000715400000| Untracked 
| 142|0x0000000715600000, 0x0000000715600000, 0x0000000715800000|  0%| F|  |TAMS 0x0000000715600000, 0x0000000715600000| Untracked 
| 143|0x0000000715800000, 0x0000000715800000, 0x0000000715a00000|  0%| F|  |TAMS 0x0000000715800000, 0x0000000715800000| Untracked 
| 144|0x0000000715a00000, 0x0000000715a00000, 0x0000000715c00000|  0%| F|  |TAMS 0x0000000715a00000, 0x0000000715a00000| Untracked 
| 145|0x0000000715c00000, 0x0000000715c00000, 0x0000000715e00000|  0%| F|  |TAMS 0x0000000715c00000, 0x0000000715c00000| Untracked 
| 146|0x0000000715e00000, 0x0000000715e00000, 0x0000000716000000|  0%| F|  |TAMS 0x0000000715e00000, 0x0000000715e00000| Untracked 
| 147|0x0000000716000000, 0x0000000716000000, 0x0000000716200000|  0%| F|  |TAMS 0x0000000716000000, 0x0000000716000000| Untracked 
| 148|0x0000000716200000, 0x0000000716200000, 0x0000000716400000|  0%| F|  |TAMS 0x0000000716200000, 0x0000000716200000| Untracked 
| 149|0x0000000716400000, 0x0000000716400000, 0x0000000716600000|  0%| F|  |TAMS 0x0000000716400000, 0x0000000716400000| Untracked 

Card table byte_map: [0x00000204ecfd0000,0x00000204ed7c0000] _byte_map_base: 0x00000204e97b3000

Marking Bits (Prev, Next): (CMBitMap*) 0x00000204e68f9060, (CMBitMap*) 0x00000204e68f90a0
 Prev Bits: [0x00000204edfb0000, 0x00000204f1ec8000)
 Next Bits: [0x00000204f1ed0000, 0x00000204f5de8000)

Polling page: 0x00000204e6000000

Metaspace:

Usage:
  Non-class:     33.37 MB used.
      Class:      4.86 MB used.
       Both:     38.23 MB used.

Virtual space:
  Non-class space:       40.00 MB reserved,      33.56 MB ( 84%) committed,  5 nodes.
      Class space:        1.00 GB reserved,       5.00 MB ( <1%) committed,  1 nodes.
             Both:        1.04 GB reserved,      38.56 MB (  4%) committed. 

Chunk freelists:
   Non-Class:  2.42 MB
       Class:  2.85 MB
        Both:  5.27 MB

MaxMetaspaceSize: unlimited
CompressedClassSpaceSize: 1.00 GB
Initial GC threshold: 21.00 MB
Current GC threshold: 47.94 MB
CDS: off
MetaspaceReclaimPolicy: balanced
 - commit_granule_bytes: 65536.
 - commit_granule_words: 8192.
 - virtual_space_node_default_size: 1048576.
 - enlarge_chunks_in_place: 1.
 - new_chunks_are_fully_committed: 0.
 - uncommit_free_chunks: 1.
 - use_allocation_guard: 0.
 - handle_deallocations: 1.


Internal statistics:

num_allocs_failed_limit: 10.
num_arena_births: 384.
num_arena_deaths: 0.
num_vsnodes_births: 6.
num_vsnodes_deaths: 0.
num_space_committed: 617.
num_space_uncommitted: 0.
num_chunks_returned_to_freelist: 10.
num_chunks_taken_from_freelist: 1545.
num_chunk_merges: 10.
num_chunk_splits: 1069.
num_chunks_enlarged: 820.
num_purges: 0.
num_inconsistent_stats: 0.

CodeCache: size=49152Kb used=9566Kb max_used=9566Kb free=39585Kb
 bounds [0x00000204e94c0000, 0x00000204e9e50000, 0x00000204ec4c0000]
 total_blobs=4509 nmethods=3971 adapters=462
 compilation: enabled
              stopped_count=0, restarted_count=0
 full_count=0

Compilation events (20 events):
Event: 16.243 Thread 0x00000204e4035590 3954   !   1       io.github.classgraph.Resource::close (24 bytes)
Event: 16.243 Thread 0x00000204e40364c0 3897       1       nonapi.io.github.classgraph.fileslice.reader.ClassfileReader::buf (5 bytes)
Event: 16.243 Thread 0x00000204e4038320 nmethod 3965 0x00000204e9874490 code [0x00000204e9874620, 0x00000204e9874708]
Event: 16.243 Thread 0x00000204e40364c0 nmethod 3897 0x00000204e9874190 code [0x00000204e9874320, 0x00000204e98743f8]
Event: 16.243 Thread 0x00000204e4038320 3952       1       nonapi.io.github.classgraph.fileslice.reader.ClassfileReader::bufferTo (14 bytes)
Event: 16.243 Thread 0x00000204e40364c0 3914       1       java.util.zip.Inflater::<init> (28 bytes)
Event: 16.243 Thread 0x00000204e4035590 nmethod 3954 0x00000204e9873e10 code [0x00000204e9873fa0, 0x00000204e98740e8]
Event: 16.243 Thread 0x00000204e4035590 3920       1       java.io.ByteArrayOutputStream::close (1 bytes)
Event: 16.243 Thread 0x00000204e4038320 nmethod 3952 0x00000204e9873b10 code [0x00000204e9873ca0, 0x00000204e9873d88]
Event: 16.243 Thread 0x00000204e4035590 nmethod 3920 0x00000204e9873810 code [0x00000204e98739a0, 0x00000204e9873a58]
Event: 16.243 Thread 0x00000204e4038320 3966       1       java.util.zip.Inflater::<init> (6 bytes)
Event: 16.243 Thread 0x00000204e40364c0 nmethod 3914 0x00000204e9873110 code [0x00000204e98732e0, 0x00000204e9873698]
Event: 16.243 Thread 0x00000204e4038320 nmethod 3966 0x00000204e9872a10 code [0x00000204e9872be0, 0x00000204e9872f98]
Event: 16.248 Thread 0x00000204e4035080 nmethod 3934 0x00000204e986d010 code [0x00000204e986d8a0, 0x00000204e9870bd8]
Event: 16.480 Thread 0x00000204e4038320 3969       1       java.util.concurrent.locks.ReentrantLock$NonfairSync::tryAcquire (27 bytes)
Event: 16.480 Thread 0x00000204e4038320 nmethod 3969 0x00000204e986cc90 code [0x00000204e986ce20, 0x00000204e986cfb8]
Event: 16.498 Thread 0x00000204e4035080 3970       1       java.util.concurrent.locks.AbstractQueuedSynchronizer::acquireInterruptibly (36 bytes)
Event: 16.498 Thread 0x00000204e4035080 nmethod 3970 0x00000204e986c710 code [0x00000204e986c8e0, 0x00000204e986cb58]
Event: 16.590 Thread 0x00000204e40364c0 3971       1       io.github.classgraph.ModuleRef::getReference (5 bytes)
Event: 16.590 Thread 0x00000204e40364c0 nmethod 3971 0x00000204e986c410 code [0x00000204e986c5a0, 0x00000204e986c678]

GC Heap History (20 events):
Event: 13.646 GC heap after
{Heap after GC invocations=11 (full 0):
 garbage-first heap   total 55296K, used 21989K [0x0000000703a00000, 0x0000000800000000)
  region size 2048K, 2 young (4096K), 2 survivors (4096K)
 Metaspace       used 36704K, committed 37056K, reserved 1081344K
  class space    used 4742K, committed 4928K, reserved 1048576K
}
Event: 13.912 GC heap before
{Heap before GC invocations=11 (full 0):
 garbage-first heap   total 55296K, used 36325K [0x0000000703a00000, 0x0000000800000000)
  region size 2048K, 10 young (20480K), 2 survivors (4096K)
 Metaspace       used 37357K, committed 37760K, reserved 1089536K
  class space    used 4809K, committed 4992K, reserved 1048576K
}
Event: 13.917 GC heap after
{Heap after GC invocations=12 (full 0):
 garbage-first heap   total 55296K, used 24550K [0x0000000703a00000, 0x0000000800000000)
  region size 2048K, 2 young (4096K), 2 survivors (4096K)
 Metaspace       used 37357K, committed 37760K, reserved 1089536K
  class space    used 4809K, committed 4992K, reserved 1048576K
}
Event: 14.088 GC heap before
{Heap before GC invocations=12 (full 0):
 garbage-first heap   total 55296K, used 36838K [0x0000000703a00000, 0x0000000800000000)
  region size 2048K, 9 young (18432K), 2 survivors (4096K)
 Metaspace       used 38181K, committed 38528K, reserved 1089536K
  class space    used 4851K, committed 4992K, reserved 1048576K
}
Event: 14.094 GC heap after
{Heap after GC invocations=13 (full 0):
 garbage-first heap   total 157696K, used 27731K [0x0000000703a00000, 0x0000000800000000)
  region size 2048K, 2 young (4096K), 2 survivors (4096K)
 Metaspace       used 38181K, committed 38528K, reserved 1089536K
  class space    used 4851K, committed 4992K, reserved 1048576K
}
Event: 14.517 GC heap before
{Heap before GC invocations=13 (full 0):
 garbage-first heap   total 157696K, used 103507K [0x0000000703a00000, 0x0000000800000000)
  region size 2048K, 39 young (79872K), 2 survivors (4096K)
 Metaspace       used 38833K, committed 39168K, reserved 1089536K
  class space    used 4920K, committed 5056K, reserved 1048576K
}
Event: 14.532 GC heap after
{Heap after GC invocations=14 (full 0):
 garbage-first heap   total 157696K, used 46429K [0x0000000703a00000, 0x0000000800000000)
  region size 2048K, 5 young (10240K), 5 survivors (10240K)
 Metaspace       used 38833K, committed 39168K, reserved 1089536K
  class space    used 4920K, committed 5056K, reserved 1048576K
}
Event: 16.097 GC heap before
{Heap before GC invocations=14 (full 0):
 garbage-first heap   total 157696K, used 99677K [0x0000000703a00000, 0x0000000800000000)
  region size 2048K, 32 young (65536K), 5 survivors (10240K)
 Metaspace       used 39035K, committed 39360K, reserved 1089536K
  class space    used 4959K, committed 5120K, reserved 1048576K
}
Event: 16.129 GC heap after
{Heap after GC invocations=15 (full 0):
 garbage-first heap   total 157696K, used 64049K [0x0000000703a00000, 0x0000000800000000)
  region size 2048K, 4 young (8192K), 4 survivors (8192K)
 Metaspace       used 39035K, committed 39360K, reserved 1089536K
  class space    used 4959K, committed 5120K, reserved 1048576K
}
Event: 16.167 GC heap before
{Heap before GC invocations=15 (full 0):
 garbage-first heap   total 157696K, used 102961K [0x0000000703a00000, 0x0000000800000000)
  region size 2048K, 24 young (49152K), 4 survivors (8192K)
 Metaspace       used 39063K, committed 39360K, reserved 1089536K
  class space    used 4966K, committed 5120K, reserved 1048576K
}
Event: 16.179 GC heap after
{Heap after GC invocations=16 (full 0):
 garbage-first heap   total 157696K, used 67585K [0x0000000703a00000, 0x0000000800000000)
  region size 2048K, 2 young (4096K), 2 survivors (4096K)
 Metaspace       used 39063K, committed 39360K, reserved 1089536K
  class space    used 4966K, committed 5120K, reserved 1048576K
}
Event: 16.216 GC heap before
{Heap before GC invocations=16 (full 0):
 garbage-first heap   total 157696K, used 108545K [0x0000000703a00000, 0x0000000800000000)
  region size 2048K, 23 young (47104K), 2 survivors (4096K)
 Metaspace       used 39142K, committed 39488K, reserved 1089536K
  class space    used 4971K, committed 5120K, reserved 1048576K
}
Event: 16.220 GC heap after
{Heap after GC invocations=17 (full 0):
 garbage-first heap   total 307200K, used 68703K [0x0000000703a00000, 0x0000000800000000)
  region size 2048K, 2 young (4096K), 2 survivors (4096K)
 Metaspace       used 39142K, committed 39488K, reserved 1089536K
  class space    used 4971K, committed 5120K, reserved 1048576K
}
Event: 16.358 GC heap before
{Heap before GC invocations=17 (full 0):
 garbage-first heap   total 307200K, used 220255K [0x0000000703a00000, 0x0000000800000000)
  region size 2048K, 77 young (157696K), 2 survivors (4096K)
 Metaspace       used 39148K, committed 39488K, reserved 1089536K
  class space    used 4974K, committed 5120K, reserved 1048576K
}
Event: 16.365 GC heap after
{Heap after GC invocations=18 (full 0):
 garbage-first heap   total 307200K, used 74407K [0x0000000703a00000, 0x0000000800000000)
  region size 2048K, 5 young (10240K), 5 survivors (10240K)
 Metaspace       used 39148K, committed 39488K, reserved 1089536K
  class space    used 4974K, committed 5120K, reserved 1048576K
}
Event: 16.454 GC heap before
{Heap before GC invocations=18 (full 0):
 garbage-first heap   total 307200K, used 232103K [0x0000000703a00000, 0x0000000800000000)
  region size 2048K, 83 young (169984K), 5 survivors (10240K)
 Metaspace       used 39148K, committed 39488K, reserved 1089536K
  class space    used 4974K, committed 5120K, reserved 1048576K
}
Event: 16.462 GC heap after
{Heap after GC invocations=19 (full 0):
 garbage-first heap   total 307200K, used 80877K [0x0000000703a00000, 0x0000000800000000)
  region size 2048K, 8 young (16384K), 8 survivors (16384K)
 Metaspace       used 39148K, committed 39488K, reserved 1089536K
  class space    used 4974K, committed 5120K, reserved 1048576K
}
Event: 16.536 GC heap before
{Heap before GC invocations=19 (full 0):
 garbage-first heap   total 307200K, used 238573K [0x0000000703a00000, 0x0000000800000000)
  region size 2048K, 86 young (176128K), 8 survivors (16384K)
 Metaspace       used 39149K, committed 39488K, reserved 1089536K
  class space    used 4974K, committed 5120K, reserved 1048576K
}
Event: 16.549 GC heap after
{Heap after GC invocations=20 (full 0):
 garbage-first heap   total 307200K, used 87648K [0x0000000703a00000, 0x0000000800000000)
  region size 2048K, 7 young (14336K), 7 survivors (14336K)
 Metaspace       used 39149K, committed 39488K, reserved 1089536K
  class space    used 4974K, committed 5120K, reserved 1048576K
}
Event: 16.640 GC heap before
{Heap before GC invocations=20 (full 0):
 garbage-first heap   total 307200K, used 243296K [0x0000000703a00000, 0x0000000800000000)
  region size 2048K, 84 young (172032K), 7 survivors (14336K)
 Metaspace       used 39149K, committed 39488K, reserved 1089536K
  class space    used 4974K, committed 5120K, reserved 1048576K
}

Deoptimization events (12 events):
Event: 7.273 Thread 0x00000204e68cc060 DEOPT PACKING pc=0x00000204e9a28df9 sp=0x000000cca62fd0b0
Event: 7.273 Thread 0x00000204e68cc060 DEOPT UNPACKING pc=0x00000204e9512b43 sp=0x000000cca62fc590 mode 3
Event: 11.944 Thread 0x00000204e68cc060 DEOPT PACKING pc=0x00000204e9ba9879 sp=0x000000cca62fc490
Event: 11.944 Thread 0x00000204e68cc060 DEOPT UNPACKING pc=0x00000204e9512b43 sp=0x000000cca62fb970 mode 3
Event: 12.928 Thread 0x00000204f9a87590 DEOPT PACKING pc=0x00000204e9c625ed sp=0x000000cca83fe060
Event: 12.928 Thread 0x00000204f9a87590 DEOPT UNPACKING pc=0x00000204e9512b43 sp=0x000000cca83fd588 mode 3
Event: 13.184 Thread 0x00000204f88e6140 DEOPT PACKING pc=0x00000204e9c7ce93 sp=0x000000cca84fe1c0
Event: 13.184 Thread 0x00000204f88e6140 DEOPT UNPACKING pc=0x00000204e9512b43 sp=0x000000cca84fd708 mode 3
Event: 13.238 Thread 0x00000204fa666150 DEOPT PACKING pc=0x00000204e9a27a89 sp=0x000000cca82fd880
Event: 13.238 Thread 0x00000204fa666150 DEOPT UNPACKING pc=0x00000204e9512b43 sp=0x000000cca82fcd10 mode 3
Event: 14.460 Thread 0x00000204f9a87590 DEOPT PACKING pc=0x00000204e9a2559f sp=0x000000cca83ff090
Event: 14.460 Thread 0x00000204f9a87590 DEOPT UNPACKING pc=0x00000204e9512b43 sp=0x000000cca83fe4e8 mode 3

Classes unloaded (0 events):
No events

Classes redefined (0 events):
No events

Internal exceptions (20 events):
Event: 13.289 Thread 0x00000204f8951850 Exception <a 'sun/nio/fs/WindowsException'{0x0000000705f01668}> (0x0000000705f01668) 
thrown [s\src\hotspot\share\prims\jni.cpp, line 516]
Event: 13.290 Thread 0x00000204f8951850 Exception <a 'sun/nio/fs/WindowsException'{0x0000000705f02090}> (0x0000000705f02090) 
thrown [s\src\hotspot\share\prims\jni.cpp, line 516]
Event: 13.290 Thread 0x00000204f8951850 Exception <a 'sun/nio/fs/WindowsException'{0x0000000705f02478}> (0x0000000705f02478) 
thrown [s\src\hotspot\share\prims\jni.cpp, line 516]
Event: 13.291 Thread 0x00000204f8951850 Exception <a 'sun/nio/fs/WindowsException'{0x0000000705f02e78}> (0x0000000705f02e78) 
thrown [s\src\hotspot\share\prims\jni.cpp, line 516]
Event: 13.291 Thread 0x00000204f8951850 Exception <a 'sun/nio/fs/WindowsException'{0x0000000705f03228}> (0x0000000705f03228) 
thrown [s\src\hotspot\share\prims\jni.cpp, line 516]
Event: 13.292 Thread 0x00000204f8951850 Exception <a 'sun/nio/fs/WindowsException'{0x0000000705f03c30}> (0x0000000705f03c30) 
thrown [s\src\hotspot\share\prims\jni.cpp, line 516]
Event: 13.292 Thread 0x00000204f8951850 Exception <a 'sun/nio/fs/WindowsException'{0x0000000705f03ff0}> (0x0000000705f03ff0) 
thrown [s\src\hotspot\share\prims\jni.cpp, line 516]
Event: 13.293 Thread 0x00000204f8951850 Exception <a 'sun/nio/fs/WindowsException'{0x0000000705f049f0}> (0x0000000705f049f0) 
thrown [s\src\hotspot\share\prims\jni.cpp, line 516]
Event: 13.293 Thread 0x00000204f8951850 Exception <a 'sun/nio/fs/WindowsException'{0x0000000705f04da8}> (0x0000000705f04da8) 
thrown [s\src\hotspot\share\prims\jni.cpp, line 516]
Event: 13.294 Thread 0x00000204f8951850 Exception <a 'sun/nio/fs/WindowsException'{0x0000000705f057b0}> (0x0000000705f057b0) 
thrown [s\src\hotspot\share\prims\jni.cpp, line 516]
Event: 13.294 Thread 0x00000204f8951850 Exception <a 'sun/nio/fs/WindowsException'{0x0000000705f05b70}> (0x0000000705f05b70) 
thrown [s\src\hotspot\share\prims\jni.cpp, line 516]
Event: 13.294 Thread 0x00000204f8951850 Exception <a 'sun/nio/fs/WindowsException'{0x0000000705f06598}> (0x0000000705f06598) 
thrown [s\src\hotspot\share\prims\jni.cpp, line 516]
Event: 13.295 Thread 0x00000204f8951850 Exception <a 'sun/nio/fs/WindowsException'{0x0000000705f06980}> (0x0000000705f06980) 
thrown [s\src\hotspot\share\prims\jni.cpp, line 516]
Event: 13.295 Thread 0x00000204f8951850 Exception <a 'sun/nio/fs/WindowsException'{0x0000000705f073b8}> (0x0000000705f073b8) 
thrown [s\src\hotspot\share\prims\jni.cpp, line 516]
Event: 13.295 Thread 0x00000204f8951850 Exception <a 'sun/nio/fs/WindowsException'{0x0000000705f077b8}> (0x0000000705f077b8) 
thrown [s\src\hotspot\share\prims\jni.cpp, line 516]
Event: 13.296 Thread 0x00000204f8951850 Exception <a 'sun/nio/fs/WindowsException'{0x0000000705f081e8}> (0x0000000705f081e8) 
thrown [s\src\hotspot\share\prims\jni.cpp, line 516]
Event: 13.296 Thread 0x00000204f8951850 Exception <a 'sun/nio/fs/WindowsException'{0x0000000705f085d8}> (0x0000000705f085d8) 
thrown [s\src\hotspot\share\prims\jni.cpp, line 516]
Event: 14.443 Thread 0x00000204f9a87590 Exception <a 'java/lang/NoSuchMethodError'{0x000000070989b550}: 'java.lang.Object java.lang.invoke.DirectMethodHandle$Holder.newInvokeSpecial(java.lang.Object, java.lang.Object, int)'> (0x000000070989b550) 
thrown [s\src\hotspot\share\interpreter\linkResolver.cpp, line 759]
Event: 14.501 Thread 0x00000204fa914220 Exception <a 'java/lang/NoSuchMethodError'{0x0000000708e892e8}: 'java.lang.Object java.lang.invoke.Invokers$Holder.linkToTargetMethod(java.lang.Object, long, java.lang.Object)'> (0x0000000708e892e8) 
thrown [s\src\hotspot\share\interpreter\linkResolver.cpp, line 759]
Event: 14.542 Thread 0x00000204fa914220 Exception <a 'sun/nio/fs/WindowsException'{0x00000007137a2ec8}> (0x00000007137a2ec8) 
thrown [s\src\hotspot\share\prims\jni.cpp, line 516]

VM Operations (20 events):
Event: 16.179 Executing VM operation: G1CollectForAllocation done
Event: 16.214 Executing VM operation: G1CollectForAllocation
Event: 16.216 Executing VM operation: G1CollectForAllocation done
Event: 16.216 Executing VM operation: G1CollectForAllocation
Event: 16.220 Executing VM operation: G1CollectForAllocation done
Event: 16.342 Executing VM operation: G1CollectForAllocation
Event: 16.357 Executing VM operation: G1CollectForAllocation done
Event: 16.357 Executing VM operation: G1CollectForAllocation
Event: 16.365 Executing VM operation: G1CollectForAllocation done
Event: 16.433 Executing VM operation: G1CollectForAllocation
Event: 16.452 Executing VM operation: G1CollectForAllocation done
Event: 16.454 Executing VM operation: G1CollectForAllocation
Event: 16.462 Executing VM operation: G1CollectForAllocation done
Event: 16.526 Executing VM operation: G1CollectForAllocation
Event: 16.536 Executing VM operation: G1CollectForAllocation done
Event: 16.536 Executing VM operation: G1CollectForAllocation
Event: 16.549 Executing VM operation: G1CollectForAllocation done
Event: 16.614 Executing VM operation: G1CollectForAllocation
Event: 16.640 Executing VM operation: G1CollectForAllocation done
Event: 16.640 Executing VM operation: G1CollectForAllocation

Events (20 events):
Event: 14.641 loading class java/nio/file/FileVisitOption
Event: 14.641 loading class java/nio/file/FileVisitOption done
Event: 14.642 loading class java/nio/file/FileTreeIterator
Event: 14.642 loading class java/nio/file/FileTreeIterator done
Event: 14.642 loading class java/nio/file/FileTreeWalker
Event: 14.642 loading class java/nio/file/FileTreeWalker done
Event: 14.643 loading class java/nio/file/FileTreeWalker$DirectoryNode
Event: 14.643 loading class java/nio/file/FileTreeWalker$DirectoryNode done
Event: 14.643 loading class java/nio/file/FileTreeWalker$Event
Event: 14.644 loading class java/nio/file/FileTreeWalker$Event done
Event: 14.644 loading class java/nio/file/FileTreeWalker$EventType
Event: 14.644 loading class java/nio/file/FileTreeWalker$EventType done
Event: 14.645 loading class java/util/stream/ForEachOps$ForEachOp$OfRef
Event: 14.645 loading class java/util/stream/ForEachOps$ForEachOp$OfRef done
Event: 15.171 Thread 0x00000204e4038320 Thread exited: 0x00000204e4038320
Event: 15.906 Thread 0x00000204e4037900 Thread exited: 0x00000204e4037900
Event: 15.927 Thread 0x00000204e40373f0 Thread exited: 0x00000204e40373f0
Event: 16.196 Thread 0x00000204e4035080 Thread added: 0x00000204e4035080
Event: 16.207 Thread 0x00000204e4038320 Thread added: 0x00000204e4038320
Event: 16.208 Thread 0x00000204e4035590 Thread added: 0x00000204e4035590


Dynamic libraries:
0x00007ff7fbab0000 - 0x00007ff7fbabe000 	c:\Users\AK59584\.vscode\extensions\redhat.java-1.12.0-win32-x64\jre\17.0.4.1-win32-x86_64\bin\java.exe
0x00007ffb51750000 - 0x00007ffb51948000 	C:\Windows\SYSTEM32\ntdll.dll
0x00007ffb4f8e0000 - 0x00007ffb4f99d000 	C:\Windows\System32\KERNEL32.DLL
0x00007ffb4f370000 - 0x00007ffb4f642000 	C:\Windows\System32\KERNELBASE.dll
0x00007ffb4ee60000 - 0x00007ffb4ef60000 	C:\Windows\System32\ucrtbase.dll
0x00007ffb3bf70000 - 0x00007ffb3bf88000 	c:\Users\AK59584\.vscode\extensions\redhat.java-1.12.0-win32-x64\jre\17.0.4.1-win32-x86_64\bin\jli.dll
0x00007ffb513b0000 - 0x00007ffb5154d000 	C:\Windows\System32\USER32.dll
0x00007ffb4f340000 - 0x00007ffb4f362000 	C:\Windows\System32\win32u.dll
0x00007ffb51380000 - 0x00007ffb513ab000 	C:\Windows\System32\GDI32.dll
0x00007ffb4efb0000 - 0x00007ffb4f0bf000 	C:\Windows\System32\gdi32full.dll
0x00007ffb4f0c0000 - 0x00007ffb4f15d000 	C:\Windows\System32\msvcp_win.dll
0x00007ffb35a40000 - 0x00007ffb35a59000 	c:\Users\AK59584\.vscode\extensions\redhat.java-1.12.0-win32-x64\jre\17.0.4.1-win32-x86_64\bin\VCRUNTIME140.dll
0x00007ffb368e0000 - 0x00007ffb36b7a000 	C:\Windows\WinSxS\amd64_microsoft.windows.common-controls_6595b64144ccf1df_6.0.19041.1110_none_60b5254171f9507e\COMCTL32.dll
0x00007ffb4fe60000 - 0x00007ffb4fefe000 	C:\Windows\System32\msvcrt.dll
0x00007ffb4fe30000 - 0x00007ffb4fe60000 	C:\Windows\System32\IMM32.DLL
0x00007ffb17070000 - 0x00007ffb176e2000 	C:\Program Files\McAfee\DLP\Agent\fcagpph64.dll
0x00007ffb4f830000 - 0x00007ffb4f8de000 	C:\Windows\System32\ADVAPI32.dll
0x00007ffb4f9a0000 - 0x00007ffb4fa3c000 	C:\Windows\System32\sechost.dll
0x00007ffb4fad0000 - 0x00007ffb4fbf5000 	C:\Windows\System32\RPCRT4.dll
0x00007ffb50c30000 - 0x00007ffb51373000 	C:\Windows\System32\SHELL32.dll
0x00007ffb50340000 - 0x00007ffb5046a000 	C:\Windows\System32\ole32.dll
0x00007ffb4ffe0000 - 0x00007ffb50334000 	C:\Windows\System32\combase.dll
0x00007ffb4fdd0000 - 0x00007ffb4fe25000 	C:\Windows\System32\SHLWAPI.dll
0x00007ffb4fa60000 - 0x00007ffb4facb000 	C:\Windows\System32\WS2_32.dll
0x00007ffb4ff00000 - 0x00007ffb4ffcd000 	C:\Windows\System32\OLEAUT32.dll
0x00007ffb1d7d0000 - 0x00007ffb1d868000 	C:\Windows\SYSTEM32\WINSPOOL.DRV
0x00007ffb3f1b0000 - 0x00007ffb3f1ba000 	C:\Windows\SYSTEM32\VERSION.dll
0x00007ffb4ed20000 - 0x00007ffb4ed52000 	C:\Windows\SYSTEM32\SspiCli.dll
0x00007ffb4df60000 - 0x00007ffb4df93000 	C:\Windows\SYSTEM32\ntmarta.dll
0x00000204e58c0000 - 0x00000204e58d4000 	C:\Windows\System32\umppc16104.dll
0x0000000068000000 - 0x0000000068071000 	C:\Windows\System32\QIPCAP64.dll
0x00007ffb4e230000 - 0x00007ffb4e2fa000 	C:\Windows\SYSTEM32\DNSAPI.dll
0x00007ffb4e1f0000 - 0x00007ffb4e22b000 	C:\Windows\SYSTEM32\IPHLPAPI.DLL
0x00007ffb4ffd0000 - 0x00007ffb4ffd8000 	C:\Windows\System32\NSI.dll
0x00007ffb06830000 - 0x00007ffb068d4000 	C:\Program Files\McAfee\Endpoint Security\Threat Prevention\Ips\EpMPApi.dll
0x00007ffb4f210000 - 0x00007ffb4f279000 	C:\Windows\System32\WINTRUST.dll
0x00000204e5a50000 - 0x00000204e5ba6000 	C:\Windows\System32\CRYPT32.dll
0x00007ffb4ea50000 - 0x00007ffb4ea62000 	C:\Windows\SYSTEM32\MSASN1.dll
0x00000000509f0000 - 0x00000000509fc000 	C:\Program Files\McAfee\Endpoint Security\Threat Prevention\Ips\EpMPThe.dll
0x00007ffb067d0000 - 0x00007ffb06828000 	C:\Program Files\McAfee\Endpoint Security\Threat Prevention\Ips\HIPHandlers64.dll
0x00007ffb45f80000 - 0x00007ffb46164000 	C:\Windows\SYSTEM32\dbghelp.dll
0x00007ffb43f30000 - 0x00007ffb43f3c000 	c:\Users\AK59584\.vscode\extensions\redhat.java-1.12.0-win32-x64\jre\17.0.4.1-win32-x86_64\bin\vcruntime140_1.dll
0x00007ffb06160000 - 0x00007ffb061f1000 	c:\Users\AK59584\.vscode\extensions\redhat.java-1.12.0-win32-x64\jre\17.0.4.1-win32-x86_64\bin\msvcp140.dll
0x00007ffadd5a0000 - 0x00007ffade1e6000 	c:\Users\AK59584\.vscode\extensions\redhat.java-1.12.0-win32-x64\jre\17.0.4.1-win32-x86_64\bin\server\jvm.dll
0x00000204e5c10000 - 0x00000204e5c18000 	C:\Windows\System32\PSAPI.DLL
0x00007ffb35ad0000 - 0x00007ffb35ad9000 	C:\Windows\SYSTEM32\WSOCK32.dll
0x00007ffb33530000 - 0x00007ffb33557000 	C:\Windows\SYSTEM32\WINMM.dll
0x00007ffb4d560000 - 0x00007ffb4d572000 	C:\Windows\SYSTEM32\kernel.appcore.dll
0x00007ffb42550000 - 0x00007ffb4255a000 	c:\Users\AK59584\.vscode\extensions\redhat.java-1.12.0-win32-x64\jre\17.0.4.1-win32-x86_64\bin\jimage.dll
0x00007ffb2f1f0000 - 0x00007ffb2f21c000 	C:\Windows\SYSTEM32\dbgcore.DLL
0x00000204e5c20000 - 0x00000204e5ca2000 	C:\Windows\System32\bcryptPrimitives.dll
0x00007ffb298e0000 - 0x00007ffb29905000 	c:\Users\AK59584\.vscode\extensions\redhat.java-1.12.0-win32-x64\jre\17.0.4.1-win32-x86_64\bin\java.dll
0x00007ffb355f0000 - 0x00007ffb35608000 	c:\Users\AK59584\.vscode\extensions\redhat.java-1.12.0-win32-x64\jre\17.0.4.1-win32-x86_64\bin\zip.dll
0x00007ffb4ca30000 - 0x00007ffb4d1c1000 	C:\Windows\SYSTEM32\windows.storage.dll
0x00007ffb4e700000 - 0x00007ffb4e730000 	C:\Windows\SYSTEM32\Wldp.dll
0x00007ffb504d0000 - 0x00007ffb5057d000 	C:\Windows\System32\SHCORE.dll
0x00007ffb4eda0000 - 0x00007ffb4edbf000 	C:\Windows\SYSTEM32\profapi.dll
0x00007ffb2a810000 - 0x00007ffb2a829000 	C:\Users\AK59584\.vscode\extensions\redhat.java-1.12.0-win32-x64\jre\17.0.4.1-win32-x86_64\bin\net.dll
0x00007ffb4dda0000 - 0x00007ffb4dead000 	C:\Windows\SYSTEM32\WINHTTP.dll
0x00007ffb4e4e0000 - 0x00007ffb4e54a000 	C:\Windows\system32\mswsock.dll
0x00007ffb2a7d0000 - 0x00007ffb2a7e5000 	C:\Users\AK59584\.vscode\extensions\redhat.java-1.12.0-win32-x64\jre\17.0.4.1-win32-x86_64\bin\nio.dll
0x00007ffb423e0000 - 0x00007ffb423f0000 	c:\Users\AK59584\.vscode\extensions\redhat.java-1.12.0-win32-x64\jre\17.0.4.1-win32-x86_64\bin\verify.dll
0x00007ffb43510000 - 0x00007ffb43519000 	C:\Users\AK59584\.vscode\extensions\redhat.java-1.12.0-win32-x64\jre\17.0.4.1-win32-x86_64\bin\management.dll
0x00007ffb43500000 - 0x00007ffb4350b000 	C:\Users\AK59584\.vscode\extensions\redhat.java-1.12.0-win32-x64\jre\17.0.4.1-win32-x86_64\bin\management_ext.dll
0x00007ffb27550000 - 0x00007ffb27567000 	C:\Windows\system32\napinsp.dll
0x00007ffb27530000 - 0x00007ffb2754b000 	C:\Windows\system32\pnrpnsp.dll
0x00007ffb494a0000 - 0x00007ffb494b5000 	C:\Windows\system32\wshbth.dll
0x00007ffb4a0d0000 - 0x00007ffb4a0ed000 	C:\Windows\system32\NLAapi.dll
0x00007ffb26ca0000 - 0x00007ffb26cb2000 	C:\Windows\System32\winrnr.dll
0x00007ffb42830000 - 0x00007ffb4283a000 	C:\Windows\System32\rasadhlp.dll
0x00007ffb43d90000 - 0x00007ffb43e10000 	C:\Windows\System32\fwpuclnt.dll
0x00007ffb4f280000 - 0x00007ffb4f2a7000 	C:\Windows\System32\bcrypt.dll
0x00007ffb4e7b0000 - 0x00007ffb4e7c8000 	C:\Windows\SYSTEM32\CRYPTSP.dll
0x00007ffb4dd10000 - 0x00007ffb4dd44000 	C:\Windows\system32\rsaenh.dll
0x00007ffb4ed60000 - 0x00007ffb4ed8e000 	C:\Windows\SYSTEM32\USERENV.dll
0x00007ffb4e670000 - 0x00007ffb4e67c000 	C:\Windows\SYSTEM32\CRYPTBASE.dll
0x00007ffb44600000 - 0x00007ffb44617000 	C:\Windows\SYSTEM32\dhcpcsvc6.DLL
0x00007ffb44740000 - 0x00007ffb4475d000 	C:\Windows\SYSTEM32\dhcpcsvc.DLL

dbghelp: loaded successfully - version: 4.0.5 - missing functions: none
symbol engine: initialized successfully - sym options: 0x614 - pdb path: .;c:\Users\AK59584\.vscode\extensions\redhat.java-1.12.0-win32-x64\jre\17.0.4.1-win32-x86_64\bin;C:\Windows\SYSTEM32;C:\Windows\WinSxS\amd64_microsoft.windows.common-controls_6595b64144ccf1df_6.0.19041.1110_none_60b5254171f9507e;C:\Program Files\McAfee\DLP\Agent;C:\Program Files\McAfee\Endpoint Security\Threat Prevention\Ips;c:\Users\AK59584\.vscode\extensions\redhat.java-1.12.0-win32-x64\jre\17.0.4.1-win32-x86_64\bin\server

VM Arguments:
jvm_args: -Dsts.lsp.client=vscode -Dsts.log.file=/dev/null -XX:TieredStopAtLevel=1 -Xlog:jni+resolve=off -Dspring.config.location=file:c:\Users\AK59584\.vscode\extensions\pivotal.vscode-spring-boot-1.40.0\language-server\BOOT-INF\classes\application.properties 
java_command: org.springframework.ide.vscode.boot.app.BootLanguageServerBootApp
java_class_path (initial): c:\Users\AK59584\.vscode\extensions\pivotal.vscode-spring-boot-1.40.0\language-server\BOOT-INF\classes;c:\Users\AK59584\.vscode\extensions\pivotal.vscode-spring-boot-1.40.0\language-server\BOOT-INF\lib\annotations-23.0.0.jar;c:\Users\AK59584\.vscode\extensions\pivotal.vscode-spring-boot-1.40.0\language-server\BOOT-INF\lib\ant-1.10.12.jar;c:\Users\AK59584\.vscode\extensions\pivotal.vscode-spring-boot-1.40.0\language-server\BOOT-INF\lib\ant-launcher-1.10.12.jar;c:\Users\AK59584\.vscode\extensions\pivotal.vscode-spring-boot-1.40.0\language-server\BOOT-INF\lib\antlr-runtime-3.5.2.jar;c:\Users\AK59584\.vscode\extensions\pivotal.vscode-spring-boot-1.40.0\language-server\BOOT-INF\lib\antlr4-4.9.3.jar;c:\Users\AK59584\.vscode\extensions\pivotal.vscode-spring-boot-1.40.0\language-server\BOOT-INF\lib\antlr4-runtime-4.9.3.jar;c:\Users\AK59584\.vscode\extensions\pivotal.vscode-spring-boot-1.40.0\language-server\BOOT-INF\lib\asm-9.3.jar;c:\Users\AK59584\.vscode\extensions\pivotal.vscode-spring-boot-1.40.0\language-server\BOOT-INF\lib\asm-analysis-9.3.jar;c:\Users\AK59584\.vscode\extensions\pivotal.vscode-spring-boot-1.40.0\language-server\BOOT-INF\lib\asm-tree-9.3.jar;c:\Users\AK59584\.vscode\extensions\pivotal.vscode-spring-boot-1.40.0\language-server\BOOT-INF\lib\asm-util-9.3.jar;c:\Users\AK59584\.vscode\extensions\pivotal.vscode-spring-boot-1.40.0\language-server\BOOT-INF\lib\byte-buddy-1.12.13.jar;c:\Users\AK59584\.vscode\extensions\pivotal.vscode-spring-boot-1.40.0\language-server\BOOT-INF\lib\caffeine-2.9.3.jar;c:\Users\AK59584\.vscode\extensions\pivotal.vscode-spring-boot-1.40.0\language-server\BOOT-INF\lib\checker-qual-3.12.0.jar;c:\Users\AK59584\.vscode\extensions\pivotal.vscode-spring-boot-1.40.0\language-server\BOOT-INF\lib\classgraph-4.8.149.jar;c:\Users\AK59584\.vscode\extensions\pivotal.vscode-spring-boot-1.40.0\language-server\BOOT-INF\lib\commons-codec-1.15.jar;c:\Users\AK59584\.vscode\extensions\pivotal.vscode-spring-boot-1.40.0\lang
Launcher Type: SUN_STANDARD

[Global flags]
     intx CICompilerCount                          = 4                                         {product} {ergonomic}
     uint ConcGCThreads                            = 2                                         {product} {ergonomic}
     uint G1ConcRefinementThreads                  = 8                                         {product} {ergonomic}
   size_t G1HeapRegionSize                         = 2097152                                   {product} {ergonomic}
    uintx GCDrainStackTargetSize                   = 64                                        {product} {ergonomic}
   size_t InitialHeapSize                          = 266338304                                 {product} {ergonomic}
   size_t MarkStackSize                            = 4194304                                   {product} {ergonomic}
   size_t MaxHeapSize                              = 4234149888                                {product} {ergonomic}
   size_t MaxNewSize                               = 2539651072                                {product} {ergonomic}
   size_t MinHeapDeltaBytes                        = 2097152                                   {product} {ergonomic}
   size_t MinHeapSize                              = 8388608                                   {product} {ergonomic}
    uintx NonProfiledCodeHeapSize                  = 0                                      {pd product} {ergonomic}
     bool ProfileInterpreter                       = false                                  {pd product} {command line}
    uintx ProfiledCodeHeapSize                     = 0                                      {pd product} {ergonomic}
   size_t SoftMaxHeapSize                          = 4234149888                             {manageable} {ergonomic}
     intx TieredStopAtLevel                        = 1                                         {product} {command line}
     bool UseCompressedClassPointers               = true                           {product lp64_product} {ergonomic}
     bool UseCompressedOops                        = true                           {product lp64_product} {ergonomic}
     bool UseG1GC                                  = true                                      {product} {ergonomic}
     bool UseLargePagesIndividualAllocation        = false                                  {pd product} {ergonomic}

Logging:
Log output configuration:
 #0: stdout all=warning,jni+resolve=off uptime,level,tags
 #1: stderr all=off uptime,level,tags

Environment Variables:
JAVA_HOME=C:\Program Files\Java\jdk1.8.0_91\bin
PATH=C:\Program Files (x86)\Common Files\Oracle\Java\javapath;C:\Windows\system32;C:\Windows;C:\Windows\System32\Wbem;C:\Windows\System32\WindowsPowerShell\v1.0\;C:\Windows\System32\OpenSSH\;C:\Program Files\PuTTY\;C:\ProgramData\Oracle\Java\javapath;";C:\Program Files\Android\Android Studio\tools;C:\Program Files\Android\Android Studio\platform-tools";C:\Program Files\Java\jdk1.8.0_91\bin;";C:\Program Files\Java\jdk1.8.0_91\bin\bin";C:\Program Files\nodejs\;C:\Program Files\Git\cmd;C:\Program Files\MySQL\MySQL Shell 8.0\bin\;C:\Users\AK59584\AppData\Local\Microsoft\WindowsApps;C:\Users\AK59584\AppData\Roaming\npm;C:\Users\AK59584\AppData\Local\Programs\Microsoft VS Code\bin
USERNAME=AK59584
OS=Windows_NT
PROCESSOR_IDENTIFIER=Intel64 Family 6 Model 142 Stepping 12, GenuineIntel
TMP=C:\Users\AK59584\AppData\Local\Temp
TEMP=C:\Users\AK59584\AppData\Local\Temp



---------------  S Y S T E M  ---------------

OS:
 Windows 10 , 64 bit Build 19041 (10.0.19041.1889)
OS uptime: 10 days 7:09 hours
Hyper-V role detected

CPU: total 8 (initial active 8) (4 cores per cpu, 2 threads per core) family 6 model 142 stepping 12 microcode 0xf0, cx8, cmov, fxsr, ht, mmx, 3dnowpref, sse, sse2, sse3, ssse3, sse4.1, sse4.2, popcnt, lzcnt, tsc, tscinvbit, avx, avx2, aes, erms, clmul, bmi1, bmi2, adx, fma, vzeroupper, clflush, clflushopt, hv

Memory: 4k page, system-wide physical 16144M (1299M free)
TotalPageFile size 46605M (AvailPageFile size 165M)
current process WorkingSet (physical memory assigned to process): 423M, peak: 423M
current process commit charge ("private bytes"): 457M, peak: 757M

vm_info: OpenJDK 64-Bit Server VM (17.0.4.1+1) for windows-amd64 JRE (17.0.4.1+1), built on Aug 17 2022 07:42:43 by "temurin" with MS VC++ 16.7 (VS2019)

END.
